nohup: ignoring input
邱瑞克 Qiu Ruike 
德岛市 Tokushima City 
宜秀区 Yixiu District 
尼克·布鲁德 Nick Bruder 
普瓦捷伯爵 Count of Poitiers 
齐桥桥 Qiqiaoqiao 
萨朱尔河 Sajur River 
李永金 Li Yongjin 
威尔·莱特 Will Wright 
拉尼尔·维克勒马辛哈 Lanier Vikler Masingha 
鲑川村 Salmon Kawamura 
逆拍 Back shot 
斯蒂利亚诺斯·帕塔科斯 Stilianos Patakos 
申智 Shen Zhi 
巴尔布·斯蒂尔贝 Barb Steele 
马南马什扬迪俱乐部 Manan Masyandi Club 
沃尔特·惠特曼 Walt Whitman 
克林顿·哈特·梅里厄姆 Clinton Hart Merriam 
杰夫·平克纳 Jeff Pinckner 
尼罗河 Nile 
amobi_okugo amobi_okugo 
桃莉·巴顿 Dolly Button 
索菲娅·维加拉 Sophia Vergara 
中星6b Middle star 6b 
镰田次郎 Jiro Kamata 
突厥语 Turkic 
阿尔弗雷德·拉塞尔·华莱士 Alfred Russell Wallace 
拦截机 Interceptor 
彼得·米罗诺维奇·马谢罗夫 Peter Mironovich Maserov 
张仟萦 Zhang Qianying 
加休曼努 Gasiumanu 
arj21 Postpone 1 
灵龟 Ling tortoise 
祖拉布·诺盖德利 Zurab Nogadli 
古莱什 Gules 
洛迪基安尼足球会 Lodicchiani Football Club 
邓艾 Deng Ai 
郭光琪 Guo Guangqi 
克莉丝蒂·维尔萨克 Kristi Vilsack 
雷德 Red 
威廉·弗莱明 William Fleming 
皇贵妃 Imperial concubine 
雷布尼克 Rebnik 
维塔利·克利奇科 Vitali Klicko 
王文清 Wang Wenqing 
复古主义 Retroism 
丹尼斯·道加德 Dennis Dougard 
施特劳乌布·费伦茨·布鲁诺 Straub Ferenz Bruno 
吴秀妍 Wu Xiuyan 
爱德华·麦斯 Edward Max 
古驰 Gucci 
鲣鸟 Boobies 
米奇·库普切克 Mickey Kupchak 
韦尼奥 Vegno 
林姿妙 Lin Zimiao 
周国良 Zhou Guoliang 
杜布罗夫尼克 Dubrovnik 
艾迪尔联足球会 Airdrie United Football Club 
李范俊 Li Fanjun 
拉伊夫·巴达维 Raif Badawi 
韩震 Han Zhen 
摇座 Rocking seat 
帕拉纳瓦伊 Paranawai 
梁家仁 Liang Jiaren 
锺雪儿 Zhong Xueer 
哥伦布峰 Columbus peak 
猪濑直树 Inose Naoki 
黄家泉 Huang Jiaquan 
贝迪克斯 Bedix 
杰克·多西 Jack Dorsey 
四照花 Four photos flowers 
阿布都·拉希德·杜斯塔姆 Abdul Rashid Dostum 
范·莫克 Van Mok 
基萨尔 Kisar 
山本康裕 Kosuke Yamamoto 
埃维人 Ewe 
威廉·皮尔斯·罗杰斯 William Pierce Rogers 
奥埃拉什 Oeiras 
卡洛斯·维加 Carlos Vega 
安茹伯爵 Count of Anjou 
罗密欧·勒布朗 Romeo LeBlanc 
奥妲塔 Oda Tower 
王潮 Wang Chao 
菲力克斯·施泰纳 Felix Steiner 
特米尔 Temir 
安-32 An-32 
邓弗姆林 Dunfermline 
约翰·里瑟 John Risser 
妙高市 Myoko 
阮辉雄 Ruan Huixiong 
柳营区 Liuying District 
罗德里戈·拉托 Rodrigo Rato 
森布隆 Semblon 
美祢市 Mine City 
福原京 Fukuhara Kyo 
高特 Gott 
蔡振华 Cai Zhenhua 
乔治·里德 George Reid 
杰基·艾克斯 Jackie Ax 
黄秋燕 Huang Qiuyan 
阿拉贡塔·冈萨雷斯 Aragona Gonzalez 
海兰泡 Blagoveshchensk 
格里高兹·科里乔维亚克 Grigoz Koricovic 
索林·坎佩亚努 Solin Campeanu 
詹姆斯·伍德 James Wood 
宫尾俊太郎 Shuntaro Miyao 
柏庭清祖 Bo Ting Qing Zu 
梁文宗 Liang Wenzong 
古斯尼亚 Gusnia 
贝拉·马尔科 Bella Marco 
东淀川区 Dongdianchuan District 
扬·迪克·范德哈尔滕 Jan Dick Van der Halten 
彼得·杰勒 Peter Jeller 
阿什顿·库奇 Ashton Kutcher 
五马街 Wuma Street 
明乔·涅伊切夫 Minjo Neychev 
图尔 Tours 
哈里·斯塔克·沙利文 Harry Stark Sullivan 
利华·汉拔图 Lihua Humbarto 
莫里斯·德让 Maurice Dejean 
约翰·科顿·史密斯 John Cotton Smith 
潘源良 Pan Yuanliang 
笛吹市 Fuefuki 
鱼津市 Uozu City 
孔令晟 Kong Lingsheng 
诚宁大君 Maharaja Chengning 
柏达夫达 Padavda 
青岛市弘诚体育场 Qingdao Hongcheng Stadium 
安德雷伊·佩尔涅茨基 Andrey Pernetski 
查德·史密斯 Chad Smith 
大卫·赫利 David Hurley 
邦迪 Bondi 
三井吉正 Yoshimasa Mitsui 
穆罕默德·阿里·哈基姆 Muhammad Ali Hakim 
丰塞卡湾 Fonseca, b. de 
凯尼斯・弗美尔 Kenis Vermeer 
奕继 Yi Ji 
粱朝伟 Liang Chaowei 
史顿禾尔 Stonewall 
谢敏洋 Xie Minyang 
张慧贤 Zhang Huixian 
傣语 Dai language 
林蔚山 Lin Weishan 
沃尔特·贝伦特 Walter Berente 
黄冯义 Huang Fengyi 
乍得湖 Lake Chad 
庶妃杨氏 Concubine Young 
阿列克谢·切皮奇卡 Alexei Cepicka 
黄奕炳 Huang Yibing 
伊万·什尼尔茨 Ivan Shniltz 
洛龙区 Luolong District 
巴布海 Babhai 
禾马卡 Homaka 
苏德良 Su Deliang 
伊丽莎白·斯莱登 Elizabeth Slayden 
辜振甫 Gu Zhenfu 
林永乐 Lin Yongle 
捷秋希 Tetyushi Aki 
简宁 Janine 
卢迪亚纳 Ludhiana 
沃尔特·布莱特 Walter Bright 
基吉宫 Kigi Palace 
马利兰州 Maryland 
慎贵人 Shen Guiren 
赖慕布 Laimbu 
铁路局 Railway Bureau 
罗德·佩奇 Rod Page 
约翰·吉尔伯特·怀南特 John Gilbert Winant 
迈克尔·法兰德·班纳特 Michael Flander Bennet 
sts-61-c sts-61-c 
仁化县 Renhua County 
荣嫔 荣嫔 
陶里亚蒂 Togliatti 
吉恩惠 Ji Eunhui 
史迪格·拉森 Stig Larson 
苏莱曼·切莱比 Suleiman Çelebi 
宫本直人 Miyamoto Naoto 
比利牛斯山 Pyrenees 
闽北 North Fujian 
罗美薇 Luo Meiwei 
费边社 Fabian Society 
美迪·宾拿迪亚 Medie Binardia 
织田于振 Oda Yuzhen 
苏珊·道尼 Susan Downey 
戈族 Goh 
查利·帕克 Charlie Parker 
第12师团 12th Division 
米泽令衣 Yonezawa Rei 
切斯特·尼米兹 Chester Nimitz 
阿提夫·西德基 Atif Sidki 
黄义助 Huang Yisuke 
马利克·米拉吉·哈立德 Malik Mirage Khalid 
こもわた遥华 Haruka Komowata 
伊恩·麦卡达米 Ian McCardami 
拉多耶.孔蒂奇 Radoje Kontic 
库尔斯克 Kursk 
李小林 Li Xiaolin 
尼克·泰德 Nick Ted 
齐鲁尔·拉赫曼 Qiruul Rahman 
海陵区 Hailing District 
卡里忒斯 Calites 
熊谷站 Kumagaya Station 
保芬 Baofen 
塞梅鲁火山 Semeru volcano 
神学家 Theologian 
阿里·纳赛尔 Ali Nasser 
摩根·刘易斯 Morgan Lewis 
西斯班尼亚 Sisbanya 
file:ghibli.png file:ghibli.png 
博根县 Bogen County 
cbu-59 cbu - 59 
乔治·盖瑞 George Gary 
艾莲·朋佩欧 Elaine Pompeo 
利尔 Lil 
阮俊孟 Ruan Junmeng 
林干雄 Lin Ganxiong 
萨特延德拉·纳特·玻色 Satyandra Nat Bose 
埃布尔·p·厄普舍 Abel P. Upsher 
玛姬·格蕾斯 Maggie Grace 
大觉寺义昭 Daikaku Temple Yoshiaki 
布兰顿·罗伊 Brandon Roy 
三木市 Miki City 
奥托·弗朗茨 Otto Franz 
瓦西．里耶夫 Vathy. Riev 
池泽公隆 Kotaka Ikezawa 
吉俊民 Ji Junmin 
法兰西菊 French Chrysanthemum 
卫报 Guardian 
兰屿乡 Lanyu Township 
梅兰妮·林斯 Melanie Lins 
伊万·阿尔希波夫 Ivan Arkhipov 
科兰太因河 Corentine River 
马克西姆·费尔哈根 Maxim Verhagen 
奥托·席利 Otto Sealy 
林哲宇 Lin Zheyu 
风弗洛 Wind Flo 
严侨 Yan Qiao 
东平县 Dongping County 
庞克蓝调 Punk Blues 
收割者 Reaper 
亚历山大·勃洛克 Alexander Blok 
哈伊里·塞拉尔·阿塔梅尔 Hairi Seral Atamer 
藤原惺窝 Fujiwara Hirawo 
香村纯子 Komura Junko 
陈类 Chen class 
孙婉 Sun Wan 
东基尔布莱德 East Kilbride 
马蒂亚斯·埃特里希 Matthias Etrich 
保罗·卢卡斯 Paul Lucas 
扎因·乌尔德·扎伊丹 Zain Ould Zaidan 
马伊姆·拜力克 Mayem Bailik 
东照宫站 Tosho Palace Station 
file:battlefeverj.png file:battlefeverj.png 
英格藩丙组联赛 England League C 
奔驰slr Mercedes slr 
卡图卢斯 Catullus 
吴桂英 Wu Guiying 
若茵维莱 Joinville 
林燕飞 Lin Yanfei 
周光召 Zhou Guangzhao 
阿希尔·戈尔基 Ahir Gorki 
威廉·博斯托克 William Bostock 
杰森·鲁宾 Jason Rubin 
益山司 Tsukasa Masuyama 
定妃 Dingfei 
金丙旭 Jin Bingxu 
林更新 Lin update 
李浩杰 Li Haojie 
原子鏸 Atomium 
古殿町 Furudono Town 
咆勃爵士乐 Roar jazz 
伊邦·古迪雷斯 Ibong Gudires 
艾莉雅·巴特 Alia Bart 
艾瑞克·费纳 Eric Feiner 
彭桓武 Peng Huanwu 
布奇·维格 Butch Wig 
伯图斯 Bertus 
施翔 Shi Xiang 
纪朝川 Ji Chaochuan 
摩罗西亚 Morosia 
保尔·霍尔巴赫 Paul Holbach 
萨斯喀彻温党 Saskatchewan Party 
永修县 Yongxiu County 
阿卜杜勒·拉赫曼 Abdul Rahman 
春兰 Chunlan 
哈里·霍尔克里 Harry Holkeri 
乌颜·旺楚克 Uyan Wangchuk 
陈嘉宝 Chen Jiabao 
平内町 Hiranai Town 
利贝雷茨州 Liberec Region 
梅伦加 Melenga 
李安·路斯 Lee Ann Luth 
内村圭宏 Yoshihiro Uchimura 
马重英 Ma Chongying 
洛洛·莱塔卢·马塔拉西·莫利加 Lolo Letalu Matarasi Moliga 
哈巴尼亚湖 Habania, l. 
约翰·丹福斯 John Danforth 
陈家骏 Chen Jiajun 
切斯瓦夫·雅尼茨基 Cheslaw Janitsky 
布莱特·布朗 Bright Brown 
帕夫洛·伊万诺维奇·拉扎连科 Pavlo Ivanovich Lazarenko 
陈东 Chen Dong 
玻利瓦尔主义 Bolivarianism 
陈嘉仪 Chen Jiayi 
许培山 Xu Peishan 
大网白里市 Dawangbaili 
卢卡斯·瓦哈 Lucas Waha 
康斯坦丁·罗科索夫斯基 Konstantin Rokosowski 
宜城市 Yicheng 
桑德拉·威尔森 Sandra Wilson 
谷口贤志 Kenshi Taniguchi 
席拉斯马 Silasma 
玫贵妃 Mei Guifei 
维罗尼卡·卡斯滕斯 Veronica Carstens 
艾耶奴格巴 Ayenugba 
李庭芝 Li Tingzhi 
戴特达 Detteda 
积·邓肯 Jay Duncan 
杨诗敏 Yang Shimin 
刘志远 Liu Zhiyuan 
香农河 Shannon River 
萨尔曼·鲁西迪 Salman Rushdie 
苏恰瓦 Suceava 
约翰·f·甘迺迪 John F. Kennedy 
弗兰克·d·怀特 Frank D. White 
金贵人 Jin Guiren 
安妮·海瑟薇 Anne Hathaway 
李小敏 Li Xiaomin 
伯纳德·阿尼西奥·卡尔德拉·杜阿尔特 Bernard Anisio Caldera Duarte 
石宗源 Shi Zongyuan 
田中丽奈 Rena Tanaka 
史帝芬·罗素 Stephen Russell 
枪炮侯 Guns 
阿内斯·哈乌尔迪奇 Anes Haurdic 
米高·特威迪 Michael Tweedy 
菲利普·梅兰希通 Philip Melanchton 
帕纳多里高斯 Panardo Rigos 
告鲁夫盾 Sue Rufu Shield 
林美宝 Lin Meibao 
施安尼 Shiani 
唐·麦克林 Don McLean 
斯温顿 Swindon 
f·m·亚历山大 f.m. Alexander 
谦陵 Qianling 
赫卢钦区 Hluchin District 
继室 Next room 
右门青寿 Youmen Qingshou 
莉萨·埃德尔斯坦 Lisa Edelstein 
汉森录音室 Hansen Studio 
云贺尔维伦 Yunher Velen 
乔丹·艾略特 Jordan Elliott 
迪米杜夫 Dimidov 
古晋 Kuching 
花见川区 Hanamigawa District 
亚历山大·阿克肖诺夫 Alexander Akshonov 
堀川亮 Ryo Horikawa 
康斯坦察县 Constanta County 
罗宫 Luo Gong 
艾迪纳尔多·戈麦斯·佩雷拉 Edinardo Gomez Pereira 
编舞 choreographer 
艾斯特云 Astor Cloud 
尼古拉·托多罗夫 Nikolai Todorov 
林长民 Lin Changmin 
本尼维斯山 Ben Nevis 
帕奥克 Paok 
马南蒂·西托姆普尔 Mananti Sittompur 
啄木鸟科 Woodpecker 
威廉·f·怀庭 William F. Whiting 
津田尚克 Naokatsu Tsuda 
塞文河 Severn 
宫崎泰景 Miyazaki Taiken 
契堡格 Cheburger 
布兰科·米库利奇 Blanco Mikulic 
斯通·歌萨德 Stone Gossard 
阿明·侯赛尼 Amin Husseini 
济源市 Jiyuan City 
圣安东尼奥雷阿尔城 San Antonio Real 
318年 318 years 
贝弗利·伦道夫 Beverly Randolph 
卡瓦拉蒂 Cavallati 
普拉克 Plaque 
波姆 Pom 
谢凌洁贞 Xie Lingjiezhen 
孟加拉塔卡 Bangladeshi Taka 
布城 Putrajaya 
梁敬国 Liang Jingguo 
奥辛奴·迪告鲁斯 Osino Degurus 
丹尼尔·艾利斯 Daniel Ellis 
凯文·哈里斯 Kevin Harris 
下妻市 Shimotsuma City 
阿都拉曼阿里芬 Abdul Rahman Ariffin 
柯长珠 Ke Changzhu 
米基·威 Mickey Way 
航空器 Aircraft 
武岭 Wuling 
穆尔德河 Mulder 
克尔科诺谢山 Karkonosze 
卡米拉·帕格利亚 Camilla Paglia 
三立新闻台 Sanli News Channel 
马君 Ma Jun 
加那利西班牙语 Canary Spanish 
耶律直鲁古 Yeluzhilugu 
永康区 Yongkang District 
i-hits i-hits 
义式浩室 House music room 
汉斯·富勒 Hans Fuller 
奇罗奥斯 Chiroos 
印多尔 Indore 
蓝贵人 Blue nobleman 
维多利亚·贝克汉姆 Victoria Beckham 
奥林匹亚·史诺 Olympia Snow 
拜龙·辛格·谢卡瓦特 Byron Singh Shekawat 
东野圭吾 Keigo Higashino 
薄熙宁 Bo Xining 
第10师团 10th Division 
尼普顿 Neptune 
朴喜撤 Park Xige 
佐仓市 Sakura City 
圣笼町 Holy cage 
乌斯季州 Usti 
铃木hatch Suzuki hatch 
瑙鲁语 Nauru 
卡拉索省 Carasso 
布拉德·佩尼 Brad Penney 
夏路斯 Shalus 
托马什·亚布隆斯基 Tomas Yablonski 
布尔代数 Boolean algebra 
大卫·林贝尔斯基 David Limbersky 
詹姆斯·米歇尔·柯利 James Michelle Curley 
玛丽亚·伊利尼奇娜 Maria Illinichna 
保罗·孔恩 Paul Conn 
加兹尼 Ghazni 
杰洛德·威 Gerald Way 
卡诺比奥 Canobio 
叶铭怡 Ye Mingyi 
约瑟夫·道尔顿·胡克 Joseph Dalton Hooker 
特级上将 Super general 
詹尼·因凡蒂诺 Gianni Infantino 
法兹诺 Fazno 
陈彦丰 Chen Yanfeng 
乔伊·克雷默 Joey Kramer 
丹尼斯·纳凡 Dennis Navan 
哈斯奥齐尔·鲁布桑道尔吉 Hasozil Rubsandorji 
森惠 Mori 
济州世界杯竞技场 Jeju World Cup Stadium 
谢培清 Xie Peiqing 
山鹿市 Yamaga 
崛河俊大 Hororkawa Toshidai 
萨摩亚人 Samoans 
埃德蒙·利奇 Edmund Leach 
y-12 y-12 
奥斯卡·黎巴斯·雷格 Oscar Ribas Leigh 
阿尔贝特·凯塞林 Albert Kesselin 
潘泰人 Pantai 
古泽·卡萨尔 Guze Casal 
卡雷尔·爱尔本 Karel Elburn 
佐桥俊彦 Toshihiko Sahashi 
安堵町 Ando 
benue-congo benue-congo 
终战诏书 Edict of the End of the War 
安娜·埃斯科贝多·卡布拉尔 Anna Escobedo Cabral 
唐妮·布蕾斯顿 Donnie Breston 
祖舒亚·苏迪里奥 Zushua Sudirio 
健陵 Jianling 
艾美·罗森 Emmy Rosen 
张孝威 Zhang Xiaowei 
塞斯诺克 Cessnock 
阿纳托利·卢科亚诺夫 Anatoly Lukyanov 
艾方斯 Alfons 
云贵人 Yungui 
曲靖话 Qujing Dialect 
阿吉巴·丹增 Ajiba Tenzin 
小卢卡斯·克拉纳赫 Lucas Cranach Jr 
西里西亚省 Silesia 
linux-libre linux-free 
李明坤 Li Mingkun 
阿留特语 Aleutian 
file:yang_kaihui.jpg file: Yang_Meeting.jpg 
阿布特里卡 Abtrika 
卡尔·瓦尔德马·布朗斯纳斯 Carl Valdemar Bronsners 
莫达尔爵士乐 Modal Jazz 
玉木宏 Hiroshi Tamaki 
许镜清 Xu Jingqing 
张文英 Zhang Wenying 
拉迪斯拉夫·克雷西 Ladislav Cresi 
韦利亚镇 Villa Velha 
杨大宝 Yang Dabao 
哈萨克斯坦坚戈 Kazakhstan tenge 
廖均健 Liao Junjian 
莎拉·荷巴特女爵 Lady Sarah Hobart 
庶妃巴氏 Concubine Pap 
卢克丽霞·鲁道夫 Lucretia Rudolph 
奥利花·辛伦尼卡 Olivier Sinlenica 
伊莱贾·伍德 Elijah Wood 
高域 High range 
佛洛伊德·罗斯 Freud Rose 
pa-risc PA-RISC 
金斗炫 Kim Doo Hyun 
奥斯曼·舍菲克·伊南 Osman Shafic Inan 
格赖夫斯瓦尔德 Greifswald 
紫阳花 Hydrangea 
比尔·里特 Bill Ritter 
森昌子 Masako Mori 
克娄巴特拉·欧律狄刻 Cleopatra Eurydice 
卫藏 Eizo 
沃尔玛 Walmart 
尼尔·柏德烈·夏里斯 Neil Patrick Charis 
佩德罗·桑塔纳·洛佩斯 Pedro Santana Lopez 
露茜·盖泽尔 Lucy Geisel 
石田彰 Akira Ishida 
乔治·坎贝尔·斯科特 George Campbell Scott 
刘继恩 Liu Jien 
罗德西亚镑 Rhodesian Pound 
铁片琴 Glockenspiel 
诺哈·冯沙万 Noha Vonchawan 
保加利亚人 Bulgarian 
埃德温·塞缪尔·蒙塔古 Edwin Samuel Montagu 
安立奎·伊格莱西亚斯 Enrique Iglesias 
赫拉省 Hera 
切斯瓦夫·基什查克 Cheslaw Kishchak 
锺荣吉 Zhong Rongji 
威廉·珀金 William Perkin 
谢胡·沙加里 Shehu Shagari 
nu-disco no disco 
芳贺町 Haga Town 
约瑟夫·托绍夫斯基 Joseph Tosovsky 
岛田祐辉 Yusuke Shimada 
法维奥 Favio 
苏巧慧 Su Qiaohui 
北斗市 Beidou City 
浑台吉 Kuntaiji 
亚瑟·德拉克福德 Arthur Druckford 
格雷格·阿博特 Greg Abbott 
奥克兰 Auckland 
凌志 Lexus 
中岛美雪 Miyuki Nakajima 
安托南·阿尔托 Antonin Alto 
児岛惣次郎 Soujiro Kojima 
函式库 Library 
莫路麦维 Mollumewi 
安妮·勃朗特 Anne Bronte 
警界线 Police line 
拉拉·拉蒂法 Lara Latifah 
房山区 Fangshan District 
萨罗 Salo 
西敏市 Westminster 
无耻之徒 shameless 
蚬贝 Clam shell 
哈桑·舍夫凯特·阿达兰 Hassan Shefkate Adalan 
归纳法 Induction 
蒋琬 Jiang Wan 
艾特亚 Aitya 
mun2 from U.S 
亚当·克雷顿 Adam Clayton 
娜芙娜芙鲁阿顿 Navona Fruatton 
谢法臣·泰利斯 Xie Fachen Thales 
乌鲁木齐站 Urumqi Railway Station 
秋婷 Qiuting 
沧州市 Cangzhou 
滑铁卢区 Waterloo District 
杨汝岱 Yang Rudai 
弗兰克·卡卢奇 Frank Kalucci 
费里特·泰克 Ferrit Teck 
李熙道 Li Xidao 
唐纳德·科恩 Donald Cohen 
沃尔夫冈·斯塔克 Wolfgang Stark 
亨利·布莱奥 Henry Breo 
大娄山 Daloushan 
恩加省 Nga Province 
阿登 Arden 
陈势安 ol 
4dtv 4dtv 
车牌号 number plate 
尼古拉奥斯 Nicholas 
保罗·列维兹 Paul Leviz 
德拉甘·詹科夫 Dragan Jankov 
林孜 Linzi 
弗拉基米尔·加杰夫 Vladimir Gajev 
赤星拓 Taku Akahoshi 
菱电足球队 Ryoden Football Team 
李震 Li Zhen 
杰瑞.马特巴瑞 Jerry Matt Barry 
山田雅树 Yamada Masaki 
保罗·卡迪斯 Paul Cadiz 
麦拉伦mp4-30 McLaren mp4-30 
索永布 Soyombo 
马斯奥·美罗 Masio Miro 
泗洪县 Sihong County 
莫雷贝省 Morebe 
ayad_allawi ayad allawi 
水野清 Mizuno Kiyoshi 
贵人纳喇氏 Nara's 
蒂姆·赖斯 Tim Rice 
迈拉杰·哈立德 Malaj Khalid 
马拉凯 Maracay 
彼得·贝登堡 Peter Badenberg 
阔阔伦 Cocoon 
张睿家 Zhang Ruijia 
马那瓜省 Managua 
推奴 Slave Hunters 
file:akel_logo.png file:akel_logo.png 
伊基托斯 Iquitos 
file:eu-denmark.svg file: eu-denmark.svg 
丹羽大辉 Niwa Daiki 
乔·汉姆 Joe Ham 
允禨 Yunxuan 
勒沃库森 Leverkusen 
史云达 Shi Yunda 
斯塔尼斯拉夫·克希欧 Stanislav Khio 
戴夫·沃尔 Dave Wall 
恩比耶夫 Embiyev 
李明柱 Li Mingzhu 
file:aragon-sicily_arms.svg file:aragon-sicily_arms.svg 
浩德图德 Hot Tudor 
exo-k exo-k 
詹姆士·亚历山大·格林 James Alexander Green 
虞柏浩 Yu Bohao 
file:winner.jpg file:winner.jpg 
file:army-usa-of-09.svg file:army-usa-of-09.svg 
幻舞 Phantom dance 
满满爱意 Full of love 
保罗·尼古拉斯·阿吉拉尔 Paul Nicholas Aguilar 
拉昂 Laon 
奥利维耶·吉夏尔 Olivier Guichard 
昂内塔·费尔特斯科格 Aneta Feltskog 
卡西诺 Cassino 
阿比库斯诺·佐克罗苏约索 Abicusno Zocrosuyoso 
大斯陶尔河 Great stauer 
锁梦楼 Lock Dream Tower 
奥克斯泰体哈语 Oxtai Kazakh 
箫依婷 Xiao Yiting 
本杰明·埃弗雷特·约旦 Benjamin Everett Jordan 
马时亨 Ma Shiheng 
米哈伊尔·图哈切夫斯基 Mikhail Tukhachevski 
路易斯·登菲尔德 Louis Denfield 
张勇 Zhang Yong 
威廉·塞勒姆 William Salem 
缓冲国 Buffer country 
林超贤 Lin Chaoxian 
李永成 Li Yongcheng 
国见町 Kunimi Town 
考姆翁布 Kom Ombo 
甲斐バンド Kai Band 
普兰县 Burang County 
彼得鲁·菲利普 Petru Philip 
简·布鲁威尔 Jane Browell 
遂宁市 Suining City 
米什科尔茨 Miskolc 
佩特尔·帕夫利克 Patel Pavlik 
嬉皮士 hippie 
真崎甚三郎 Jinzaburo Masaki 
约翰·维路斯 John Willus 
马南达·杰哈 Mananda Jeha 
卢卡·德约德耶维奇 Luka Djodjevic 
中村宪刚 Nakamura Kengo 
安德烈亚·布雷德 Andrea Brad 
吴斯怀 Wu Sihuai 
古尔达斯普尔 Guldaspur 
犬山殿 Inuyama-dono 
御林军 Imperial Forest Army 
威廉·弗雷德里克 William Frederick 
静钧 Jing Jun 
吉格梅·旺楚克 Jigme Wangchuk 
摩尔－彭若斯广义逆 Moore-Penrose Generalized Inverse 
阿巴美 Abame 
乱弹阿翔 Luantan Axiang 
矢车菊 Cornflower 
file:bit_name.jpg file:bit_name.jpg 
詹姆斯·海明威 James Hemingway 
奥韦斯霍尔姆 Ovesholm 
谢尔盖·加利茨基 Sergei Galicki 
潘利国 Pan Liguo 
康斯坦丁·科安德 Constantine Coand 
林倛玉 Lin Yuyu 
卢基乌斯·尤尼乌斯·布鲁图斯 Lucius Junius Brutus 
郭正焕 Guo Zhenghuan 
张惠雅 Zhang Huiya 
威廉斯塔德 Willemstad 
贾斯汀·钱柏斯 Justin Chambers 
尼克·霍顿 Nick Horton 
施尔拉治 Schlage 
布莱恩·哈特利 Brian Hartley 
瓦尔纳 Varna 
耶律阿保机 Yeluabaoji 
葵青区足球会 Kwai Tsing District Football Club 
悉尼歌剧院 Sydney Opera House 
陈裕璋 Chen Yuzhang 
埃伦·路易丝·亚克森 Ellen Louise Axon 
桑托斯拉古纳俱乐部 Santos Laguna Club 
翼锋 Wing front 
阿布沙耶夫 Abu Sayyaf 
班捷文·侯比拿 Benjevan Hobina 
明思陵 Ming Siling 
色氨酸 Tryptophan 
铃木雅之 Suzuki Masayuki 
博多之森竞技场 Hakata no Mori Arena 
穋罕默德·迪亚拉 Rhammad Diarra 
游击队体育场 Guerrilla stadium 
阿尔·高尔 Al Gore 
莫哈末阿里鲁斯旦 Mohd Ali Rusdan 
乔传秀 Qiao Chuanxiu 
金源壹 Kingentsu 
约瑟夫·肖米耶 Joseph Chaumier 
楢叶町 Naraha Town 
w:en:darlington w: en: darlington 
永和宫 Yonghe Palace 
图睿 Turui 
灶台 Cooktop 
莱斯·阿斯平 Les Aspin 
马歇尔·奥尔曼 Marshall Allman 
润州区 Runzhou District 
瑞利散射 Rayleigh scattering 
洛伊赫滕贝尔格 Leuchtenberg 
莱妮塔·托伊瓦卡 Lenita Toivaka 
张荣 Zhang Rong 
孟珙 Meng Gong 
博日达尔·米特雷夫 Boždar Mitrev 
瓦尔特·冯·赖歇瑙 Walter von Reichenau 
忠奸人 Loyal traitor 
兴化市 Xinghua 
切尔西女足俱乐部 Chelsea Women's Football Club 
1994年世界杯足球赛 1994 FIFA World Cup 
翁布里亚 Umbria 
梅德斯通 Maidstone 
苏加萨达萨体育场 Sugasadasa Stadium 
坎尼会战 Battle of Canney 
淡路市 Awaji City 
妮莉·费塔朵 Nelly Fittado 
罗杰·约瑟夫·鲍斯柯维奇 Roger Joseph Boskovic 
松冈昌宏 Matsuoka Masahiro 
golf&mike golf&mike 
席格蒙·艾斯纳 Sigmund Eisner 
刚力彩芽 Ayame Goriki 
哈罗公学 Harrow School 
观应 Guan Ying 
丝岛市 Itoshima City 
李光赫 Lee Kwang Hyuk 
吴志明 Wu Zhiming 
善希 Shanxi 
丁文华 Ding Wenhua 
张世杰 Zhang Shijie 
玛格丽塔·波波夫 Margarita Popov 
食雀鹰 Sparrowhawk 
江鹏坚 Jiang Pengjian 
南拉纳克郡 South Lanarkshire 
弗拉德·迪瓦茨 Vlad Divac 
安德雷斯·奥佩尔 Andres Opel 
温德河岭 Wind River Range 
百视达 Blockbuster 
怀化市 Huaihua 
迷幻饶舌 Psychedelic rap 
乌苏里江 Ussuri River 
周梁淑怡 Selina Zhou 
高列特 Golet 
布拉汉姆 Brabham 
王国维 Wang Guowei 
宫锁沉香 Palace Lock incense 
魔幻现实主义 Magical Realism 
拉比亚 Rabia 
艾斯达捷夫斯 Estateevs 
明茂陵 Ming Maoling 
淮阴区 Huaiyin District 
丹阳站 Danyang Railway Station 
圣马丁 Saint Martin 
奎里纳雷宫 Quirinale Palace 
雪莉·柯尔 Shirley Cole 
宫吉拓実 Takumi Sameyoshi 
饭山市 Iiyama City 
拉杰果德 Rajkot 
高职 Higher Vocational Education 
安托万·基赞加 Antoine Kizenga 
马奎斯·孔多塞 Marquis Condorcet 
开塞利 Kayseri 
evyatar_iluz evyatar_iluz 
拉科鲁尼亚省 Province of A Coruna 
丹尼尔·沃特斯 Daniel Waters 
市鸟 City bird 
尼古拉·贺治 Nicolas Hutch 
彼得·艾比臣 Peter Abison 
亚历山德拉·费奥多罗芙娜 Alexandra Feodorovna 
石泰峰 Shi Taifeng 
夏宝龙 Xia Baolong 
萝拉·蒂安提 Laura Dianti 
长滨乡 Changbin Township 
大埔县 Dapu County 
西宫 Nishinomiya 
约翰·卡西米尔·厄恩鲁斯 John Casimir Earnruth 
艾伦·布鲁姆 Alan Bloom 
文当卡 Ventangka 
敖德萨 Odessa 
羊苴咩城 Yangjuaocheng 
权栗 Kwon Kuri 
吉兰丹 Kelantan 
查琳·易 Charlene Yi 
姜胜允 Jiang Shengyun 
kc-10加油机 kc-10 tanker 
朱国梁 Zhu Guoliang 
卡梅隆·莫纳汉 Cameron Monaghan 
莫斯科州州歌 Moscow State Song 
本山哲 Satoshi Motoyama 
约翰·迪金森 John Dickinson 
瑞切尔·泰勒 Rachel Taylor 
马斯利奖 Masley Award 
竹田市 Taketa City 
德尔斐 Delphi 
达米安·韦恩 Damian Wayne 
迈克尔·亚伯拉什 Michael Abrash 
李朗秋 Li Langqiu 
尤丽娅·季莫申科 Yulia Tymoshenko 
顿涅茨克市 Donetsk 
索拉塞尼俗语 Solarseni Sayings 
马塞卢区 Maseru District 
亚布洛内茨 Jablonec 
勒内·科提 Rene Corti 
file:mszmp.svg file:mszmp.svg 
丁伟 Ding Wei 
file:sapporo-city-hall-01.jpg file:sapporo-city-hall-01.jpg 
噶勒藏多尔济 Galzandorzi 
北部省 Northern Province 
陈建龙 Chen Jianlong 
羊羊运动会 Goat Games 
黄剑涛 Huang Jiantao 
塔吉克斯坦索莫尼 Somoni, Tajikistan 
诺基亚lumia_625 Nokia lumia_625 
根纳季·伊万诺维奇·亚纳耶夫 Gennady Ivanovich Yanayev 
骆应钧 Luo Yingjun 
荷森斯 Horsens 
anxo_carro体育场 anxo_carro stadium 
周耀辉 Zhou Yaohui 
埃尔朗根 Erlangen 
维克托·格奥尔基耶维奇·库利科夫 Viktor Georgievich Kulikov 
塞西莉·内维尔 Cecily Neville 
许萨梅丁·厄兹坎 Husamedine Ozkan 
挪威海 Norwegian sea 
霍守业 Huo Shouye 
陈启亨 Chen Qiheng 
会计师 Accountant 
洛里克·简拿 Lorik Janner 
清福陵 Qingfuling 
罗伯特·朱利安·本特利 Robert Julian Bentley 
吉森信 Giessen 
湿婆神军党 Shiva Army Party 
斯拉维萨·乔卡诺维克 Slavisa Chokanovic 
布卢瓦 Blois 
吴文芝 Wu Wenzhi 
庞丘·维拉 Poncho Vera 
蒂龙郡 County Tyrone 
雷蒙尼·史尼奇 Raymond Snitch 
普鲁士语 Prussian 
det·沙尼翁 det chagnon 
白芳芹 Bai Fangqin 
北泰语 Northern Thai 
张学忠 Zhang Xuezhong 
莱恩·墨菲 Ryan Murphy 
德路固语 De Lugu 
阿娜斯塔西亚·费拉托娃 Anastasia Ferratova 
克里斯蒂安·林德纳 Christian Lindner 
花牌情缘 Flower Love 
雪伦·梅·迪士尼 Sharon May Disney 
姬侍 Ji Shi 
川内村 Kawauchi Village 
古螺城 Guluocheng 
罗伯特·h·迪克 Robert H. Dick 
千贺健永 Chiga Kennaga 
亚努斯·卡明斯基 Yanus Kaminsky 
雅科夫·约瑟福维奇·朱加什维利 Yakov Joseph Djugashvili 
黄辰成 Huang Chencheng 
灵场 Spiritual field 
紫檀殿 Red Sandalwood Hall 
马什哈德 Mashhad 
卡简洛夫斯 Kajanlovs 
克里斯托弗·沃肯 Christopher Walken 
克里斯·休斯 Chris Hughes 
姜智贤 Kang Jixian 
习富平 Xi Fuping 
蒂娜·菲 Tina Fei 
史帝芬·吉伦荷 Stephen Gyllenhaal 
法拉利_f430 Ferrari _f430 
加辛塔士邦 Gasintas 
迈来迪 Melody 
佛莱迪·摩克瑞 Freddie Mercury 
德川纲教 Tokugawa Tsunkyo 
谢斯柏·兰治 Shesper Lange 
范尚德 Van Schand 
卡洛斯·阿里亚斯·纳瓦罗 Carlos Arias Navarro 
宇部市 Ube City 
mtk布达佩斯 mtk budapest 
戴玛 Dema 
塞缪尔·珀迪 Samuel Purdy 
防府市 Hofu City 
石冈市 Ishioka 
大卫·特克舍拉什维利 David Texelashvili 
电击文库 Electric Shock Library 
同海市 Tonghai 
苏内特拉·班达拉奈克 Sunetra Bandaranaike 
奥利弗·埃尔斯沃思 Oliver Ellsworth 
丹麦u21 Denmark u21 
奥伊彭-马尔默迪 Oypen-Malmedy 
特日内茨 Trinets 
休姆伯爵 Earl of Hume 
任亚平 Ren Yaping 
凯文·马格努森 Kevin Magnussen 
阿那斯塔斯·米高扬 Anastas Mikoyan 
郑兆贤 Zheng Zhaoxian 
原川力 Haragawa Riki 
竞秀区 Jingxiu District 
石田峻真 Ishida Junzhen 
cyle_larin cyle larin 
指宿市 Ibusuki City 
莱西·察伯特 Lacey Chabert 
吕克·伊吕西 Luc Ilusi 
阿尔图尔·博鲁茨 Artur Boruz 
夏尔·弗洛克 Charles Flock 
诺夫哥罗德省 Novgorod Province 
姜瑞龙 Jiang Ruilong 
弗拉维娅·佩内塔 Flavia Penetta 
乔治·贝克莱 George Berkeley 
乌尔米耶 Urmier 
斯普林菲尔德 Springfield 
雅斯佩斯 Jaspers 
宝应县 Baoying County 
平泉町 Hiraizumi Town 
千野忠男 Tadao Chino 
彼得·普罗德罗姆 Peter Prodrome 
阿斯里姆达 Asrimda 
卡梅尔海 Carmel Sea 
黄日华 Huang Rihua 
玄铁重剑 Dark Iron Epee 
磅湛省 Kampong Cham Province 
林嘉华 Lin Jiahua 
西索瓦·莫尼列 Sisova Moniere 
威廉·荷顿 William Holden 
撒里台 Sarita 
戴爱玲 Dai Ailing 
卡罗来纳 Carolina 
兴宁市 Xingning City 
威航 Wei Hang 
锡永 Sion 
费利佩·德·马利查勒 Felipe de Malical 
平尾壮 Hirano 
妮科尔·特梅尔 Nicole Temel 
真鲷 Red snapper 
钦察语 Chincha 
葛卷町 Kuzumaki 
奇里基火山 Chiriqui volcano 
洛蒙德湖 Lomond Lake 
克莱佩达区 Klaipeda District 
高洙 Gao Zhu 
危地马拉市 Guatemala City 
德川佐加子 Tokugawa Sakako 
布莱恩·鲍曼 Brian Bowman 
hape_kerkeling hape kerkeling 
鸿巣市 Hung Chi 
基斯·路夫 Keith Lowe 
麻族 Ma 
平秀斗 Hirasuto 
圆山站 Yuanshan Station 
锺离昧 Zhong Limei 
埃里克·海伍德 Eric Haywood 
布洛涅伯爵 Count of Boulogne 
雅罗斯拉夫尔 Yaroslavl 
名东区 Mingdong District 
星象仪 Planetarium 
温哈熊 Winha Bear 
谢天佑 Xie Tianyou 
玛丽·彼得斯 Mary Peters 
古马奴 Gumanu 
呵叻府 Nakhon Ratchasima 
努库阿洛法 Nuku'alofa 
c·c·史美 c·c·Smi 
曼努埃尔·萨特 Manuel Sartre 
彭米锡 Penmisee 
圣赛尔格 Saint Sergue 
内斯特洛夫 Nestrov 
卡洛斯·阿尔贝托 Carlos Alberto 
w:en:rotherham in: en: rotherham 
托尼奥·博尔格 Tonio Bolger 
哥斯达·巴巴路西斯 Costa Barbarus 
出云市 Izumo City 
莫卡伍鲁恩 Moka Wurun 
经纪人 broker 
胡可 Hu Ke 
艾马拉语系 Aymara 
财务长 Chief Financial Officer 
苏希采 Susice 
心计 scheming 
灵璧县 Lingbi County 
萨尔瓦托·罗莎 Salvator Rosa 
伯恩茅斯 Bournemouth 
阿提喀斯·罗斯 Atticus Ross 
史提芬·历斯 Steven Reese 
贝尔莫潘 Belmopan 
陈淑贞 Chen Shuzhen 
云希亚顿 Yun Si Yaton 
约瑟夫·b·斯卡那堤 Joseph B. Skanati 
布莱斯·德维特 Bryce DeWitt 
稻垣吾郎 Inagaki Goro 
天一阁 Tianyi Pavilion 
约翰尼·塞科托 Johnny Sekoto 
约翰·莫尔顿 John Morton 
恩德贝莱语 Ndebele 
黄卓玲 Huang Zhuoling 
威蓝町站 Weilancho Station 
贝达 Beda 
弗里德里希·维勒 Friedrich Weiler 
爱德华·福布斯 Edward Forbes 
李士柏 Li Shibo 
科希马 Koshima 
埃利·乌尔德·穆罕默德·瓦勒 Elie Ould Mohamed Waller 
克里斯托弗·普卢默 Christopher Plummer 
拉赫桑·埃杰维特 Rahsan Ejevit 
池田德澄 Ikeda Tokusumi 
mch竞技场 mch arena 
黎峨 Li E 
铃木厚人 Suzuki Atsushi 
高阳市 Goyang City 
柳成龙 Liu Chenglong 
岩出市 Iwade City 
叶山町 Hayama Town 
micro-dvi micro-dvi 
刘利华 Liu Lihua 
小林大悟 Kobayashi Daigo 
埃地语 Eidi 
蒋家旻 Jiang Jiamin 
祖汉‧安达臣 Zuhan Anderson 
托普史坦利 Top Stanley 
达卡克 Dakak 
海东市 Haidong City 
托马斯·c·哈伯德 Thomas C. Hubbard 
瑞龙院 Ruilongin 
杨培东 Yang Peidong 
奇切斯特 Chichester 
圣战者 Jihadist 
曼陀拉 Mandala 
襄嫔 Helper 
迪维群岛 Divi Islands 
约瑟夫·申克 Joseph Schenk 
国防部长 Secretary of defense 
巴科斯范式 Backus Paradigm 
梅加瓦蒂·苏加诺普翠 Megawati Sukarnoputri 
1月1日 January 1 
科斯图提斯 Costutis 
mig-23战斗机 mig-23 fighter 
镜像 Mirror 
雷东德拉 Redondra 
木岛良辅 Kijima Ryosuke 
瓦尔德马一世 Valdemar I 
库尔特·亨泽尔 Kurt Hensel 
翁帆 Weng Fan 
卡塔琳娜·冯·博拉 Katarina von Bora 
江阴市 Jiangyin City 
波恩·库伊佩尔斯 Bonn Kuipers 
莱拉·弗赖瓦尔兹 Leila Freivalds 
石嘴山市 Shizuishan 
马杜斯 Madus 
乌德穆尔特共和国 Udmurt Republic 
弋阳县 Yiyang County 
php4delphi php4delphi 
斯塔提乌斯 Statis 
kanhoji_angre kanhoji angre 
张学森 Zhang Xuesen 
罗伯特·布兰顿 Robert Brandon 
ep-3侦察机 ep-3 reconnaissance aircraft 
车婉婉 Che Wanwan 
瓯江片 Oujiang film 
桑兰西 Sang Lanxi 
弗拉基米尔.谢尔班 Vladimir Sherban 
汉语系 Department of Chinese 
马自达tribute Mazda tribute 
戈斯拉尔 Goslar 
韩进 Han Jin 
维克多·阿尔弗雷德·特朗普尔·史密斯 Victor Alfred Trumpel Smith 
萨尔托 Salto 
克里奥尔语 Creole 
刘洋洋 Liu Yangyang 
马格德堡 Magdeburg 
约翰·m·海 John M. Hay 
圣梅内乌尔德 Saint meneuuld 
w:en:totiptv w: en: totiptv 
努尔兰·阿不都满金 Nurlan Abdumankin 
归仁市 Qui Nhon City 
彭亨河 Pahang River 
金大浩 Jin Dahao 
阿尔斯特伯爵 Earl of Ulster 
卡尔·霍普夫纳 Carl Hopfner 
朴载范 Park Jae Bum 
sonic.net sonic.net 
海盗号 Viking 
南茜·奥尼尔 Nancy O'Neill 
查尔顿·赫斯顿 Charlton Heston 
斯波义重 Shiba 
布鲁斯·帕维特 Bruce Pavitt 
龟井利克 Kamei Rick 
哥印拜陀 Coimbatore 
林雪 Lin Xue 
史建勇 Shi Jianyong 
威廉·瑞格 William Rigg 
卢卡什·加什帕洛维奇 Lukash Gaspalovic 
德川家重 Tokugawa Ieju 
许文耀 Xu Wenyao 
延斯·博恩森 Jens Bornson 
雅库布·瓦夫日尼亚克 Yakub Vavzhnyak 
卢旺达参议院 Senate of Rwanda 
彼得·范德尔卡伊 Peter Vandelkay 
俊曦 Shunzo 
查亚峰 Chaya Peak 
基亚 Kea 
府中站 Fuzhong Station 
李振杰 Li Zhenjie 
阿列省 Allier 
吉林话 Jilin dialect 
马图什·特尔尼亚 Matus Ternia 
片山虎之助 Toranosuke Katayama 
wikt:administrator proposes: administrator 
艾哈迈达巴德 Ahmedabad 
阿维拉 Avila 
李纪恒 Li Jiheng 
舍伯恩 Sherborne 
乌堤 Ooty 
奥利维亚·魏尔德 Olivia Wilde 
波隆纳鲁沃区 Polonnaruwa 
社区杯 Community Cup 
邮编 Postcode 
朱塞佩·梅迪奇 Giuseppe Medici 
加藤正人 Masato Kato 
布诺夫 Bunov 
丰臣鹤松 Toyotomi Tsurumatsu 
刘利民 Liu Limin 
福地仁 Fukudiren 
朗镇 Lang Town 
藤泽亨 Fujisawa Toru 
斯里淡马锡 Sri Temasek 
朱迪斯·霍伯斯坦 Judith Hoberstein 
盐湖体育场 Salt Lake Stadium 
卡尔·巴特 Carl Bart 
伊玛目扎德萨利赫 Imam Zad Saleh 
乔·梅登 Joe Maiden 
维斯图尔斯·西赖聂克斯 Vistuls Sirenix 
基努·里维斯 Keanu Reeves 
库曼汗国 Kuman Khanate 
托洛萨 Tolosa 
斯蒂夫·布巴卡尔·特拉瓦利 Steve Bubacar Travalli 
布列亚河 Brea River 
金乃杰 Jin Naijie 
法拉利f430 Ferrari f430 
安古斯·麦克菲登 Angus McFadden 
草原雕 Steppe eagle 
罗伯特·查尔斯·威尔森 Robert Charles Wilson 
粤军 Guangdong Army 
锡山区 Xishan District 
福贾省 Province of Foggia 
蒂莫·维尔纳 Timo Werner 
lalrindika_ralte lalrindika_ralte 
ronitt_rubinfeld ronitt rubinfeld 
乔纳森·科 Jonathan Coe 
景俊海 Jing Junhai 
欧玛尔·海亚姆 Omar Hayam 
阿瑟·达维尔 Arthur Daville 
托马斯·b·麦凯布 Thomas B. McCabe 
雷伊县 Rey County 
阮国善·埃塞莱 Nguyen Kwok Shan Esele 
穆罕默德·塔拉特帕夏 Mohamed Talat Pasha 
安洁莉卡·范布伦 Angelica Van Buren 
岐阜市 Gifu City 
班达尔·本·苏尔坦·阿勒沙特 Bandar Bin Sultan Al Shat 
野木町 Nogi Town 
肖捷 Xiao Jie 
桑田慎一朗 Kuwata Shinichiro 
青春剧 Youth drama 
古斯维克 Guswick 
李运庆 Li Yunqing 
织田市 Oda City 
李耀文 Li Yaowen 
卡带式 Cassette 
莎拉·芮莫兹 Sarah Remoz 
马富善 Ma Fushan 
弗拉基米尔·科科夫佐夫 Vladimir Kokovtsov 
oberon-07 oberon-07 
李锺镇 Li Zhongzhen 
循贵妃 Xun Guifei 
埃丽莎贝塔·法尔内塞 Elisabetta Farnese 
扎甲班 Zhajiaban 
白泉社 Baiquanshe 
吴屋大翔 Wu Wu Daxiang 
利隆圭 Lilongwe 
瑞士人 Swiss 
吕文焕 Lu Wenhuan 
阿帕玛 Apama 
杨衢云 Yang Quyun 
东尼·格莱 Tony Gray 
查尔斯·柯蒂斯 Charles Curtis 
反恐 Anti-terrorism 
卡尔‧博兰尼 Carl Bolany 
麦斯威尔·麦克拉根·韦德伯恩 Maxwell McLagen Wadeborn 
义大利参议院 Italian Senate 
宁德市 Ningde City 
李罗权 Li Luoquan 
楚青 Chu Qing 
舒奥云达 Shuoyunda 
阿萨夫·霍尔 Assaf Hall 
沃伊捷赫·霍尔瓦特 Wojtych Horvat 
洛锡安 Lothian 
沙乌勒·莫法兹 Shaul Mofaz 
卡密儿·维丹 Carmel Vidan 
卓棍溪 Zhuo Gunxi 
祖奥甸奴 Zuodinu 
惠特曼县 Whitman County 
米斯科夫 Miskov 
沃罗涅日 Voronezh 
希积达 Sijida 
添美尔 Tim Meier 
平田健二 Kenji Hirata 
沃尔夫冈·苛勒 Wolfgang Keller 
沃尔奎恩 Walquin 
般奴·马田斯·恩迪 Bannu Martins Endi 
杜宁凯 Du Ningkai 
帕维尔·亚历山德罗夫 Pavel Alexandrov 
左中场 Left midfield 
马旭明 Ma Xuming 
李文献 Li Wenxian 
卢普河 Lupu 
威廉·斯坦菲尔 William Stanfield 
丽兹·费儿 Liz Ferre 
诺曼·柯克 Norman Kirk 
彭皓峰 Peng Haofeng 
大谷育江 Otani Yue 
萨里市 Surrey 
塞鲁斯特卡 Cerustka 
黄显华 Huang Xianhua 
伊奥恩尼斯·奥卡斯 Ioannis Okas 
卡加延德奥罗 Cagayan de Oro 
山寺宏一 Koichi Yamadera 
竹宫悠由子 Takemiya Yuyuko 
董伟 Dong Wei 
西摩尔·派普特 Seymour Pipet 
维尼利 Veneli 
氪星 Krypton 
佐迪·费古拉斯·蒙迪l Zodi Fegulas Mundi 
朱高煦 Zhu Gaoxu 
file:x_mark.svg file:x_mark.svg 
汉斯·耶匈尼克 Hans Jehunnik 
纳撒尼尔·皮彻 Nathaniel Piccher 
卡特·布拉克斯顿 Carter Braxton 
杜集区 Duji District 
卡尔-安东尼·唐斯 Karl-Anthony Towns 
吴浩康 Wu Haokang 
梁思达 Liang Sida 
艾蒂安·克莱蒙泰尔 Etienne Clementaire 
姬拉·丽莉 Kira Lily 
克劳斯·巴德尔特 Klaus Badelt 
埃利亚斯·迪士尼 Elias Disney 
科尔纳奇 Cornac 
高高·美巴图 Gogo Mibatou 
梁启业 Liang Qiye 
京九直通车 Beijing-Kowloon Through Train 
罗拔·包亚 Robert Boya 
扬・奥尔谢夫斯基 Jan Olszewski 
mig-21战斗机 mig-21 fighter 
路特 Louth 
阿伦·哥顿 Alan Gordon 
希维德尼察 Svidnica 
理查德·布吕芒塔尔 Richard Blumenthal 
米拉·福兰 Mira Foran 
六盘水市 Liupanshui 
祖巴 Zuba 
芝山努 Chishannu 
思明州 Simingzhou 
德川经子 Tokugawa Keiko 
东庆悟 Dong Qingwu 
三芳町 Miyoshi Town 
罗伯特·库伦 Robert Cullen 
e-utra e-morning 
収录 Recording 
范德斯·赖仁 Van ders rairen 
雷纳尔多·哈恩 Renaldo Hahn 
乌海市 Wuhai City 
拉比 Rabbi 
林茨 Linz 
冈西宏祐 Kosuke Okinishi 
梁孔德 Liang Kongde 
伊拉克利·奥克鲁阿什维利 Irakli Okruashvili 
黄锡琳 Huang Xilin 
山本康平 Kohei Yamamoto 
基思·西贝利厄斯 Keith Sibelius 
王中丙 Wang Zhongbing 
朱尼厄斯·理查德·贾亚瓦德纳 Junius Richard Jayawardna 
穆尔萨林·达恩·马芒翁 Mursalin Dan Mamongon 
泰尔博格 Terborg 
纽奴 Newnu 
高矫珍玉 Gao Jiao Zhenyu 
永暑岛 Yongshu Island 
米基·麦登 Mickey Madden 
罗恩·西姆斯 Ron Sims 
张全景 Zhang Quanjing 
蔡秉德 Cai Bingde 
查拉特罗斯 Chalatros 
张洛伟 Zhang Luowei 
司南马 Sinan Ma 
焉耆 Yan Qi 
inkognitogata_18 incognitogata_18 
汉克·阿扎里亚 Hank Azaria 
奥良 Olhao 
谢尔盖·谢尔盖耶维奇·西多尔斯基 Sergei Sergeyevich Sidorski 
埃里昂·博格达尼 Elion Bogdani 
叶群 Ye Qun 
索兰县 Solan County 
龙口市 Longkou City 
史蒂芬·克拉克森 Stephen Clarkson 
阿卜杜拉·赛义德 Abdullah Said 
康内留斯·奥图·杨森 Cornelius Otto Janssen 
特奥菲卢奥托尼 Teofilo Otoni 
金溶植 Jin Rongzhi 
穆罕默德·汗·居内久 Mohamed Khan Gunejo 
塞奇瓦约 Secwayo 
乔治·加万·达菲 George Gawan Duffy 
辛尼·基达 Sinny Kidd 
藤原公子 Fujiwara Koko 
睿·托罗 Rui Toro 
哈里·哈蒙德·赫斯 Harry Hammond Hess 
阿伯尔哈桑·巴尼萨德尔 Abel Hassan Banisadar 
哈拉尔德·克拉梅尔 Harald Kramer 
刘欢 Liu Huan 
斯班顿 Spanton 
张家港市 Zhangjiagang City 
圣达哥林玛足球会 Santa Golima Football Club 
邮政署署长 Postmaster 
马来西亚马来人 Malaysian Malay 
高石市 Takaishi 
芦屋町 Ashiya Town 
布伦特·斯考克罗夫特 Brent Scocroft 
嵯峨敏 Saga Min 
埃德加·伦特利亚 Edgar Renteria 
装甲掷弹兵 Panzergrenadier 
柏哥夫 Bergoff 
格斯·奥唐纳 Gus O'Donnell 
摩西·达扬 Moses Dayan 
小山市 Oyama City 
巴富森竞跑 Buffson Race 
季俊 Ji Jun 
玛莉安·歌迪雅 Marion Cotillard 
地板舞 Floor dance 
史堤芬奴域 Stefano Domain 
格罗·艾尔诺 Gro Elno 
李维·p·莫顿 Levi P. Morton 
奈尔·霍兰 Neil Holland 
霍尔迪·加利 Jordi Galli 
霍姆斯区 Holmes 
熙笃会 Cistercian 
米兰·沃莱沙克 Milan Volesac 
哲别 Tetsubetsu 
大堡礁 Great Barrier Reef 
野崎贞澄 Nozaki Kasumi 
谢安·卡路·韦迪 Shean Caro Vidi 
方·基默 Fang Kimmer 
阮氏玉端 Nguyen Thi Yu Duan 
张轩 Zhang Xuan 
林晓峰 Lin Xiaofeng 
吉川市 Yoshikawa 
大烟山 Great Smoky Mountains 
瑟罗克足球会 Thurrock Football Club 
王敏奕 Wang Minyi 
阿里奥斯托 Ariosto 
塔拉萨足球会 Thalassa Football Club 
白羊宫 Aries 
赞尼拉 Zanila 
振藩国术馆 Zhenfan Guoshu Museum 
奥佐奇‧马素治 Ozaki Ma Suzhi 
蒙贝利亚尔 Montbeliard 
mid-size mid-size 
约翰·博纳姆 John Bonham 
陈俊杰 Chen Junjie 
鲍加特宁加 Bogatninga 
开斋节 Eid al-Fitr 
海因里希·鲁本斯 Heinrich Rubens 
特雷·颂兹 Trey Sonz 
pzl-130 pzl-130 
早岛町 Hayashima 
布尔斯楚园 Burschu Garden 
夏尔·吕西安·波拿巴 Charles Lucien Bonaparte 
定城 Dingcheng 
艾森斯塔特 Eisenstadt 
杰弗里·基耶萨 Jeffrey Chiesa 
党鞭长 Party whip leader 
马迪亚斯·迪加度 Matthias Tigadu 
Traceback (most recent call last):
  File "/root/mo/translate/exp03.py", line 28, in <module>
    zh2en_dict = get_zh2en("./data/zh2en")
  File "/root/mo/translate/exp03.py", line 21, in get_zh2en
    word_en_text =  translator.translate(word_zh_text, lang_tgt='en')
  File "/root/anaconda3/lib/python3.8/site-packages/google_trans_new/google_trans_new.py", line 188, in translate
    raise e
  File "/root/anaconda3/lib/python3.8/site-packages/google_trans_new/google_trans_new.py", line 152, in translate
    response = json.loads(response)
  File "/root/anaconda3/lib/python3.8/json/__init__.py", line 357, in loads
    return _default_decoder.decode(s)
  File "/root/anaconda3/lib/python3.8/json/decoder.py", line 337, in decode
    obj, end = self.raw_decode(s, idx=_w(s, 0).end())
  File "/root/anaconda3/lib/python3.8/json/decoder.py", line 353, in raw_decode
    obj, end = self.scan_once(s, idx)
json.decoder.JSONDecodeError: Expecting ',' delimiter: line 1 column 41 (char 40)
