nohup: ignoring input
佟丽娅 Tong Liya 
梧州市 Wuzhou 
埃斯特雷马杜拉 Extremadura 
格奥尔格·康托尔 Georg Cantor 
劳勃·勒德伦 Robert Ludren 
白赖仁·派列斯基 Bairen Peleski 
哈雅·宾特·侯赛因 Haya Bint Hussein 
奥里萨邦 Orissa 
佩特罗·巴多格里奥 Petro Badoglio 
杰克·里德 Jack Reid 
波兰人 Poles 
卡齐米日·马尔钦凯维奇 Kazimierz Marcinkiewicz 
扎法鲁拉·汗·贾迈利 Zafarullah Khan Jamali 
费菲市 Feifei 
札幌市 Sapporo 
夏威夷语 Hawaiian 
海伦·道格拉斯 Helen Douglas 
罗恩·丹尼斯 Ron Dennis 
尼克·强纳斯 Nick Jonas 
比森特·利扎拉祖 Vicente Lizarazu 
丹尼尔·华斯 Daniel Wars 
莫顿·艾夫奥·普斯 Morton Ivuo Pus 
约翰·冯兰腾 John Feng Lanten 
b.a.p b.a.p 
波士尼亚克人 Bosnian 
科琳达·格拉巴尔-基塔诺维奇 Corinda Grabar-Kitanovic 
巴金 Bakin 
郭建邦 Guo Jianbang 
联合国秘书长 Secretary-General of the United Nations 
程谋义 Cheng Mouyi 
简·格雷 Jane Gray 
片冈七郎 Kataoka Shichiro 
鄂伦春族 Oroqen 
卡丽·安德伍 Carrie Underwood 
弗拉芒大区 Flemish Region 
宝云 Bowen 
威廉·m·戴利 William M. Daley 
监察院 Supervisory House 
福阿德·马苏姆 Fuad Massum 
象山县 Xiangshan County 
丁一宇 Ding Yiyu 
特拉亚诺斯·德拉斯 Traianos Delas 
卢西恩·戈伊安 Lucian Goian 
尼克·卡特 Nick Carter 
勒伊拉·巴列维 Leila Pahlavi 
藤枝市 Fujieda City 
卡文郡 Cavan County 
查维·马天尼斯 Chavi Martinis 
av-8猎鹰ii式攻击机 av-8 Falcon II attack aircraft 
克劳斯·约翰尼斯 Klaus Johannes 
阿尔韦托·耶拉斯·卡马戈 Alberto Yelas Camargo 
本杰明·富兰克林 Benjamin Franklin 
瞿秋白 Qu Qiubai 
黄凤涛 Huang Fengtao 
尚慕杰 Shang Mujie 
吴宝珠 Wu Baozhu 
普鲁登特·德·莫拉伊斯 Prudente de Morais 
谭百德 Tan Baide 
佐兰·米拉诺维奇 Zoran Milanovic 
马塞洛·布罗佐维奇 Marcelo Brozovic 
雷杰普·迈达尼 Recep Madani 
黄美珍 Huang Meizhen 
詹姆斯·博尔格 James Bolger 
阿南·班雅拉春 Anan Banyarachun 
莱伊什郡 Laois 
peach/heart peach/heart 
苏-30mkk战斗机 Su-30mkk fighter 
王胜俊 Wang Shengjun 
郑镇奭 Zheng Zhenshi 
首尔世界杯竞技场 Seoul World Cup Arena 
萨拉·麦考利 Sarah Macaulay 
迭戈·戈丁 Diego Godin 
布罗尼斯拉夫·马林诺夫斯基 Bronislav Malinowski 
田馥甄 Tian Fu Zhen 
奥美鲁奥 Omeruo 
吉洪·雅科夫列维奇·基谢廖夫 Tikhon Yakovlevich Kiselev 
糜昊伦 Mi Haolun 
卡里姆·马西莫夫 Karim Massimov 
西约塔兰省 Västra Götaland 
伊利耶·维尔德茨 Iliye Wildtz 
约翰·g·唐尼 John G. Downey 
克里斯蒂安·安萨尔迪 Christian Ansaldi 
扎勒曼·夏扎尔 Zalman Shazar 
林同省 Hayashi 
亚基尔·阿哈罗诺夫 Yakir Akharonov 
肯尼·坎宁安 Kenny Cunningham 
阿积士青年队 Ajax Youth Team 
弗雷德里克·霍普金斯 Frederick Hopkins 
西尾市 Nishio City 
佤语 Wa 
张栋梁 Zhang Dongliang 
赛德克语 Seediq 
胡安·西尔维拉·多斯·桑托斯 Juan Silvera dos Santos 
德岛县 Tokushima County 
艾伦·桑德奇 Alan Sandage 
米高·禾姆 Michael Hem 
约瑟夫·德沙 Joseph Desha 
盐城市 Yancheng 
雪莱·摩尔·卡皮托 Shelley Moore Capito 
科贾·穆罕默德·尼扎米丁帕夏 Koja Mohamed Nizamidin Pasha 
允礽 Yun Fong 
弗朗西斯·欧内斯特·劳埃德 Francis Ernest Lloyd 
蔡思贝 Cai Sibei 
霍希亚普尔县 Hosiapur County 
棉兰 Medan 
三星galaxy_s6 Samsung galaxy_s6 
毛岸英 Mao Anying 
埃尔顿·布兰德 Elton Brand 
约翰内斯·劳 Johannes Law 
费尔南多·贝朗德·特里 Fernando Belande Terry 
絮勒什·马加什 Suresh Magas 
佩妮 Petunia 
法鲁克锡亚 Faruksia 
伊达姆·哈立德 Idam Khalid 
布兰琪·林肯 Blanche Lincoln 
开伯尔-普什图省 Khyber Pakhtunkhwa 
克里斯·韦伯 Chris Weber 
菲尔·杰克逊 Phil Jackson 
陶晶莹 Tao Jingying 
马修·李奇微 Matthew Li Qiwei 
文斯·卡特 Vince Carter 
哥迪奥·巴禾 Godio Bahe 
威廉·尤斯蒂斯 William Eustis 
詹卢卡·赞布罗塔 Gianluca Zambrotta 
阿克巴·沙二世 Akbar Sha II 
冈崎慎司 Shinji Okazaki 
阮福保升 Nguyen Phuc Bao Sheng 
兰诺·罗姆尼 Lanno Romney 
麦理浩 MacLehose 
马克·普莱尔 Mark Player 
张韶涵 Angela Chang 
法利斯克语 Falsk 
卑诗自由党 BC Liberal Party 
哈梅斯·罗德里格斯 James Rodriguez 
罗伯特·贝登堡 Robert Badenberg 
拉希德·加努希 Rashid Ganushi 
伊日·鲁斯诺克 Jiri Rusnock 
米特·杰克逊 Mitt Jackson 
巴力·买买提依力 Baal Maimatil 
图西族 Tutsi 
哈维尔·埃尔南德斯 Javier Hernandez 
夏尔·米歇尔 Charles Michel 
金亨俊 Kim Hyung Joon 
胡安·卡米洛·苏尼加 Juan Camilo Suniga 
路易斯·伊纳西奥·卢拉·达席尔瓦 Luis Inacio Lula da Silva 
卢姆·穆罕默德帕夏 Loum Muhammad Pasha 
桥本英郎 Hashimoto Hideo 
冯绍峰 Feng Shaofeng 
乔治·伽莫夫 George Gamow 
约翰·伯顿·桑德森·霍尔丹 John Burton Sanderson Haldane 
阮经天 Ruan Jingtian 
伊瓦尔斯·戈德马尼斯 Ivars Godmanis 
乔·佩里 Joe Perry 
迪奥斯达多·马卡帕加尔 Diosdado Macapagal 
郑克塽 Zheng Keyuan 
约翰·图佐·威尔逊 John Tuzo Wilson 
万普 Wanpu 
若热·安德拉德 Jorge Andrade 
林义雄 Lin Yixiong 
鲍勃·多尔 Bob Dole 
金滉植 Kim Hwang-sik 
魏道明 Wei Daoming 
马克·戴维斯 Mark Davis 
斯坦尼斯瓦夫·米科瓦伊奇克 Stanislaw Mikovajchik 
林宇中 Rynn 
尼尔·佩尔特 Neil Pelt 
巴伦西亚共同体 Valencian Community 
哈菲兹·胡加 Hafiz Huja 
宋枝恩 Song Zhien 
谢尔盖·斯塔尼舍夫 Sergei Stanishev 
费里特·梅伦 Ferrit Mellen 
安东尼奥·洛佩斯 Antonio Lopez 
谢菲逊·法芬 Jefferson Farfen 
差猜·春哈旺 Chachai Chunhawang 
胡志军 Hu Zhijun 
阿列克谢·米哈伊洛维奇·罗曼诺夫 Alexei Mikhailovich Romanov 
韩雪 Han Xue 
里克·佩里 Rick Perry 
瓦拉纳西 Varanasi 
基斯·科尔 Keith Cole 
埃德蒙·巴顿 Edmund Barton 
德内－叶尼塞语门 Denei-Yenisei 
郴州市 Chenzhou 
扎拉·菲利普斯 Zara Phillips 
黄家定 Huang Jiading 
埃雅克语 Eyak 
佐藤寿人 Hisato Sato 
詹逊 Jensen 
施伟贤 Shi Weixian 
提格利尼亚语 Tigrinya 
李双江 Li Shuangjiang 
苏珊·柯琳丝 Susan Collins 
萨阿德·达乌拉 Saad Daula 
迪沃克·奥里吉 Divock Origi 
迟浩田 Chi Haotian 
陈煚 Chen Jun 
立窝尼亚语 Livonian 
查尔斯·弗里德尔 Charles Friedel 
bless4 bless4 
福生市 Fussa 
马师 Ma Shi 
林芝市 Nyingchi 
格奥尔格·施瓦岑贝克 Georg Schwarzenbeck 
黄圣依 Huang Shengyi 
拉菲尔·维基 Rafael Wiki 
江欣燕 Jiang Xinyan 
洪卓立 Hong Zhuoli 
尼古拉·勒代斯库 Nicolas Radescu 
瓦隆大区 Wallonia 
横须贺市 Yokosuka City 
欧文·麦克道尔 Irving McDowell 
波音757 Boeing 757 
黄蓉 Huang Rong 
乌戈尔语支 Ugric 
埃丁森·卡瓦尼 Edinson Cavani 
萨尔瓦托雷·西里古 Salvatore Sirigo 
法兰·费丁 Frank Feding 
阿布哈兹 Abkhazia 
阿列克谢·库德林 Alexei Kudrin 
卡雷尔·施瓦岑贝格 Karel Schwarzenberg 
沙德利·本·杰迪德 Shadley Ben Jadid 
齐格蒙特·奥古斯特 Sigmund August 
艾薇儿·拉维尼 Avril Lavigne 
市川市 Ichikawa City 
阿伦·迪沙哥夫 Alan Disagoff 
谢尔盖·阿克肖诺夫 Sergey Akshonov 
s.h.e s.h.e 
嘉莉·费雪 Carrie Fisher 
诺里奇 Norwich 
汪东兴 Wang Dongxing 
vp9 vp9 
翁贝托·埃可 Umberto Eco 
沙治奥·施里奥 Sagio Schlio 
斯蒂夫尼奇 Stevenage 
拿破仑·欧仁·路易·波拿巴 Napoleon Eugene Louis Bonaparte 
艾力·宝云 Alec Bowen 
凯尔朋·苏雷什·默迪 Kerpen Suresh Murdy 
奥托·瓦拉赫 Otto Wallach 
卡利古拉 Caligula 
梅苏特·耶尔马兹 Mesut Yilmaz 
章孝慈 Zhang Xiaoci 
唐纳德·川普 Donald Trump 
m·a·z·e m · a · z · e 
安东·舒宁 Anton Shuning 
阿里·卡里米 Ali Karimi 
尤利乌斯·凯撒 Julius Caesar 
阿斯塔纳竞技场 Astana Arena 
凤阳县 Fengyang County 
费尔廷斯竞技场 Veltins Arena 
雷·拉胡德 Ray Lahoud 
奥利弗·博扎尼奇 Oliver Bozanic 
道格拉斯dc-2 Douglas dc-2 
安东·罗普 Anton Ropp 
珍·莎琪 Jane Saki 
台东区 Taito District 
达伦·弗莱彻 Darren Fletcher 
索菲亚内·费古利 Sofiane Figuri 
拉姆赞·卡德罗夫 Ramzan Kadyrov 
亚瑟·查理斯·克拉克 Arthur Charles Clark 
文塞斯劳·布拉斯·佩雷拉·戈麦斯 Vinceslau Blas Pereira Gomez 
凯文·库兰伊 Kevin Kuranyi 
戴夫·马斯泰恩 Dave Mustaine 
广义省 Broad Province 
苏赫巴托尔·彦吉玛 Sukhbaatar Yanjima 
狄恩·海勒 Dean Heller 
基尔斯滕·吉利布兰德 Kirsten Gillibrand 
安德斯·弗里斯克 Anders Frisk 
巴拉纳俱乐部 Barana Club 
罗伯特·菲乔 Robert Fitch 
冈山绿雉 Okayama Green Pheasant 
李孟贤 Li Mengxian 
黄药师 Huang Yaoshi 
格罗宁根 Groningen 
马拉普兰 Malappland 
阿里·代伊 Ali Day 
尼古拉·什皮里奇 Nikolai Spiric 
亚历山大·弗雷 Alexander Frey 
普惠pw4000 Pratt & Whitney pw4000 
安吉拉·戴维斯 Angela Davis 
普拉维亚 Pravia 
邵建隆 Shao Jianlong 
布罗迪·詹纳 Brody Jenner 
卡利美洲 Cali America 
霹雳州 Perak 
塔拉勒·伊本·阿卜杜拉 Talal Ibn Abdullah 
汉特语 Hante 
罗伯特·卡根 Robert Kagan 
英迪拉·甘地 Indira Gandhi 
罗沙度 Rosado 
佩蒂特 Petit 
迈赫迪·戈利·希达亚特 Mehdi Goli Hidayat 
安丹尼尔 Andaniel 
王冠伊 Wang Guanyi 
十和田市 Towada City 
卡西·阿弗莱克 Casey Affleck 
翁诗杰 Weng Shijie 
黑田东彦 Kuroda 
蔡慧康 Cai Huikang 
韦斯特米斯郡 Westmeath 
罗伯特·冯·格莱姆 Robert von Gramm 
维托里奥·埃曼努尔·奥兰多 Vittorio Emmanuel Orlando 
斯蒂芬·惠勒·唐尼 Stephen Wheeler Downey 
马修·洛顿 Matthew Lorton 
咸宜帝 Xianyidi 
卢克·天行者 Luke Skywalker 
金正男 Kim Jong Nam 
卡拉曼勒·穆罕默德帕夏 Karamanli Mohamed Pasha 
谢曼芙 Sheman Fu 
李鸿源 Li Hongyuan 
佩德罗·罗德里格斯·雷德斯马 Pedro Rodriguez Redsma 
阿披实·威差奇瓦 Abhisit Wichakwa 
迪华尼·迪·罗沙里奥 Dijuani di Rosario 
约翰·巴科斯 John Backus 
赫拉德·皮克 Herald Pick 
Traceback (most recent call last):
  File "/root/mo/translate/exp01.py", line 28, in <module>
    zh2en_dict = get_zh2en("./data/zh2en", translator)
  File "/root/mo/translate/exp01.py", line 21, in get_zh2en
    word_en_text =  this_translator.translate(word_zh_text, lang_tgt='en')
  File "/root/anaconda3/lib/python3.8/site-packages/google_trans_new/google_trans_new.py", line 188, in translate
    raise e
  File "/root/anaconda3/lib/python3.8/site-packages/google_trans_new/google_trans_new.py", line 152, in translate
    response = json.loads(response)
  File "/root/anaconda3/lib/python3.8/json/__init__.py", line 357, in loads
    return _default_decoder.decode(s)
  File "/root/anaconda3/lib/python3.8/json/decoder.py", line 337, in decode
    obj, end = self.raw_decode(s, idx=_w(s, 0).end())
  File "/root/anaconda3/lib/python3.8/json/decoder.py", line 353, in raw_decode
    obj, end = self.scan_once(s, idx)
json.decoder.JSONDecodeError: Expecting ',' delimiter: line 1 column 41 (char 40)
