ssh://root@141.164.45.210:22/root/anaconda3/bin/python -u /root/mo/translate/exp01.py
王爱玲 Wang Ailing
皮翁比诺 Piombino
蔡厝港体育场 Choa Chu Kang Stadium
习干平 Xi Ganping
钟琴 Carillon
蛤蟆功 Toad work
沙斯路禾克 Sasluwok
马特洛克 Matlock
薛定谔绘景 Schrödinger's landscape
威悉体育场 Weser Stadium
森下俊 Shun Morishita
马琳·勒庞 Marlene Le Pen
阿米翁党 Amion Party
阿卜杜勒·阿齐兹·阿卜杜勒·加尼 Abdul Aziz Abdul Ghani
杨鉴清 Yang Jianqing
德雷斯顿迪纳摩 Dynamo Dreston
车臣语 Chechen
古拉什共产主义 Gulash Communism
澳洲u23 Australia u23
鲍里斯·弗拉基米洛维奇 Boris Vladimirovich
希尔维亚·普拉斯 Sylvia Plath
尹日录 Yin Rilu
克里奥人 Creole
巴特奥齐尔·额勒德巴奥齐尔 Bart Ozil Erdeba Ozil
见沼区 Minuma District
恩佐·法拉利 Enzo Ferrari
黄徽容 Huang Huirong
克努特·汉姆生 Knut Hamson
仪嫔 Yi 嫔
哈利·卡万斯 Harry Cavans
道尔扎布·鲁布桑沙拉布 Dolzab Lubsansharap
约翰·华博顿·保罗 John Warburton Paul
奥利佛·莱特 Oliver Wright
德川达孝 Tokugawa Tatsutaka
朴孝珍 Park Takachin
威廉·马奇 William March
茱蒂·丹契 Judy Dench
荒川区 Arakawa
林向阳 Lin Xiangyang
鲍伯·巴特勒 Bob Butler
阿克希萨尔 Akhisar
彼得·克拉克 Peter Clark
警务处副处长 Deputy Commissioner of Police
路易莎·玛丽亚·特雷莎·斯图亚特 Luisa Maria Teresa Stuart
凯西·凯勒 Kathy Keller
保罗·苏埃布雷 Paul Suebre
卡斯特洪德拉萨尔马斯 Castejon de la salmas
莱芜话 Laiwu dialect
窝阔台汗 Wokotaihan
福泽谕吉 Fukuzawa Yukichi
尼古拉·罗曼诺维奇 Nikola Romanovic
史蒂夫·迪特科 Steve Ditko
连古斯 Lengus
希雅 Shia
何毅亭 He Yiting
罗杰·塔利伯特 Roger Talibert
迪维历加 Divelica
杨意寻 Yang Yixun
奥迪a1 Audi a1
安妮·温德林 Anne Wendling
假声 False voice
modi文 modi
靖江市 Jingjiang City
file:java_logo.png file:java_logo.png
南港区 Nangang District
戛纳电影节 Cannes Film Festival
圣但尼 Saint Denis
文岑蒂·维托斯 Vincenti Vitos
北卡罗来纳州行政区划 Administrative divisions of North Carolina
艾伦尼 Allenney
巴利阿里海 Balearic Sea
东所罗门海战 Battle of East Solomon
高濑优孝 Takase Yutaka
皮尔斯·布鲁斯南 Pierce Brosnan
华斯域斯基 Vaswicksky
哈特·克莱恩 Hart Klein
伊力哈木·沙比尔 Ilham Shabir
垂水市 Tarumi City
箕轮町 Minowa Town
克劳斯·金克尔 Klaus Kinkel
巴拿马城 Panama City
纳伊姆·哈达德 Naim Haddad
约翰·j·伯恩斯 John J. Burns
大卫·巴克拉泽 David Bakrazzi
威廉·梅尔顿 William Melton
路德维克·克吕威尔 Ludwig Kluwer
约翰·r·泰勒 John R. Taylor
埃曼纽尔·塞瓦 Emmanuel Seva
艾略特·高登索 Eliot Gordonzo
列图 Column chart
艾迪·费舍 Eddie Fisher
阿里斯托芬 Aristophanes
格利维采 Gliwice
艾哈迈德·福阿德·毛希丁 Ahmed Fuad Mohiddin
垦利县 Kenli County
索末菲恒等式 Sommerfeld Identities
托尼·查普曼 Tony Chapman
亚希尔·沙赫拉尼 Yashir Shahrani
首尔奥林匹克主竞技场 Seoul Olympic Stadium
北投站 Beitou Station
丹尼尔·森博洛夫 Daniel Sembrov
伊桑·a·希区柯克 Ethan A. Hitchcock
陈敏仪 Chen Minyi
金马伦 Cameron
马瑞·高德 Marie Gold
杰克·威尔许 Jack Welsh
洛塔尔·比斯基 Lothar Bisky
玻尔磁子 Bohr magneton
毛罗·拉莫斯 Mauro Ramos
张小娴 Zhang Xiaoxian
史堤夫·克拉克 Steve Clark
帕斯卡 Pascal
马特莱 Matlay
伍乐城 Wu Lecheng
奥斯曼哲克 Osman Zik
纳维·皮莱 Navi Pillay
昂德雷伊·杜达 Andrei Duda
庶妃陈氏 Concubine Chen
何伟 He Wei
圣道明 Saint Dominic
奥古斯特·罗丹 August Rodin
哈扎拉吉语 Hazaraji
新闻学 Journalism
莫特·萨拉 Mott Sara
缪斯 Muse
马拉菲夫 Malafif
历克·卡尔马 Alex Kalmar
汤姆·约克 Tom York
倾城绝恋 Alluring love
舒庆 Shu Qing
杨晨 Yang Chen
阪神虎 Hanshin Tiger
桂祥 Guixiang
胡安·瓦伦天·乌丹加林 Juan Valentin Udangarin
保罗·范登博埃南 Paul Van den Bohenan
杨金欉 Yang Jinhui
阿德南·阿尔·塔雅尼 Adnan Al Tajani
原由子 Yuko Hara
张异宾 Zhang Yibin
大叻市 Da Lat
金斯顿 Kingston
瑞克·麦克卡伦 Rick McAllen
卡纳维尔角 Cape Canaveral
安德天皇 Emperor Ander
乌头翁 Blackhead
髙寺成纪 Goji Temple
丹尼尔王夫 King Daniel
库斯妥迪耶夫 Kustodiyev
杨孔雍 Yang Kongyong
赛缪尔·冯·普芬多夫 Samuel von Pfendorf
胡斯派 Hussite
乔万尼·薄伽丘 Giovanni Boccaccio
陈信宏 Chen Xinhong
于洋 Yu Yang
小里贞利 Xiaoli Zhenli
kristín_ingólfsdóttir kristín_ingólfsdóttir
努尔人 Nuer
奎因 Quinn
莫里斯·贝托 Maurice Beto
四帝共治制 Four rulers
萨尔姆塔尔 Salmtal
罗杰·戈德门特 Roger Goldmant
勒内·笛卡儿 Rene Descartes
塞缪尔·理查森 Samuel Richardson
奥洛穆克 Olomouc
杨乐乐 Yang Lele
伊日·帕劳贝克 Jiri Palaubek
伊塔罗·卡尔维诺 Italo Calvino
积臣·迪菲路 Jason Diffie Road
观音区 Guanyin District
德川余五麻吕 Tokugawa Yugomaro
澳视体育台 ATV Sports
莫哈末英然 Mohd Ying Ran
杰克·霍洛韦 Jack Holloway
单仲偕 Shan Zhongkai
朱尔·莫克 Jul Mok
索福克勒斯 Sophocles
金润玉 Jin Runyu
如皋市 Rugao
克蕾乌萨 Creusa
缅元 Kyat
范瑾 Fan Jin
乔治·斯托克斯 George Stokes
哆啦a梦 Doraemon
依斯米安联赛杯 Ismian League Cup
艾马多拉足球会 Emadora Football Club
卡伯特·奥尔森 Cabot Olsen
提奥多·莱谢蒂茨基 Theodore Leshetici
路斯·波利加·幕福特 Luz Polyga Muford
约克郡西瑞丁郡尉 Lieutenant of West Reading, Yorkshire
dealul_mitropoliei the hill of the metropolis
乔斯·温登 Jose Winden
马库斯·阿列克谢·泊松 Marcus Alexei Poisson
达雷尔_布莱德利 Darrell_Bradley
吕正操 Lu Zhengcao
杰米·柯普 Jamie Kopp
侯赛因·马拉希 Hussein Marahi
s._c._jamir S. Jammar
湖岩奖 Lake Rock Award
皮埃蒙特蓝调 Piedmont Blues
陈雅贤 Chen Yaxian
马丁·列姆 Martin Liem
杰拉尔德·拉塞尔斯 Gerald Russels
洛班巴 Lobamba
石井菊次郎 Kikujiro Ishii
列昂尼德·梅里尼科夫 Leonid Mernikov
忒修斯 Theseus
康塞普西翁·加马拉 Concepcion Gamara
利古里亚海 Ligurian Sea
科罗尔 Koror
丁小强 Ding Xiaoqiang
山形市 Yamagata City
丹尼杰特·苏巴西奇 Danijet Subbasic
吴景春 Wu Jingchun
曼努埃尔·维托里诺 Manuel Vitorino
丹尼斯_virkler Dennis_virkler
梁金泉 Liang Jinquan
李钟灿 Li Zhongcan
城里町 Shirosato Town
生态学 Ecology
file:palaiologos-dynasty-eagle.svg dude: paleologos-dynasty-eagli.syg
威廉·冯·里布 William von Ribe
原庞克 Original punk
兰鹊 Lan Que
杜米特鲁·布拉基什 Dumitru Brakis
雅西 Iasi
彼得·芬奇 Peter Finch
第三纪 Tertiary
田中秀人 Shuto Tanaka
迈克尔·萨塔 Michael Sata
铃木sx4 Suzuki sx4
贵人郭络罗氏 Guo Luoluo
维塞拉 Visella
卡度鲁斯基 Kadriski
陈羽凡 Chen Yufan
加勒特·戴维斯 Garrett Davis
罗伯特·丹尼·卡迈克尔 Robert Danny Carmichael
梁启雄 Liang Qixiong
马拉卡纳体育场 Maracanã Stadium
中村哲平 Teppei Nakamura
艾哈迈德·姆沙 Ahmed Musa
伊尔哈米·桑卡尔 Ilhami Sankar
石川慧 Ishikawa Hui
瓦德瑟 Vadso
情人节 Valentine's Day
斯坦尼斯拉夫·格罗斯 Stanislav Gross
穆罕默德·阿里·拉贾伊 Muhammad Ali Raja
玛尔可敦 Marktown
板柳町 Itayanagi Town
菲耶索莱 Fiesole
电子学 Electronics
白银市 Silver City
猫愿三角恋 Cat wishing love triangle
埃德蒙德·哈吉纳斯托 Edmund Hagginasto
埃利亚斯·赫拉维 Elias Hrawi
科丽塔·史考特·金 Corita Scott King
大根岛 Danejima
开姆尼茨 Chemnitz
伊莎贝尔·帕特森 Isabel Patterson
银索金铃索法 Silver wire
威勒比 Willerby
梅赫伦 Mechelen
资本主义 Capitalism
卿渐伟 Qing Jianwei
鹰司祺子 Takatsukasa Yasuko
罗健熙 Luo Jianxi
历克·华特 Alex Walter
鸟取市营足球场 Tottori City Football Stadium
阿尔·比希 Al Bich
斐乐 Fila
紫金县 Zijin County
小西湾运动场 Siu Sai Wan Sports Ground
佐光垒 Sakura
塞索托语 Sesotho
巴恰纳·阿哈拉亚 Bacana Ahalaya
亚瑟·法登 Arthur Faden
列伊达省 Leida
陈颖恩 Chen Yingen
金昌熙 Jin Changxi
匡庐图 Kuanglutu
金刚力士 King Kong Lux
荷兰裔巴西人 Dutch Brazilian
谢穆·萨亚·拉杜瓦 Shemu Sayah Raduwa
银杏树 Ginkgo Tree
松浪健四郎 Kenshiro Matsunami
查尔斯·久德·布赖恩特 Charles Jod Bryant
林宝欣 Lin Baoxin
亨利·莫塞莱 Henry Moselle
阿扎德苏伦·奥云比列格 Azadsuren Oyunbileg
汉罗台文 Han Luotai
王忍之 Wang Renzhi
宿豫区 Suyu District
高耶 Takaya
侯捷 Hou Jie
马克斯·亚伯拉罕 Max Abraham
葛长伟 Ge Changwei
玛丽·德·吉斯 Marie de Guis
高志林 Gao Zhilin
王凯岚 Wang Kailan
雷沙尔德·卡丘罗夫斯基 Reshard Kachurovsky
爱德华·道格拉斯·怀特 Edward Douglas White
耳分高下 Ear points
毛继祖 Mao Jizu
宫吉拓实 Miyaji Takumi
多姆纳尔·格里森 Domnar Gleason
森比·贝治 Semby Bayge
达尔德语支 Darling branch
掸邦 Shan State
尹柱泰 Yoon Joo Tae
朱友贞 Zhu Youzhen
namiq_yusifov namiq_yusifov
沙赫娜兹·巴列维 Shakhnaz Pahlavi
藤原秀树 Fujiwara Hideki
宜野湾市 Ginowan City
西蒙·塞伊索·格里菲斯 Simon Seiso Griffith
麦西尼亚州 Messinia
京师 Jingshi
尼斯迪 Nisdi
阿勒普·拉哈 Alep Raha
雷焦卡拉布里亚 Reggio Calabria
衡水市 Hengshui City
张志贤 Zhang Zhixian
主教练 Head coach
锺光田 Zhong Mitsuda
奥斯瓦尔多·托拉多 Osvaldo Torado
奥利维乌·盖尔曼 Olivier Gellman
崔宇 Cui Yu
奥玛·甘明斯 Omar Cummings
北港湾体育场 North Harbor Stadium
播音员 announcer
摩列斯·赫特文 Morris Hertwen
香岱儿 Chandelier
布鲁斯·伯曼 Bruce Berman
布吕赫区 Bruges
路易斯·詹森 Louis Jensen
费里奥 Ferio
阿那莫迪 Anamodi
休·波利策 Hugh Politzer
法币 Fiat currency
罗德里·布莱斯威特 Rodry Blythwaite
山北町 Yamakita Town
卡拉苏河 Karasu
张智霖 Zhang Zhilin
吉姆·g·塔克 Jim G. Tucker
旺加里·马塔伊 Wangari Maathai
恩贾梅纳 N'Djamena
娜兹妮·沙布利 Nazni Chabli
阜阳站 Fuyang Railway Station
萨尔米迪·曼贡萨尔科罗 Salmidi Mangonzalkoro
萨梅特·阿伽奥格鲁 Samet Agaoglu
梅格·惠特曼 Meg Whitman
布卢瓦伯爵 Earl of Blois
阿基莱·马拉扎 Akile Maraza
法里斯·柯里 Faris Curry
迈尔士·戴维斯 Miles Davis
巴伊亚 Bahia
意大利杯 Italian Cup
顾宝明 Gu Baoming
黄源章 Huang Yuanzhang
艾云拿度 Evanardo
麦桢 Mai Zhen
罗伯特·艾格 Robert Egg
笹仓绫人 Sasakura Ayato
布雷西亚 Brescia
库里提巴 Curitiba
乃东区 Nedong District
廷布 Thimphu
西索瓦 Sisova
亨利·西奇威克 Henry Sidgwick
加殊 Kashu
艾莉森·汉尼根 Alison Hannigan
大卫·塔德索 David Tadeso
将军澳运动场 Tseung Kwan O Sports Ground
法兰西斯高·泰兰天奴 Francesca Telantino
普雷绍夫州 Prešov Region
保罗·亚瑟斯 Paul Arthurs
古明华 Gu Minghua
阿尔弗莱德·潘尼沃斯 Alfred Pennyworth
张耀明 Zhang Yaoming
巴西人 Brazilian
王立英 Wang Liying
淮安区 Huaian District
e3 lake
差瓦拉·参威拉恭 Chavara Samwirawong
萝拉·邓恩 Laura Dunn
哈斯尼莫哈末 Hasny Mohamed
迪斯可浩室 Disco house
精神病学 Psychology
杰夫·宾格曼 Jeff Bingman
北湖区 Beihu District
惠灵顿·韦布 Wellington Webb
蒂里杰米尔峰 Tirijemir
唐宁街10号 10 Downing Street
欧巴马 Obama
姚若龙 Yao Ruolong
汉娜·苏霍茨卡 Hannah Sukhocka
爱德华·康登 Edward Condon
勿洛 Bedok
李如明 Li Ruming
赫淮斯托斯 Hephaestus
贝特·德弗里斯 Bate De Vries
防御率 Defense rate
康安 Kang An
吴忠超 Wu Zhongchao
特里普拉邦 Tripura
file:yuanemperoralbumtughtemurportrait.jpg file:yuanemperoralbumtughtemurportrait.jpg
菲莱 Philae
白兰迪 Brandy
江连卓 Jiang Lianzhuo
utc+6 utc+6
洛歇镇中心站 Losche Town Center Station
陈思诚 Chen Sicheng
宫相 Palace Minister
金正哲 Kim Jong-cheol
马里奥·博利厄 Mario Beaulieu
西蒙二世·德·桑利斯 Simon II de Senlis
撒马尔罕 Samarkand
南普拉特河 South Platte River
汪诗诗 Wang Shishi
张炳强 Zhang Bingqiang
李克云 Li Keyun
罗伯·摩尔 Rob Moore
米雷克·托波拉内克 Mirek Topolanek
阮忠信 Ruan Zhongxin
皮斯托伊斯 Pistois
贾科莫·莱奥巴尔迪 Giacomo Leobardi
梅耶·弗提斯 Meyer Fortis
谢奥费尔比亚 Seoferbia
実信宪明 Makoto Nobuaki
神秘园 Secret Garden
语意 Semantics
伊万卡·特朗普 Ivanka Trump
丁汝昌 Ding Ruchang
斯皮罗斯·马克齐尼斯 Spiros Makchinis
平冈翼 Hiraoka Wing
札兰丁·明布尔努 Zalandin Minburnu
斯科特·罗森伯格 Scott Rosenberg
史朝义 Shi Chaoyi
罗德·拉沃竞技场 Rod Laver Arena
维沙 Visa
弗朗西斯科·哈维尔·埃拉苏利斯·奥萨 Francisco Javier Elazulis Osa
贝鲁斯科尼 Berlusconi
罗纳德·威廉·米勒 Ronald William Miller
萨比尔霍贾耶夫 Sabir Khodzhaev
陈曼娜 Chen Manna
斯洛文尼亚杯 Slovenia Cup
耶尔博尔·欧恩巴耶夫 Yerbol Onbayev
亚历山大·谢尔盖耶维奇·缅什科夫 Alexander Sergeyevich Menshkov
相叶雅纪 Aiba Masaki
马铎尼斯 Matonis
司徒力 Stuart
弘昐 Hiroshi
太田直人 Naoto Ota
利勒哈默尔 Lillehammer
哈根 Hagen
莫巴尔克 Mobark
艾迪耶亚 Adiaya
伊尔卡·索米宁 Ilka Sominen
白玛旺堆 Baimawangdui
路易·汤姆林森 Louis Tomlinson
罗伯特·科恰良 Robert Kocharyan
伊恩·斯图尔特 Ian Stewart
马基拉亚斯 Maquilayas
马里奥·佩迪尼 Mario Perdini
佛田洋 Fo Tian Yang
马凯特金鹰 Marquette Golden Eagle
巴兰基亚 Barranquilla
叶昭仪 Ye Zhaoyi
土吕站 Toro Station
塔斯卡洛拉语 Tuscalo
roelf_krans roelf_krans
贤妃 Xianfei
非裔 African American
威廉·哈维 William Harvey
爱比克泰德 Apictete
内核 Kernel
谢里夫·伊斯梅尔 Sharif Ismail
谢婷婷 Xie Tingting
畏兀儿 Fearful
麦特·派利席尔 Matt Palisier
尼可拉斯·格里高利·曼昆 Nicholas Gregory Mankiw
阿历山大·奥历加特 Alexandra Olgat
尚·饶勒斯 Jean Jaures
菲利普·桑德斯 Philip Sanders
约瑟夫·迪特里希 Joseph Dietrich
阿赫迈德·托帕洛格鲁 Ahmed Topaloglu
保冈兴治 Hooka Koji
西罗曼斯语 West Romance
阮志清 Ruan Zhiqing
基利卡斯 Kilikas
迈克尔·林恩 Michael Lynn
张琼华 Zhang Qionghua
基恩 Keene
塞尔塔 Celta
小林优希 Kobayashi Yuki
伊奥安尼斯·阿莱夫拉斯 Ioannis Alephras
苏班德里约 Subandrijo
林佩玉 Lin Peiyu
名古屋城 Nagoya Castle
泰夫菲克·吕什蒂·阿拉斯 Teffik Rusti Alas
蔡芷纭 Cai Zhijun
锡耶纳 Siena
殷亚吉 Yin Yaji
葛城町 Katsuragicho
穆扎法尔·阿拉姆 Muzaffar Alam
贝宁城 Benin city
马泽锋 Ma Zefeng
温巧敏 Wen Qiaomin
布士明 Nunoshi Akira
梅田站 Umeda Station
钱德拉·谢卡尔 Chandra Shekar
李振辉 Li Zhenhui
苏尔坦·本·扎耶德·本·苏尔坦·阿勒纳哈扬 Sultan bin Zayed bin Sultan Al Nahyan
战斗机 fighter
马干尼 Magani
伊利诺音乐 Illinois Music
"me'en"] "me'en"]
伊莉莎白·佛兹 Elizabeth Foz
穆斯卡特 Muscat
普拉门·奥雷沙尔斯基 Pramen Oresharski
第三产业 Tertiary Industry
理察·尼克松 Richard Nixon
吴珊卓 Wu Shanzhuo
澳视高清台 ATV HD
柏拉图主义 Platonism
拜伦·多根 Byron Dogan
晓高·韦荣 Xiao Gao Wei Rong
纽伦堡 Nuremberg
p·j·卡勒西莫 p·j·callesimo
侯赛因·法拉·艾迪德 Hussein Farah Aidid
郭殷宏 Guo Yinhong
美青足球队 US Youth Football Team
印度尼西亚行政区划 Administrative divisions of Indonesia
查尔斯·e·史密斯 Charles E. Smith
陈文申 Chen Wenshen
西伊比利亚语 West Iberian
file:onedrive_logo.svg file:onedrive_logo.svg
卡齐米日·奥莱恰克 Kazimierz Olechak
城阳市 Chengyang
建嘉 Jianjia
穆沙图 Musatu
史德普顿 Stapleton
大吉岭县 Darjeeling County
辛恩·麦马汉 Sinn McMahan
元华 Yuanhua
马尔克斯 Marquez
头位 Head position
白贵人 White nobleman
杨明 Yang Ming
归仁区 Qui Nhon District
兰卡瓜 Rancagua
尼奥乌·高根华德体育场 Nieuw Guggenwald Stadium
迪纳利 Denali
浅野胜人 Katsuhito Asano
东加勒比元 East Caribbean Dollar
桃园区 Taoyuan District
杰夫·阿曼特 Jeff Amant
安东尼·休伊什 Anthony Huish
福特·弗里克 Ford Frick
科堡 Coburg
胡海峰 Hu Haifeng
欧阳松 Ouyang Song
真哥洛普 Zhen Luopu
萨姆·拜耳德 Sam Baird
金格植 Jin Gezhi
雷恩 Ren
冯小刚 Feng Xiaogang
哈利·尼尔森 Harry Nelson
卢卡什·苏卡拉 Lukash Sukara
滕丽名 Teng Liming
罗杰里奥·切尼 Rogerio Cheney
拉里·霍甘 Larry Hogan
君特·冯·克鲁格 Gunter von Kruger
蒲甘王 King Bagan
勒贡特·德·列尔 Legonte de Lier
帕斯托 Pastor
马希奥阿泽维多 Macio Azevedo
森·尼尔 Sen Neal
丹巴曲 Danbaqu
基斯域 Keysfield
美国人 American
卡里·贝茨 Cary Bates
回响贝斯 Echo bass
加埃塔诺·马蒂诺 Gaetano Martino
行桥市 Yukuhashi City
雕鸮 Eagle Owl
郭熙 Guo Xi
拉斐尔·埃里奇 Rafael Erich
米格尔·乌丹加林 Miguel Udangarin
托马索·蒂托尼 Tomaso Titoni
艾卡拉马 Aikarama
计划单列市 Municipalities
纪灶门娘 Ji Zao Men Niang
许怀欣 Xu Huaixin
邱南隆 Qiu Nanlong
史立军 Shi Lijun
帕特里克·j·甘迺迪 Patrick J. Kennedy
陆徵祥 Lu Zhengxiang
科林·邓洛普 Colin Dunlop
沈梦辰 Shen Mengchen
萨那 Sana
奇科什 Chikos
费雷西底 Ferecides
冯明珠 Feng Mingzhu
希沙姆·伊赫蒂亚尔 Hisham Ikhtyar
蒋卓嘉 Jiang Zhuojia
斯雷德·戈登 Slade Gordon
南阳话 Nanyang dialect
阮岳 Ruan Yue
格罗兹尼 Grozny
梅奥郡 Mayo County
费米悖论 Fermi Paradox
努特 Nut
外贝加尔边疆区 Transbaikal Territory
贝拉瓜斯省 Veraguas
延龄君 Yanling Jun
查理斯·金斯莱 Charles Kingsley
富谷町 Tomiya Town
亨利·洛奇 Henry Lodge
露丝·弗罗拉·迪士尼 Ruth Flora Disney
郭义礼 Guo Yili
林约翰 Lin John
金城片 Jincheng Film
玫瑰湾 Rose bay
宫泽寿梨 Miyazawa Shouli
卡洛儿·撒切尔 Carol Thatcher
赵咏华 Zhao Yonghua
詹姆斯·d·威廉姆斯 James D. Williams
马来奕县 Malay County
帕特里克·戴瓦尔 Patrick Daval
城岛光力 Jojima Light Power
马丁·钱伯斯 Martin Chambers
帕维尔·切尔诺夫 Pavel Chernoff
凯斯·李察 Keith Richard
高锟 Gao Kun
凯思·厄本 Keith Urban
安妮·维尔·柯尔 Annie Will Cole
达吉斯坦 Dagestan
邹家华 Zou Jiahua
哈尔多尔·奥斯格里姆松 Haldor Osgrimson
布莱恩·罗布森 Brian Robson
"beggin'"] "beggin'"]
町田泽维亚 Machida Zelvin
安中市 Anzhong
艾哈迈德·马蒂格 Ahmed Martig
约翰·弗尔顿 John Fulton
木卫二 Europa
智胜鲜师 Outsmart Fresh Teacher
盖革计数器 Geiger counter
乔治·昆达 George Kunda
添姆·赞臣 Tim Zanchen
蜜雪儿·威廉丝 Michelle Williams
安德烈·勒特罗克埃 André Letroque
路易港 Port Louis
trip-hop trip-hop
金月龙之介 Jin Yue Ryunosuke
蔡伟豪 Cai Weihao
斯图加特二队 Stuttgart Second Team
file:sfu-block-logo.svg file:sfu-block-logo.svg
猎鹰20 Falcon 20
王志国 Wang Zhiguo
托马斯·卡莱尔 Thomas Carlisle
威廉敏娜·吕布克 Wilhelmina Lubuk
加布里埃尔·马塞尔 Gabriel Marcel
金庾信 Kim Yu Shin
安德烈·亚历山德雷斯库 Andre Alexandrescu
巴塞隆拿c队 Barcelona C team
雷切尔·墨索里尼 Rachel Mussolini
曼杜华 Manduwa
卡路士·巴卡 Carus Baca
凯萨琳·麦康梅 Kathleen McCome
奥尔内 Orne
首尔特别市 Seoul Special City
绫部市 Ayabe City
高斯格 Gaussian
穆虹 Mu Hong
南湖区 Nanhu District
米哈伊尔·弗拉基米尔 Mikhail Vladimir
陈佩仪 Chen Peiyi
上饶站 Shangrao Station
尼克·布朗 Nick Brown
新建区 New district
理查德·奥尔尼 Richard Olney
伊留申76 Ilyushin 76
林曼丽 Lin Manli
阿尼马斯河 Animas
加山雄三 Yuzo Kayama
畑健二郎 Kenjiro Hata
卡米什利 Kamishli
叶海亚·乌尔德·艾哈迈德·瓦格夫 Yahya Ould Ahmed Wagoff
阿贝尔奖 Abel Prize
约恩内·亚尔韦拉 Joanne Jarvela
克里斯蒂安·斯图亚尼 Christian Stujani
电风琴 Electric organ
威廉·r·戴 William R. Day
日利纳 Zilina
珍妮佛·嘉纳 Jennifer Garner
尚雯婕 Shang Wenjie
巨蟹座 Cancer
哥宾尼斯 Gobinis
盒带 Cassette
桑托斯 Santos
本溪站 Benxi Station
赖士葆 Lai Shibao
周俊杰 Zhou Junjie
洪熙 Hong Xi
威廉·皮克顿 William Picton
gbu-12 gbu-12
保和省 Bohol
雪克来提·扎克尔 Shekleti Zacker
谢尔-奥洛夫·费尔特 Schell-Olov Felt
天旭足球会 Tianxu Football Club
苏志威 Su Zhiwei
锺国强 Zhong Guoqiang
特伦特·塞恩斯伯里 Trent Sainsbury
扎赫拉·拉赫纳娃德 Zahra Rahnawad
荣·科赞 Ron Kezan
伯利兹区 Belize District
罗伯特·诺齐克 Robert Nozick
泰昌 Taichang
哥达度 Godado
桑博人 Sambo
谭加汶 Tan Jiawen
澳洲u20 Australia u20
陈锦雯 Chen Jinwen
榕城区 Rongcheng District
怡嫔 Yi Bin
周传雄 Zhou Chuanxiong
卡罗琳·拉维尼娅·斯科特 Caroline Lavinia Scott
约瑟夫·伯克 Joseph Burke
克里斯·梅森 Chris Mason
菲洛劳斯 Philolaus
艾伦·旁派 Alan Pompey
杜瑞珠 Du Ruizhu
瓦迪斯瓦夫·拉赤基耶维奇 Władysław Račkiyevich
安德里斯·贝尔津什 Andris Berzins
黄志强 Huang Zhiqiang
沙布尔·巴赫蒂亚尔 Shabur Bakhtiar
派翠斯·伯吉 Patrice Bergee
auto-tune auto -tune
谢里夫·哈桑 Sharif Hassan
安腾 Itanium
约瑟夫·加西亚 Joseph Garcia
特拉辛 Tracin
普哥碧 Pugobi
李嘉诚 Li Ka Shing
"musa's"] "musa's"]
布莱恩·麦肯奈特 Brian McKenneth
v8发动机 v8 engine
默哈伯莱什沃尔 Mahabaleshwar
peach-pit peach-pit
米洛斯拉夫·卡尔汉 Miloslav Karhan
米哈伊尔·阿法纳西耶维奇·布尔加科夫 Mikhail Afanasyevich Bulgakov
詹姆斯·怀特 James White
卡米罗·巴尔加斯 Camilo Vargas
帕特里克·莱希 Patrick Leahy
延政勋 Yeon Jung Hoon
迪维西语 Divisi
鲍勃·希尔 Bob Hill
布义德 Bouyed
加斯东·巴舍拉 Gaston Bachela
洪怀恩 Hong Huaien
韦拔群 Wei Baqun
阿弗烈·芮克里夫-布朗 Alfred Recliffe-Brown
迪斯伯里 Disbury
正冈邦夫 Masaoka Kunio
高皓正 Zac Kao
益阳市 Yiyang City
金岱妮 Jin Daini
卡立诺丁 Carinoldin
张弘范 Zhang Hongfan
高圆寺 Koenji
西开普省 Western Cape
京都府旗 Kyoto prefecture flag
尼可拉斯·卓林斯 Nicholas Zollins
李小满 Li Xiaoman
戴高乐主义 Gaullism
张春华 Zhang Chunhua
诺基亚lumia_900 Nokia lumia_900
贵州省体育场 Guizhou Provincial Stadium
朴喜洵 Park Heixun
陆浩 Lu Hao
x-37试验机 x-37 testing machine
昼海干音 Day sea dry sound
保利斯塔 Paulista
林丽云 Lin Liyun
基斯·达菲 Keith Duffy
拉希德·斯费尔 Rashid Schfer
阿德尔·萨法尔 Adel Safar
阿比盖尔·亚当斯 Abigail Adams
格雷姆·西格尔 Graeme Siegel
张建亚 Zhang Jianya
克尔纳韦 Krnaway
庙街 Temple Street
吴志扬 Wu Zhiyang
阿基尔达斯 Akildas
泽恩·马利克 Zen Malik
球栅阵列封装 Ball grid array package
许英珠 Xu Yingzhu
三色堇 pansy
帝辛 Dixin
伦弗鲁 Renfrew
查斯连历 Chas Lian Li
迪亚多纳 Diadona
李其炎 Li Qiyan
蒋孝武 Jiang Xiaowu
步数检测器 Step count detector
上户彩 Ueto Aya
平松邦夫 Hiramatsu Kuno
亚穆纳河 Yamuna
织田信贞 Oda Nobusada
龙胆 Gentian
陈俊伟 Chen Junwei
荷西·玛利亚·基文尼斯 Jose Maria Kivennis
卢森堡市 Luxembourg City
淑英 Shuying
下野市 Shimo City
帕沃尔·尤尔乔 Pavol Yuljo
句容市 Jurong City
保罗·乌丹加林 Paul Udangarin
哈勒姆·德兹尔 Harlem Dezil
欧仁·德拉克罗瓦 Eugene Delacroix
石墨烯 Graphene
a-50预警机 a-50 early warning aircraft
特里·法雷尔 Terry Farrell
cp-140 cp-140
努曼·梅内曼吉奥卢 Numan Menemangioglu
张成文 Zhang Chengwen
卡巴星 Carbacin
荷巴特 Hobart
马加奥 Magao
斯坦尼斯瓦夫·哈勒尔 Stanislaw Harrell
谢维洲 Xie Weizhou
昆西·琼斯 Quincy Jones
路易斯·布努埃尔 Luis Bunuel
林义郎 Lin Yoshiro
前金区 Qianjin District
日村 Himura
美原区 Mihara District
乌纳拉斯卡岛 Unalaska i.
马苏德·巴尔扎尼 Massoud Barzani
大卫·凯利 David Kelly
阿侬人 Anon
世取山宏秋 Setoriyama Hiraki
肯特省 Kent
邓州市 Dengzhou
滕文生 Teng Wensheng
让·比安弗尼-马坦 Jean Bienvenue-Martin
汉斯·冯·塞克特 Hans von Seckert
孙继伟 Sun Jiwei
史蒂维·雷·沃恩 Stevie Ray Vaughan
政治委员 Political commissar
乔治·迪布斯 George Dibbs
斯特瑞芬 Streffen
福惠 Fuhui
皮埃尔·哈布姆兰伊 Pierre Habmulany
施里玛达 Shrimada
黄智贤 Huang Zhixian
东罗曼语支 East Romance
三浦弦太 Miura Genta
blood-c blood-c
赫舍里氏 Herschel
帕特里克·赫罗绍夫斯基 Patrick Hrosovsky
汉斯-格特·珀特林 Hans-Gert Pertling
黎小田 Li Xiaotian
伊斯灵顿 Islington
伊丽莎白·切尼 Elizabeth Cheney
绦虫乐团 Tapeworm
罗贝尔·布隆 Robert Bron
雅克·夏特兰 Jacques Chatelin
比利亚雷阿尔 Villarreal
康塔尔省 Cantal
建设省 Province of Construction
奥利弗·特维 Oliver Tevey
福兰克林·皮尔斯 Franklin Pierce
马林·克来格 Marin Craig
sse4.2 sse4.2
叶巧儿 Ye Qiaoer
马蹄露 Horseshoe Dew
王诜 Wang Xu
马谢库 Machecu
卜鲁斯 Bruce
塞缪尔·贝尔 Samuel Bell
雷克瑟姆 Wrexham
谢尔盖·米哈依洛维奇·爱森斯坦 Sergei Mikhailovich Eisenstein
慈江道 Cijiang Road
杜英 Toei
广府民系 Cantonese Civilian
列耶辛斯夫 Leyesinsev
育碧罗马尼亚 Ubisoft Romania
王时敏 Wang Shimin
休静 Xiu Jing
拉丁帝国 Latin Empire
柏耶 Bayer
琉球文 Ryukyu sentence
阿格里帕·珀斯图姆斯 Agrippa Posttums
莫尔德 Mold
李冬娜 Li Dongna
吉普斯夸省 Guipuzcoa
唐伟泰 Tang Weitai
克拉尼 Krani
柴智屏 Chai Zhiping
长墙街 Long Wall Street
凤飞飞 Feng Feifei
彼得比路 Peterby Road
阿里·梅什基尼 Ali Meshkini
诸葛瞻 Zhuge Zhan
克钦族 Kachin
美浓市 Mino City
藤田俊哉 Toshiya Fujita
保罗亨达臣 Paul Henderson
欧根·芬克 Eugen Fink
提格雷州 Tigray
诺达尔·哈什巴 Nodal Hashba
梁思懿 Liang Siyi
圣菲县 Santa Fe County
罗伯特·帕里 Robert Parry
陈家瑛 Chen Jiaying
罗索尔·拉甘 Rosol Lagan
江庆林 Jiang Qinglin
威廉·海登·英格里斯 William Hayden Inglis
黎话 Li dialect
阿斯科利皮切诺 Ascoli Piceno
塞巴斯蒂安·索利亚 Sebastian Soria
杨婉仪 Yang Wanyi
林瑞辉 Lin Ruihui
尚恩·库姆斯 Shane Combs
约翰·加尔文 John Calvin
乔万尼·巴蒂斯塔·贝内戴蒂 Giovanni Battista Benedetti
达乌达·贾瓦拉 Daouda Jawala
戚其义 Qi Qiyi
德川茂承 Tokugawa Shigeru
爱德华·斯坦霍普 Edward Stanhope
摩尔门 Mormon
艾莫斯·巴伯 Amos Barber
姆比亚 Mbia
谢兆宇 Xie Zhaoyu
file:sjtu_name.svg file:sjtu_name.svg
亚历桑那州 Arizona
泽基·塞泽尔 Zeki Sezer
伊藤千晃 Chiaki Ito
长号 Trombone
桃花岛 Peach Blossom Island
杨哲安 Yang Zhean
文森·欧里奥 Vincent Orio
狄恩·温特斯 Dean Winters
谅山市 Lang Son
恩斯特·阿贝 Ernst Abbe
滨田治希 Hamada Haruki
达马希乌斯 Damachius
奄美市 Amami City
米利夫 Milif
阿尔布雷希特·腓特烈 Albrecht Friedrich
拉斐尔·瓜里利亚 Rafael Guarilla
阮友寿 Ruan Youshou
罗马帝国行省 Provinces of the Roman Empire
弗吉尼亚·伯特梅勒 Virginia Bertmeler
贝尼诺·扎卡尼尼 Bernino Zaccanini
卢修斯·卡尔普尔尼乌斯·皮索·凯索尼努斯 Lucius Karpurnius Piso Kesonus
乔·拜恩 Joe Byrne
武里南联 Buriram United
庆妃 Qing Fei
费宗·吉齐基斯 Fezon Gizkis
西索瓦·莫尼旺 Sisowath Moniwan
图-204 Tu-204
杉山哲 Sugiyama Tetsu
严梦汉 Yan Menghan
奥尔巴尼法学院 Albany Law School
福井健一郎 Kenichiro Fukui
相山区 Xiangshan District
贝尔格勒市 Belgrade
阿讷西 Annecy
穆斯特韦埃 Mustevee
观察家报 Observer
元亨 Yuanheng
奥卡河 Oka River
蒙扎 Monza
红磡站 Hung Hom Station
蒋祝平 Jiang Zhuping
慕沙莫哈末 Musa Mohd
居斯塔维亚 Gustavia
mke安卡拉高古 mke ankara gogo
北回线 North loop
苏颂 Su Song
李美妍 Lee Miyeon
积锡 Tin
苏毛治 Su Maozhi
艾里特·奥斯保 Eliot Osbour
魏国强 Wei Guoqiang
大藤史 Fumi Oto
丹尼斯·罗伯特森 Dennis Robertson
阿末巴沙莫哈末哈尼巴 Ahmad Basha Mohd Haniba
威拉米特河 Willamette River
扬·科皮茨 Jan Kopitz
鲁伊·帕特里西奥 Rui Patricio
米克·贾格尔 Mick Jagger
安东尼·波尼科夫斯基 Anthony Ponikowski
养子 Adopted son
克伦族 Karen
保基 Bao Ji
宋旻浩 Song Minhao
高尔吉亚 Gorgia
曼索利 Mansoli
飞鱼湾 Flying fish bay
格兰·提普顿 Gran Tipton
布鲁内托·布恰雷利-杜奇 Brunetto Bucharelli-Ducci
詹姆士·罗伯特·朗登 James Robert Longdon
苏聪 Cong Su
新疆省 Xinjiang Province
埃德·默里 Ed Murray
彭家丽 Peng Jiali
梅尔文·布拉格 Melvin Bragg
上都 Shangdu
哈萨诺夫 Hasanov
嘉贝士 Kaoru
卡什加人 Kashgar
郭志鸿 Guo Zhihong
凯撒斯劳滕 Kaiserslautern
襄阳市 Xiangyang
莫拉达巴德 Moradabad
严朝君 Yan Chaojun
艾姆斯 Ames
叶永成 Ye Yongcheng
贵人袁氏 Yuan Shi
陈淑英 Chen Shuying
核动力 Nuclear power
喜多方市 Kitakata City
哈利·裘德 Harry Jude
马廷强 Ma Tingqiang
沼田市 Numata City
马金·斯皮尔伯格 Mackin Spielberg
理查德·克拉克·休厄尔 Richard Clark Sewell
马可·希耶塔拉 Marco Hietala
拉卡 Rakka
朱聪 Zhu Cong
梅彭 Meppen
钟晓玉 Zhong Xiaoyu
陈－韦伊同态 Chen-Wei homomorphism
鹤冈市 Tsuruoka City
鹿部町 Shikabe Town
彼得·斯托扬诺夫 Peter Stoyanov
清裕陵 Qing Yuling
任贤齐 Ren Xianqi
吉杜·克里希那穆提 Jidu Krishnamurti
佳木斯市 Jiamusi
boldklubben_1893 ball club 1893
久喜市 Kuki City
秋山虎康 Akiyama Tiger Kang
华玲 Hua Ling
甘马伦·爱华士 Cameron Edwards
梅丽莎·劳奇 Melissa Rauch
林珍儿 Lin Zhener
阿什哈巴德 Ashgabat
黄燕明 Huang Yanming
光泰 Guangtai
司马防 Sima Fang
普瓦图 Poitou
芦原市 Awara City
沃伦·黑斯廷斯 Warren Hastings
珍妮佛·李 Jennifer Lee
丘海 Qiu Hai
望月祐多 Mochizuki Yuta
塔拉斯·斯特帕宁科 Taras Stepanenko
黄嘉乐 Huang Jiale
照准器 Sight device
张盛焕 Zhang Shenghuan
哈伊姆·魏茨曼 Haim Weizmann
易卜拉欣·穆罕默德·迪迪 Ibrahim Mohamed Didi
羌语 Qiang
列翁·都德 Leon Dude
海威科姆 High Wycombe
赛门·金柏格 Simon Kimberg
昭陵 Zhaoling
乔治·罗伯特·卡特 George Robert Carter
张同生 Zhang Tongsheng
戴维·c·布罗德里克 David C. Broderick
歼-11战斗机 J-11 fighter
托马斯·帕特森 Thomas Patterson
基伏·斯托伊卡 Kivu Stojka
维多里奥·狄西嘉 Vittorio Di Sica
约翰·格默 John Gummer
拉马斯瓦米·文卡塔拉曼 Ramaswami Venkataraman
津岛市 Tsushima City
越前市 Echizen City
赫图阿拉城 Hetuara
霍尔姆松德 Holmsund
查尔斯·甘迺迪 Charles Kennedy
印西市 Inzai City
伊雷纽什·塞库瓦 Irenas Secuva
帕特里斯·贝萨克 Patrice Besac
约翰·j·克里腾登 John J. Crittenden
舍曼·明顿 Sherman Minton
裘德·洛 Jude Law
伊普斯威奇 Ipswich
高桥弥七郎 Yashichiro Takahashi
鲁济济河 Ruzizi River
雷菲克·萨伊达姆 Refik Saidam
米高·赞臣 Michael Zanchen
艾沙拉比 Ai Chalabi
圣-让-卡普-费拉 Saint-Jean-Cap-Fira
侯赛因·瓦素福·彻纳尔 Hussein Wasuf Chenar
薛卡 Xueka
骷髅总队 Skeleton Team
马约特 Mayotte
丰臣秀赖 Toyotomi Hideyori
德之岛语 Tokunoshima
nawzad_shirzad nawzad_shirzad
kostyantyn_gryshchenko kostyantyn gryshchenko
伊梅尔达·马科斯 Imelda Marcos
圣路易斯 St. Louis
俞宗怡 Yu Zongyi
东成濑村 Higashi Narase Village
贡寮区 Gongliao District
艾豪尔 Aihar
大卫·贝尼奥夫 David Benioff
迪加高尔 Digagar
鹭巢诗郎 Shiro Sagisu
约瑟夫·布罗伊尔 Joseph Breuer
陈子玲 Chen Ziling
萨尔兰 Sarlan
库斯科 Cusco
巴拉德罗 Varadero
田中澄子 Sumiko Tanaka
安德鲁·斯塔克 Andrew Stark
爱川町 Aikawa
塔拜 Tabai
费凯迪 Fekedi
张琰 Zhang Yan
柯政铭 Ke Zhengming
伊亚德·阿拉维 Iyad Allawi
长谷川阿利亚 Hasegawa Aliya
卡拉卡斯 Caracas
欧马斯 Omas
拉乔·佩特罗夫 Rajo Petrov
罗柏森·戴维思 Roberson Davis
露易丝·布瑞莉 Louise Brielli
桐华 Tong Hua
宫间绫 Miyama Aya
bronislav·卡明斯基 bronislav Kaminsky
克里斯托弗·瓦尔兹 Christopher Waltz
苏丹雅耶·贝特拉 Sultanaye Betra
苏门答腊岛 Sumatra
威廉·查普曼·雷弗科姆 William Chapman Refcomb
詹姆斯·罗伯特·琼斯 James Robert Jones
乌伦迪 Ulundi
张丽堂 Zhang Litang
谢元凯 Xie Yuankai
白茵 Bai Yin
庄拿芬·卢比斯·佩雷斯 Jonathan Rubis Perez
哈密站 Hami Station
本寿院 Honjuin
松泽香辉 Matsuzawa Kauki
肯特 Kent
劳伦斯·斯特 Lawrence St
苏钰祺 Su Yuqi
鲹科 Carangidae
逆风18 Headwind 18
伊亚高普·拿洛卡 Iagop Naloka
瑞秋·麦亚当斯 Rachel McAdams
马尔科姆·福斯特 Malcolm Foster
蔡明容 Cai Mingrong
金珠荣 Jin Zhurong
澳洲u17 Australia u17
费尔南·布伊松 Fernan Buisson
皮埃尔·杜申 Pierre Dussin
科恩埃尔·绍拉陶 Cohenel Saolata
希亚菲特 Siafit
拉格普·居米什帕拉 Lagop Gumispala
布兰顿 Brandon
宝安体育场 Baoan Stadium
谯城区 Qiaocheng District
罗伯特·洛威特 Robert Lowett
大坎皮纳 Campina Grande
罗伯特·米尔金斯 Robert Milkins
保济丸足球队 Hosai maru football team
美迪·尼尔逊 Medi Nelson
伊万·塞萨尔 Ivan Cesar
赫尔曼·r·迪特里希 Hermann R. Dietrich
ledhut ledhut
约普·登·厄伊尔 Jopp Den Uyle
保罗·埃米利奥·塔维亚尼 Paul Emilio Taviani
詹姆斯·格林·哈代 James Green Hardy
山多尔宫 Sandor Palace
马库斯·坎贝尔 Marcus Campbell
falil_caffoor falil_caffoor
厄尼·伊夫斯 Ernie Ives
鲍比·霍顿 Bobby Horton
卢森堡宫 Luxembourg Palace
北萨米盲文 Northern Sami Braille
南势角站 Nanshijiao Station
江志仁 Jiang Zhiren
波蒂蒙尼斯 Portimonis
弗雷德·霍伊尔 Fred Hoyle
霍华德·肖 Howard Shaw
里昂·希伯来 Leon Hebrew
穆拉 Mulla
图尔奈 Tournai
file:lund_logotype2.jpg file: lund_logotype2.jpg
帕拉伊巴州 Paraiba
吉首市 Jishou City
侍战队真剑者 Samurai Swordsman
麻喵子 Manyako
威廉·克罗 William Crowe
刘家辉 Liu Jiahui
阿莎-罗丝·米吉罗 Asha-Rose Miguelro
郑允浩 Jeong Yunho
陈朗 Chen Lang
卡达里亚尔 Cadarial
艾巴斯·赫臣 Abbas Hechen
洛斯桑托斯省 Los santos, prov.
白马村 White Horse Village
埃里克·托马斯 Eric Thomas
桑德拉·鲁洛夫斯 Sandra Lulovs
希尔顿·哈克尼 Hilton Hackney
绫部守人 Shuto Ayabe
卢西亚诺・纳尔辛格 Luciano Narsinger
农本主义 Agrarianism
德川宁 Dechuanning
陈善富 Chen Shanfu
彼尔姆 Perm
冯衡 Feng Heng
李熹性 Li Xixing
杨绪松 Yang Xusong
分类学 Taxonomy
凯恩斯主义经济学 Keynesian Economics
尚恩·m·迪凯特 Shane M. Decatur
file:yuanflag1.svg fillet: yuanflag1.svg
丁罗升 Ding Luosheng
弗朗西斯·比恩·科本 Francis Bean Cobain
林文礼 Lin Wenli
file:pcrm_logo.png file:pcrm_logo.png
米高·肯恩 Michael Kane
沙洋县 Shayang County
函馆市 Hakodate City
弗拉季斯拉夫·格里戈里耶维奇·阿尔金巴 Vladislav Grigorievich Alkinba
李仲威 Li Zhongwei
苏迪亚 Sudia
沙兹曼 Shazman
博罗什·彼得 Boros Peter
林健东 Lin Jiandong
海斯廷斯·卡穆祖·班达 Hastings Kamuzu Banda
罗伯特·艾达 Robert Ada
李银河 Li Yinhe
锁飞 Lock fly
汤姆·c·克拉克 Tom C. Clark
约迪·瑞尔 Jodie Riel
乔舒亚·w·亚历山大 Joshua W. Alexander
李秋平 Li Qiuping
迪亚奴 Diano
马田昆素 Martin Kunsu
察度 Chadu
奇连·巴卡斯 Chillen Bakas
拉米 Lamy
周晓东 Zhou Xiaodong
汤玛斯·布什内尔 Thomas Bushnell
永州市 Yongzhou
西闪米特诸语 West Semitic languages
郑伊健 Ekin Cheng
盖·马丁 Guy Martin
阿里·宰因·阿比丁 Ali Zin Abidin
柯钦政 Kochin
峇眼 Bayan
黄坤明 Huang Kunming
埃塞尔·杜邦 Ethel Dupont
军事学家 Military scientist
王少杰 Wang Shaojie
波音vc-25 Boeing vc-25
约翰·诺克斯 John Knox
阿娜特 Anat
刘以达 Liu Yida
何塞·德拉里瓦·阿圭罗 Jose de la Riva Aguero
真菌学 Mycology
威廉·奥斯利 William Osley
玛利亚·毕苏斯卡 Maria Pisuska
域陀·杜比奥斯 Victor Dubius
上野树里 Juri Ueno
横手市 Yokote City
村上义雄 Yoshio Murakami
许达哲 Xu Dazhe
菲岛褔木 Philippine
file:douglas-logo.png file:douglas-logo.png
宫锁连城 Palace Suo Liancheng
珍妮丝·狄金森 Janice Dickinson
佐佐木基 Motoi Sasaki
蔡厝港 Choa Chu Kang
卓琳 Zhuo Lin
施立 Shi Li
卡尔·史瓦西 Karl Schwarzschild
乔治·w·汤斯 George W. Towns
阿伦·奇勒 Alan Kyler
mohammad-reza_khatami Mohammad-Rez_Khatmi
奈洛比省 Nairobi Province
乔治·爱德华·摩尔 George Edward Moore
锺鼎安 Zhong Ding'an
加耶戈河 Gayego
赫迪·巴库什 Hedi Bakush
腾讯动漫 Tencent Animation
隆庆 Longqing
索尔·图科斯基 Sol Tukowski
拉斯·尼尔逊 Lars Nelson
慧贤皇贵妃 Emperor Huixian
塔兰 Taran
蒙格埃尔 Monger
阿卜杜·卡林·阿卜杜拉·阿拉斯 Abdu Kalin Abdullah Alas
罗汉松 Podocarpus
亚历桑德拉·毕苏斯卡 Alexandra Pisuska
蒂姆·林斯肯 Tim Linsken
奥克兰运动家 Oakland Athletics
阿兰·普罗斯特 Alan Prost
大须贺昭人 Akito Oogi
翁文荣 Weng Wenrong
共和主义 Republicanism
陈乃荣 Chen Nairong
虞云耀 Yu Yunyao
夏鼎基 Xia Dingji
丁卡人 Dinka
天龙川 Tianlongchuan
井上敦史 Atsushi Inoue
马林巴 Marimba
制空权 Air supremacy
皮尔士 Peirce
拉脱维亚语盲文 Latvian Braille
纽瓦克湾 Newark Bay
马克·哈米尔 Mark Hamill
约瑟夫·埃米利奥·阿巴亚 Joseph Emilio Abaya
东引海战 Dongyin Sea Battle
j·g·巴拉德 j.g. Ballard
帕佩·萨尔 Pape Sal
克努特·维克塞尔 Knut Wicksell
大明宝钞 Da Ming Baochao
米拉卜杜拉耶夫 Mirabdulayev
2015年东亚杯 East Asian Cup 2015
明孝陵 Ming Xiaoling
增原义刚 Masuhara Yoshitaka
卡尔·麦卡特尼 Carl McCartney
尼古拉·哥白尼 Nicolaus Copernicus
赵阳 Zhao Yang
福多 Fudo
科罗拉多州行政区划 Administrative divisions of Colorado
格里沙·菲利波夫 Grisha Filipov
阿莱士·叶夫谢耶夫 Alex Yevseyev
列日 Liege
潘复 Pan Fu
科尔多瓦 Cordoba
安德雷亚·阿涅利 Andrea Agnelli
赛尔曼·a·瓦克斯曼 Salman A. Waxman
古斯塔夫·瓦萨 Gustav Vasa
姜德基 Jiang Deji
山口智 Yamaguchi Chi
约翰·波耶加 John Boyega
赫尔曼·邦迪 Herman Bundy
峰崎直树 Minezaki Naoki
霍华·唐纳 Howard Downer
张怡宁 Zhang Yining
曼图拉斯 Manturas
黄楚平 Huang Chuping
迈克尔·彼得森·弗里斯 Michael Peterson Fries
北本久仁卫 Kitamoto Kurito
雅达利st Atari st
亨利·瓦鲁瓦 Henry Valois
维塔利·马索尔 Vitali Marsol
迈克·彭斯 Mike Pence
伊恩·桑莫哈德 Ian Somerhalder
乔纳森·弗林 Jonathan Flynn
相变 Phase transition
崔民 Cui Min
吴超 Wu Chao
苏萨 Susa
伊凡·罗杰斯 Ivan Rogers
荷伦达 Horenda
北室龙马 Kitamuro Ryoma
南莱特省 Southern Leyte
沃伦·e·伯格 Warren E. Berg
岛式月台 Island platform
艾治利积尼 Aegean
金奎钟 Kim Kyu Jong
竹崎乡 Zhuqi Township
三北 Three North
夏尔·埃尔米特 Charles Hermit
吴瑞 Wu Rui
白理安 Brian
柴田岳志 Takeshi Shibata
越秀山体育场 Yuexiu Mountain Stadium
哈萨克杯 Kazakh Cup
西布罗姆维奇 West Bromwich
袁驷 Yuan Si
荣姬 Eiji
詹姆斯·弗朗西斯·爱德华·斯图亚特 James Francis Edward Stuart
卡塞尔 Kassel
爱德华·巴里奥 Edward Barrio
斯洛伐克人 Slovak
詹姆斯·范德比尔特 James Vanderbilt
file:wesleyan_university.svg file:wesleyan university.svg
鹤壁市 Hebi City
林敏骢 Lin Mincong
林敏怡 Lin Minyi
噶尔县 Gar County
格尔格利·鲁道夫 Georgi Rudolph
巴利米纳 Ballimina
李勋 Li Xun
罗莎·帕克斯 Rosa Parks
阿鲁那恰尔邦 Arunachal Pradesh
阮氏萍 Ruan Thi Ping
航空业 Aviation industry
南箕轮村 Nanjiwa Village
哈迪·塔伊卜 Hadi Taib
阿拉丁帕夏 Aladdin Pasha
岸田森 Kishida Mori
庄冬昕 Zhuang Dongxin
理查德·李·阿米蒂奇 Richard Lee Armitage
危地马拉格查尔 Guatemalan Quetzal
吉佳利 Kigali
袁家骝 Yuan Jialiu
夭娇空碧 Yao Jiao Kongbi
吴由姬 Wu Youji
新昌县 Xinchang County
何塞·马查多 Jose Machado
照英 Shoei
亨利·德·蒙泰朗 Henri de Montellan
彼得·哈德曼·伯内特 Peter Hardman Burnett
马田·连尼斯 Martin Lennis
詹姆斯·费尔邦 James Fairbon
保罗·迪尼 Paul Dini
普渡河 Pudu River
扬·格雷古什 Jan Gregus
曼佛雷德·隆美尔 Manfred Rommel
费加尔·奥布莱恩 Figar O'Brien
奇格韦尔公学 Chigwell College
嫡妻 Seishitsu
利奥·西拉德 Leo Silad
刘易斯 Lewis
苏班西里河 Subbansiri
朗达玛 Randama
尼古拿·佐真逊 Nicolas Zozenson
佐藤雄三 Yuzo Sato
何耀宏 He Yaohong
唐宁街幕僚长 Downing Street Chief of Staff
海科·冯德莱恩 Heiko Vonderlein
及川奈央 Nao Oikawa
藏区 Tibetan area
斯梅塔诺瓦洛塔 Smetano Valota
载瓦人 Carva
纳尔奇克 Nalchik
伽达默尔 Gadamer
naghsh-e-jahan体育场 naghsh-e-jahan stadium
刀耕火种 Slash and burn
洛查 Rocha
雪松 cedar
亚洲人 Asian
阿萨特 Asat
梁胜权 Liang Shengquan
雾社溪 Wushexi
麦肯齐·鲍威尔 Mackenzie Powell
沙莫夫 Shamov
德川庸姬 Tokugawa Yuki
谨嫔 Sincerely
公视主频 PTV clock
阿莱·穆巴拉克 Alai Mubarak
汤斯维尔 Townsville
辛哈 Sinha
乔瓦尼·贝蒂奥尔 Giovanni Bettiol
伊东丰雄 Toyo Ito
比尔·沃克 Bill Walker
牟家宏 Mou Jiahong
摩尔多瓦人 Moldovan
高婉倩 Gao Wanqian
中央市 Central City
朱子聪 Zhu Zicong
扎扎·宾客斯 Zaza Binks
亚历克斯·汉纳姆 Alex Hannum
张璪 Zhang Wei
董赵洪娉 Dong Zhao Hongping
马里迪莫足球会 Maritimo Football Club
芝樱 Shibazakura
霍凡 Huo Fan
后藤田正纯 Gotota Masazumi
沈拜奥 Sampaio
下池志直 Shinao Shimoike
苏定方 Su Dingfang
布里格姆·扬学院 Brigham Young College
小樽市 Otaru City
李赫哲 Li Hezhe
藤原道长 Mayor Fujiwara
张嘉倪 Zhang Jiani
伊凡·康斯坦丁诺维奇·艾瓦佐夫斯基 Ivan Konstantinovich Aivazovsky
拉扎勒斯·w·鲍威尔 Lazarus W. Powell
喀山市杜马 Kazan City Duma
载泽 Zaize
罗德·罗勒尔 Rod Roller
保罗·勒佩吉 Paul LePage
事务官 Clerical officer
阿列克谢·柯西金 Alexei Kosygin
罗亚姆巴 Royamba
余黎青萍 Yu Li Qingping
太田康资 Yasuo Ota
基尼·祖柏特 Gini Zubert
斯凡特·奥古斯特·阿伦尼乌斯 Svante August Arrhenius
申和容 Shen Herong
南威岛 Nungwi Island
黄雪 Huang Xue
昭通市 Zhaotong City
荷西·甘巴尔 Jose Gambar
白川裕二郎 Yujiro Shirakawa
渊盖苏文 Yungai Suwen
富恩勒比达 Fuenlebida
谭诺丽 Tan Nuoli
万千宫 Thousands of palaces
库尔特·沃尔特克 Kurt Waltek
playboyz playboyz
伊贵人 Igui
克莱佩达 Klaipeda
饭田俊助 Shunsuke Kaeda
李原圭 Li Yuangui
皮特·方顿 Pete Fonton
突尼斯市 Tunisia
克鲁 Crewe
胡俊 Hu Jun
太阳日 Solar day
mpeg-2 mpeg-2
元龟 Yuangui
里兹·阿迈德 Liz Ahmed
钦州市 Qinzhou
中山站 Zhongshan Station
尼高拉斯·尼古路 Nicholas Nicholas
尹如山 Yin Rushan
基帝塔什县 Kittitash County
金华市 Jinhua City
埃米尔·博克 Emile Bok
钢铁侠 iron Man
杰克·尼科尔森 Jack Nicholson
小威廉·丹尼森 William Denison Jr.
阿赫迈特·菲克里·托泽尔 Ahmet Fikri Tozeur
汉密尔顿 Hamilton
月海 Moon sea
阿洛菲 Alofi
梨本宫 Nashimoto Palace
胡安·曼努埃尔·瓦尔加斯 Juan Manuel Vargas
克劳迪奥·皮萨罗 Claudio Pizarro
琴宝罗 Qin Bao Luo
艾拉·伊丽莎白·菲利浦斯 Ella Elizabeth Phillips
尼克拉斯·卢曼 Niklas Luhmann
石景山区 Shijingshan District
米哈伊尔·伏龙芝 Mikhail Frunze
𫓴田市 𫓴Tian City
丹尼尔·哈里斯 Daniel Harris
突击队 Commando
马国毕 Ma Guobi
奥洛穆克州 Olomouc
克罗地亚库纳 Croatian Kuna
罗文姬 Luo Wenji
ts-11 ts-11
米哈尔·帕夫拉塔 Mikhail Pavrata
山打根 Sandakan
维利加·布林凯维丘特 Villiga Brinkevichute
查尔斯·麦卡锡 Charles McCarthy
凯尚 Keshan
奥列格 Oleg
许亦妮 Xu Yini
斯韦特兰娜·弗拉基米罗芙娜·梅德韦杰娃 Svetlana Vladimirovna Medvedev
壁球 squash
廖京生 Liao Jingsheng
保罗·阿利维萨托斯 Paul Alivisatos
休·拉格里 Hugh Lagley
卡斯奥维夫 Kasoviev
特雷门 Theremen
克里斯·布加林 Chris Bugarin
霍查主义 Hoxhaism
射水市 Sheshui
东乡彪 Togo Biao
永井一郎 Ichiro Nagai
布拉戈耶夫格勒 Blagoevgrad
朱标 Zhu Biao
的黎波里塔尼亚埃米尔 Emir of Tripolitania
米哈伊尔·莱蒙托夫 Mikhail Lermontov
阿卜杜利·文沙利 Abdulli Wenshali
平民派 Populace
约翰·c·麦克尼尔 John C. McNeill
布莱德·考克斯 Brad Cox
紫波町 Shiwa Town
渝中区 Yuzhong District
re-maintenance Heat-maintenance
素攀武里足球会 Suphan Buri Football Club
安英学 An Young-Hak
迪赛尔 Diesel
陈慧琳 Chen Huilin
罗冠兰 Luo Guanlan
曼兹·坎贝尔 Manz Campbell
尚西 Shanxi
莱山区 Laishan
米高扬 Mikoyan
彼得·奥图 Peter Otto
后壁区 Posterior region
亚历山大·多尼夫 Alexander Doniff
托里维奥·德·卢苏列加 Torrivio de Lusulega
古安切guanche语支 Ancient Anche guanche branch
杜伊斯堡 Duisburg
东开普省 Eastern Cape
邵晓铃 Shao Xiaoling
阳江市 Yangjiang
埃里克·霍尔德 Eric Holder
威廉·p·克拉克 William P. Clark
拉波夫拉德塞古尔 La Poblad Segur
exo-m Exo- m
巴达臣 Badchen
丹尼尔·笛福 Daniel Defoe
拉菲尔·摩拉 Rafael Mora
云城区 Yuncheng District
白兰尼 Brandy
黄新初 Huang Xinchu
克里斯蒂亚诺·罗纳尔多 Cristiano Ronaldo
土库曼马纳特 Turkmen Manat
佩德罗一世 Pedro I
耶希亚 Yesia
广福 Guangfu
张烁 Zhang Shuo
阿萨辛派 Assassin
艾利臣·法利亚斯 Allison Fallas
阿贝伦斯特拉体育场 Abelenstra Stadium
勒内·马西利 Rene Marsilli
胡安·j·坎帕内拉 Juan J Campanella
杰里米·亨特 Jeremy Hunt
亨利·蒙克-梅逊·摩尔 Henry Munch-Mason Moore
库尔特·许士尼格 Kurt Huschniger
莱利奥·拉戈里奥 Lelio Lagorio
北路军 Northern Army
ancillo_canepa ancillo_canepa
宫藤官九郎 Miyato Kankuro
谢尔登·格拉肖 Sheldon Glashaw
outlook.com outlook.com
黄贤秀 Hwang Hyun Soo
演唱会 concert
迈克尔·摩考克 Michael Mocock
廿日市市 Hatsukaichi City
卡迪苏克·塞纳芒 Kadisuk Senaman
佐藤堇 Sato Sumire
塔明斯 Tamings
盎格鲁撒克逊弗托克文 Anglo-Saxon Futok
应安 Ying An
巴里·品吉斯 Barry Pinghis
冨成慎司 Shinji Tominari
巴伊亚州 Bahia
塔希尔·叶海亚 Tahir Yahya
威廉姆·里查德 William Richard
file:scuhuaxi.jpg file: Speaking foul language.jpg
裕彤体育场 Yutong Stadium
丹绒比亚 Tanjung Biya
里克·斯奈德 Rick Snyder
卡累利阿语 Karelian
merter_yüce merter
帕梅拉·哈里曼 Pamela Harriman
威廉·j·菲尔兹 William J. Fields
坂本龙马 Sakamoto Ryoma
约翰·凡·涅斯特·打马字 John van niester hitting the horse
兹林足球会 Zlin Football Club
佐藤友治 Tomoharu Sato
佐藤嘉风 Sato Yoshikaze
香农·布罗默 Shannon Bromer
白志 White will
陈汉城 Chen Hancheng
庄川樱 Zhuang Chuanying
file:ncku_name.png file:ncku_name.png
艾卡杜尼 Ekaduni
米兰洛夫 Milanlov
银川市 Yinchuan
养女 Adopted daughter
京斯敦 Kingston
姆拉登·伊万尼奇 Mladen Ivanic
拉夫·根利殊 Ralph Genrich
苏伊本 Suibn
余井塘 Yujingtang
加利西亚 Galicia
德川菊姬 Tokugawa Kikuhime
马场悠 Baba Yu
博礼 Boli
马里奥·曼祖基奇 Mario Manzukic
罗杰·泽拉兹尼 Roger Zelazny
圣贝尼托县 San Benito County
佩尼亚梅列拉尔塔 Penammellarta
拉美尼迪亚拉 Ramen Diarra
伊曼加利·塔斯马加姆别托夫 Imangali Tasmagambetov
铜仁市 Tongren
米海尔·斯塔西诺普洛斯 Mikhail Stasinopoulos
澄迈县 Chengmai County
格林纳达 Grenada
卡尔·卡斯腾斯 Carl Kastens
迈森 Meissen
钱明赛 Qian Mingsai
c6x c6x
chukwudi_chijindu chukwudi_chijindu
歼-5 J-5
格拉西亚 Gracia
大卫·肖 David Shaw
哲学史 History of philosophy
切斯特 Chester
皮卡第 Picardy
特雷勒堡 Trelleborg
惠提尔 Whittier
达雅族 Dayak
西装革履 Suit leather shoes
诺曼·亨达 Norman Handa
张卫 Zhang Wei
克莱门斯·冯·波德维尔斯-杜尼茨 Clemens von Podwells-Dunitz
阿图罗·古斯曼 Arturo Guzman
项英 Xiang Ying
谢里夫 Sherif
斯德哥尔摩省 Stockholm County
阿里·博泽尔 Ali Bozel
command.com command.com
乔治·桑德斯 George Sanders
汤姆·威尔金森 Tom Wilkinson
的黎波里伯国 Tripoli
惊悚片 horror film
赫尔曼·布莱特 Herman Bright
卡斯特利翁省 Province of Castellon
马里奥·里加蒙蒂体育场 Mario Rigamonti Stadium
懋嫔 Mao 嫔
运动员 athlete
贺州市 Hezhou
达累斯萨拉姆 Dar es Salaam
seminlen_doungel seminlen_doungel
汤姆·斯库勒 Tom Skuller
贝湖 Bay Lake
夏弗鲁丁·普拉维拉内加拉 Shafrudin Pravila Negara
麦克斯韦妖 Maxwell Demon
t.kura t.kura
沿山闽语 Yanshan Min
吉尔卡湖 Gilka Lake
亚洲杯足球赛 Asian Cup Football
小港站 Xiaogang Station
朱玉书 Zhu Yushu
ra:in ra: in
惠庭市 Eniwa City
博伯·比尔 Bob Bill
伯明翰市政厅 Birmingham City Hall
霍勒斯 Horace
卡雷尔·马哈 Karel Maha
方块壮字 Square word
市法团 Municipal Corporation
石狮子 stone lion
utc+4 utc+4
乔治·丘克 George Chuk
伊利亚金·文加拉 Ilyakin Wengara
托尼·本恩 Tony Benn
阿罗悖论 Arrow Paradox
尼高卡 Nigoka
戴维·哈罗德 David Harold
新进党 New Progressive Party
皮埃尔-约瑟夫·普鲁东 Pierre-Joseph Prudon
希迈 Chimay
路权 Right of way
郭霭仪 Guo Aiyi
裕陵 Yuryo
米黄色 cream color
麦克·维林格 Mike Willinger
阿扎迪体育场 Azadi Stadium
老约翰·泰勒 Old John Taylor
罗林·布兰考 Rollin Blanco
西尔维奥·格塞尔 Silvio Gesell
硬壳庞克 Hard shell punk
modula-2+ module-2 +
神栖市 Kamisu City
新桥站 Shimbashi Station
埃雷拉省 Herrera
西奥多里希·冯·特雷登 Theodoric von Treden
天水围飞马足球会 Tin Shui Wai Pegasus Football Club
沙漠化 Desertification
堪萨斯城蓝调 Kansas City Blues
庶妃唐氏 Concubine Down
萨莫拉-德伊达尔戈 Zamora de Hidalgo
巴塘河 Batang he
绍兴话 Shaoxing
泺邑 Luoyi
伊莉莎白·费奥多罗芙娜·罗曼诺娃 Elizabeth Feodorovna Romanova
藤原乙牟漏 Fujiwara Otomurou
镰田翔雅 Kamada Shoya
保罗·班勒卫 Paul Banley
辽天祚帝 Emperor Zuo of Liao Tian
阿萨德湖 Lake Assad
彼得·雅各布森 Peter Jacobson
阿摩尼奥斯·赫尔米埃 Amonios Hermier
莉娜·因巴斯 Lena Imbas
法兰西斯·哈奇森 Francis Hutchison
穆拉特·卡雷伊兰 Murat Kareilan
卓伯源 Zhuo Boyuan
艾哈迈德·侯赛因·胡达伊尔 Ahmed Hussein Hudayel
林雯洛 Lin Wenluo
栾树 Luan Shu
衡阳市 Hengyang
理查德·布兰森 Richard Branson
杰克布·迈森海默 Jakob Meisenheimer
麦克·哈灵顿 Mike Harrington
肖盛峰 Xiao Shengfeng
西本明 Akira Nishimoto
韦恩县 Wayne County
辛达·史云逊 Sinda Swanson
帕拉利米尼 Paralimni
詹姆士·阿巴思诺特 James Abbasnot
艾维斯·卡斯提洛 Ives Castillo
清水慎太郎 Shintaro Shimizu
大论 Big talk
保罗·贾科比 Paul Jacoby
尹宝拉 Yin Bao La
布莱恩·迈克尔·本迪斯 Brian Michael Bendis
梁朝伟 Tony Leung
曼托瓦 Mantova
法恩伯勒 Farnborough
凯瑟琳·泰伯尔 Katherine Taber
三星sds Samsung sds
运-8 Yun-8
郭崇信 Guo Chongxin
明永陵 Ming Yongling
萨克森-艾森纳赫 Saxony-Eisenach
欧志伟 Ou Zhiwei
朱亨峻 Zhu Hengjun
大风车 Windmill
格瑞斯·贝尔 Grace Bell
舒治 Shuji
佩特罗·托马西·德拉托雷塔 Petro Tomasi de la Torreta
midi:nette noon: clear
高根泽町 Takanezawa Town
赫尔曼·德克罗 Hermann De Crowe
瓦尔韦克 Valwijk
胡萨梅丁·厄兹坎 Husamedin Ozcan
阿鲁莫拿 Arumona
银紫荆星章 Silver Bauhinia Star
魏玛 Weimar
乌马格 Umag
李从珂 Li Congke
九江站 Jiujiang Station
禾达·马沙利 Heda Masali
乔治·霍德利 George Hodley
恩斯特·海克尔 Ernst Haeckel
比吉塔·达尔 Bigita Dar
爱沙尼亚语盲文 Estonian Braille
意大利裔英国人 Italian-British
干尼利斯 Ganellis
蓝兰岛漂流记 Blue Lan Island Drifting
鲍日娜·聂姆曹娃 Borina Nemcova
艾米·克罗布彻 Amy Krobcher
林卓人 Lin Zhuoren
温坎 Winkan
达木丁·苏赫巴托尔 Damudin Sukhbaatar
威廉·l·马西 William L. Marcy
张容佑 Zhang Rongyou
徐绍史 Xu Shaoshi
诺曼·斯廷罗德 Norman Stingrod
陈嘉佳 Chen Jiajia
佩特·季亚琴科 Pat Dyachenko
托马斯·f·贝亚德 Thomas F. Bayard
奥多摩町 Okutama Town
基罗兰菜入 Kiroland Vegetables
加须市 Kasu City
雅赫摩斯-斯泰蒙 Yahmos-Steemon
瑞克·麦考连 Rick McCullen
伊尔福德 Ilford
霍慧芬 Huo Huifen
关圣佑 Guan Shengyou
史汉军 Shi Hanjun
戈伟 Ge Wei
帕特里克·戈登·沃克 Patrick Gordon Walker
切尔姆斯福德 Chelmsford
伊克巴勒 Iqbal
每日镜报 Daily Mirror
十全九美 Perfect
胡戈·埃德曼 Hugo Edman
迈克尔·克莱顿 Michael Clayton
埃塞俄比亚语 Ethiopian
塔妮娅·拜伦 Tanya Byron
根拿·杜华臣 Gennaro Duvachen
泰利·谷巴 Terry Goba
价值论 Axiology
实心琴身 Solid body
帕图卡河 Patuka River
怀文县 Huaiwen County
执政府 Ruling government
埃文森·帕特里西奥·巴斯孔塞洛斯·多纳西门托 Evanson Patricio Basconcelos Donacimento
约翰·梅纳德·史密斯 John Maynard Smith
雷沙斯 Rexas
史蒂夫·艾伯特 Steve Albert
约翰·杜尔 John Durr
特别市 Special city
恰蒂斯加尔语 Chhattisgarh
尼尔·凯萨迪 Neil Kesadi
芮效俭 Rui Xiaojian
洛东江 Nakdong river
小松隆志 Takashi Komatsu
江凌 Jiang Ling
臧金生 Zang Jinsheng
奥尔良派 Orleans
奥迪隆·巴罗 Odilon Barro
邵家辉 Shao Jiahui
平范子 Ping Noriko
金瑞亨 Jin Ruiheng
埃塞姆·曼德列斯 Etham Menderes
常熟市 Changshu
罗伊·布伦特 Roy Brent
卡娣雅·萨基菲 Kadiya Sakifi
洁西卡·卡普肖 Jessica Capshaw
鲁姆苏丹国 Sultanate of Rum
藤原拓海 Fujiwara Takumi
未名湖 Weiming Lake
阿勃德拉 Abdra
安东尼奥·法齐奥 Antonio Fazio
乔科省 Choco
普路托斯 Plutos
米高·辛特 Michael Hinter
庶妃钮祜禄氏 Concubine Niu Hulu
伯麦 Burmese
茹拉耶夫 Zhulayev
赫伯特·h·莱曼 Herbert H. Lehman
黑山语 Montenegrin
罗伯托·佩雷拉 Roberto Pereira
郑媪 Zheng Yu
拒税 Tax refusal
沈怡 Shen Yi
李如林 Li Rulin
金柏莉·约瑟 Kimberly Joseph
卡尔·伦纳 Carl Renner
华埠 Chinatown
邵丽琼 Shao Liqiong
