瓦茨拉夫·斯维尔科什 Vaclav Sverkos
布兰登·桑塔拉布 Brandon Santalab 
路易·波拿巴 Louis Bonaparte 
琳恩·切尼 Lynn Cheney 
赫根足球会 Hogan Football Club 
约翰·惠勒 John Wheeler 
彭里斯市 Penrith 
阿纳尔多·福拉尼 Arnaldo Fulani 
日耳曼尼库斯 Germanicus 
奥拉·杜禾伦 Ola Duherun 
奥托·冯·俾斯麦 Otto von Bismarck 
拿破仑·路易·波拿巴 Napoleon Louis Bonaparte 
奈良市 Nara city 
利博尔·西昂科 Libor Sianko 
海尔塞克利·艾哈迈德帕夏 Hercekli Ahmed Pasha 
栃木县 Tochigi Prefecture 
安东尼·肯尼迪 Anthony Kennedy 
白俄罗斯语 Belarusian 
路德·范尼斯特鲁伊 Luther Van Nistelrooy 
梅州市 Meizhou 
赫尔穆特·施密特 Helmut Schmidt 
欧阳震华 Ouyang Zhenhua 
马里亚诺·拉霍伊 Mariano Rajoy 
罗伯特·史密斯 Robert Smith 
伦巴底语 Lombard 
马克森提乌斯 Maxentius 
甘冈前进会 Guingang Advance Meeting 
宫锁珠帘 Palace lock bead curtain 
伊顿公学 Eton College 
摩尔甘·德·桑克蒂斯 Morgan de Sanctis 
卡迪夫城运动场 Cardiff City Stadium 
李察·加西亚 Richard Garcia 
彼得·奥丹维治 Peter Oldanwich 
赫尔曼·冯·亥姆霍兹 Hermann von Helmholtz 
德谟克利特 Democritus 
班·奇夫利 Ben Chifley 
费尔南多·耶罗 Fernando Hierro 
杰佛瑞·马西 Jeffrey Marcy 
高桥是清 Takahashi is Kiyoshi 
皮埃尔·霍伊别尔 Pierre Hoibel 
佩特·切赫 Pet Cech 
"ren'py"] "ren'py"] 
热尔维尼奥 Gervinho 
比森特·德尔·博斯克 Vicente Del Bosque 
蒂亚戈·门德斯 Thiago Mendes 
理查·波尔 Richard Ball 
哈利法·本·扎耶德·阿勒纳哈扬 Khalifa Bin Zayed Al Nahyan 
欧文·张伯伦 Irving Chamberlain 
休伯特·汉弗莱 Hubert Humphrey 
哈桑·萨卡 Hassan Saka 
迪高 Tigao 
丘成桐 Qiu Chengtong 
纽约州行政区划 Administrative divisions of New York State 
约翰·泰利 John Terry 
阿兰·希勒 Alan Shearer 
阿尔弗雷德·迪金 Alfred Dickin 
清远市 Qingyuan City 
乔治·奥威尔 George Orwell 
原敬 Hara Takashi 
谭耀宗 Tan Yaozong 
苏赫巴托尔·巴特包勒德 Sukhbaatar Batbold 
萨曼莎·鲍尔 Samantha Ball 
埼玉市 Saitama City 
亚历山德罗·佩尔蒂尼 Alessandro Pertini 
郭泰辉 Guo Taihui 
尼祖·马田 Nizu Martin 
黄冈市 Huanggang 
阿卜杜尔·卡达·基达 Abdul Qada Kida 
佩普·瓜迪奥拉 Pep Guardiola 
伊本·西那 Ibn Sina 
霍安·卡普德维拉 Joan Capdevila 
常州市 Changzhou City 
托多尔·日夫科夫 Todor Zivkov 
艾朗·晓士 Ellen Xiaoshi 
李慧琼 Li Huiqiong 
热罗姆·罗滕 Jerome Rothen 
海部俊树 Toshiki Kaifu 
伊维卡·奥利奇 Ivica Olic 
费沙·李察臣 Fraser Richardson 
贝尔格莱德球馆 Belgrade Arena 
强卫 Strong guard 
顾维钧 Gu Weijun 
史蒂芬·布雷耶 Stephen Breyer 
阿尔瓦罗·拉斐尔·冈萨雷斯 Alvaro Rafael Gonzalez 
蒋仲苓 Jiang Zhongling 
奥维德 Ovid 
埃迪特·克勒松 Edith Cresson 
哈拉德·舒马赫 Harald Schumacher 
阿斯图里亚斯语 Asturian 
金致佑 Kim Chi Woo 
义不容情 Immoral 
吉恩·沃尔夫 Gene Wolf 
罗拔·辛迪加斯 Robert Syndicate 
兰札文 Lanza 
罗杰·亚当斯 Roger Adams 
凯文·道尔 Kevin Doyle 
迪加史卓普 Tiga Stroop 
玛米·艾森豪威尔 Mami Eisenhower 
贾斯汀·葛林宁 Justin Greening 
伊万·夸德拉多 Ivan Quadrado 
罗拔图·苏达度 Roberto Sudardo 
大卫·干沙利斯 David Ganshalis 
秦升 Qin Sheng 
麦克·班尼 Mike Barney 
上索布语 Upper Sorbian 
雷特斯加体育场 Reitersgar Stadium 
摩揭陀语 Magadha 
玛丽莲·曼森 Marilyn Manson 
陆冠邦 Lu Guanbang 
约瑟普·布罗兹·铁托 Joseph Broz Tito 
威廉·h·苏厄德 William H. Seward 
威廉·p·费森登 William P. Fessenden 
罗德岛州 Rhode Island 
芒斯特省 Munster 
安迪亚斯·伊萨臣 Andias Issachs 
近古藏语 Ancient Tibetan 
蔡少棠 Cai Shaotang 
特拉华河 Delaware River 
傈僳语 Lisu 
艾莉西亚·凯斯 Alicia Keys 
威廉·弗利克 William Flick 
皮埃尔·贝雷戈瓦 Pierre Beregova 
法比安·德尔夫 Fabian Delph 
亨里克·拉尔森 Henrik Larson 
亨利·菲尔丁 Henry Fielding 
尼祖·迪庄 Nizu Dizhuang 
巴勒斯坦国 State of Palestine 
乔森潘 Josempan 
罗伯特·穆勒 Robert Muller 
康多莉扎·赖斯 Condoleezza Rice 
赫尔曼·埃米尔·费歇尔 Hermann Emile Fischer 
张家辉 Zhang Jiahui 
维尔纽斯 Vilnius 
君士坦提乌斯一世 Constantius I 
哈萨克族 Kazakh 
马尔科·阿梅利亚 Marco Amelia 
文森佐·蒙特拉 Vincenzo Montella 
弗朗切斯科·科西加 Francesco Corsica 
强尼·艾萨克森 Johnny Isaacson 
威廉·a·惠勒 William A. Wheeler 
阿祖安·洛佩斯·阿尔瓦雷斯 Azuan Lopez Alvarez 
林裕焕 Lin Yuhuan 
列图·薛基拿 Leto Sekina 
辛蒂·卡索拉 Cindy Cazorla 
弗雷德里克·赖因费尔特 Frederick Reinfeldt 
胡安·德·波旁 Juan de Bourbon 
林佳龙 Lin Jialong 
亚历山德罗·迪亚曼蒂 Alessandro Diamanti 
亨利·克林顿 Henry Clinton 
于尔基·卡泰宁 Yurki Katainen 
奥古斯塔·维多莉亚 Augusta Victoria 
法国杯 French Cup 
罗曼什语 Romansh 
艾伦·佩利 Alan Paley 
米格-29战斗机 MiG-29 fighter 
曾钰成 Jasper Tsang 
豪厄尔·科布 Howell Cobb 
热图利奥·瓦加斯 Getulio Vargas 
卢旺达 Rwanda 
爱德华·利文斯顿 Edward Livingston 
朴有天 Park Youtian 
罗密欧·卡斯特伦 Romeo Castellon 
盖雷斯·索斯盖特 Gareth Southgate 
金贤重 Kim Hyun Joong 
森美亚 Semiya 
杰拉德·古拉尼 Gerard Gulani 
石谷市 Ishitani City 
阿南德·阿玛尔 Anand Amar 
彼德·奇勒 Peter Killer 
格罗宁根足球会 Groningen Football Club 
密苏里河 Missouri River 
溥杰 Pu Jie 
巴特·艾伦 Bart Allen 
安德烈斯·伊涅斯塔 Andres Iniesta 
加利·贺柏 Gary Huber 
威利·萨尼奥尔 Willie Sagnol 
包头市 Baotou 
柯尔克孜语 Kirgiz 
乔尼·恩斯特 Jonny Ernst 
比吉斯 Bigis 
雅克·桑特 Jacques Santer 
米南佳保人 Minang Jiabao 
布朗克斯 Bronx 
杰夫·佛雷克 Jeff Fleck 
奥拉维尔·拉格纳·格里姆松 Olafur Ragnar Grimsson 
阿末扎希 Ahmad Zahid 
布鲁士·迪捷特 Bruce Dijet 
戴夫·格罗尔 Dave Groer 
根茨·阿尔帕德 Genz Alpad 
玛丽亚·特蕾西亚 Maria Theresia 
川·立派 River splendid 
格雷米·恩吉塔普 Geremi Ngitapu 
雷神之锤iii竞技场 Quake III Arena 
贝洛奥里藏特 Belo Horizonte 
海因里希·海涅 Heinrich Heine 
珍妮特·纳波利塔诺 Janet Napolitano 
罗伯特·路易斯·史蒂文森 Robert Louis Stevenson 
李正秀 Li Zhengxiu 
佐敦·轩达臣 Jordan Henderson 
中视数位台 CTV 
埃米尔·左拉 Emile Zola 
艾嘉莲 Ai Jialian 
王祖蓝 Wong Cho-lam 
耶稣会 Jesuits 
约兰·佩尔松 Yoland Persson 
老挝语 Lao 
查理斯·伊坦积 Charles Itanji 
黎笋 Le Duan 
罗伯特·奥本海默 Robert Oppenheimer 
博鲁特·帕霍尔 Borut Pahor 
太田宏介 Kosuke Ota 
占士·摩利逊 James Morrison 
保莱塔 Pauletta 
米兰·昆德拉 Milan Kundera 
哈吉·阿里·拉兹马拉 Haji Ali Razmala 
马尼切 Maniche 
王传一 Wang Chuanyi 
阿姆迪·法耶 Amdi Faye 
洪天明 Hong Tianming 
层叠样式表 Cascading Style Sheet 
金溥聪 Jin Pucong 
卡雷尔·波波斯基 Karel Popowski 
戴维·本-古里安 David Ben-Gurion 
差瓦立·永猜裕 Chavalit Yongchaiyu 
约翰·卡巴耶 John Cabayer 
罗伯特·普兰特 Robert Plant 
诺曼·峰田 Norman Mineta 
约翰·海廷加 John Heitinga 
琉球族 Ryukyu tribe 
俞国华 Yu Guohua 
塞巴斯蒂安·巴松 Sebastian Bassoon 
尤里·日尔科夫 Yuri Zhirkov 
宣城市 Xuancheng 
ngt48 ngt48 
克里斯托弗·梅策尔德 Christopher Metzelder 
乌兰夫 Ulanf 
特莱扬·伯塞斯库 Treyan Basescu 
布罗尼斯瓦夫·科莫罗夫斯基 Bronislaw Komorowski 
弗里德里希·卡尔·约翰尼斯·提艾利 Friedrich Karl Johannes Tielli 
鲁文·里夫林 Ruben Rivlin 
布雷达 Breda 
伊斯法罕 Isfahan 
霍尔洛·乔巴山 Jorro Chobashan 
亚历山大·日夫科维奇 Alexander Zivkovic 
克里斯蒂安·武尔夫 Christian Wulff 
瓦埃勒·纳德尔·哈勒吉 Vejle Nader Khaliji 
何应钦 He Yingqin 
罗季翁·雅科夫列维奇·马利诺夫斯基 Rodion Yakovlevich Malinowski 
罗伯特·j·沃克 Robert J. Walker 
丹尼·维尔贝克 Danny Welbeck 
萨米尔·里法伊 Samir Rifai 
胡利奥·塞萨尔·图尔瓦伊·阿亚拉 Julio Cesar Turwai Ayala 
雷金纳·麦德宁 Regina Madnin 
费利克斯·格伦迪 Felix Grundy 
里奇·亨弗雷斯 Rich Humphries 
米奇斯瓦夫·拉科夫斯基 Mitchislaw Lakowski 
马尔科·阿瑙托维奇 Marko Anautovic 
亚瑟·爱丁顿 Arthur Eddington 
凯斯琳·韦恩 Kathleen Wayne 
斯科特·布朗 Scott Brown 
廖内省 Introspection 
扎卡里·泰勒 Zachary Taylor 
金斯利·伍德 Kingsley Wood 
恩里科·德尼科拉 Enrico Denikola 
茨城县 Ibaraki Prefecture 
查尔斯·埃文斯·休斯 Charles Evans Hughes 
哈维尔·马斯切拉诺 Javier Mascherano 
马克·安东尼 Mark Anthony 
李英爱 Li Yingai 
辛巴威 Zimbabwe 
河江省 Ha giang 
米高·巴特利 Michael Bartley 
儒利奥·巴普蒂斯塔 Julio Baptista 
维姆·科克 Wim Kirk 
马里奥·戈麦斯 Mario Gomez 
马克·威尔莫茨 Mark Wilmots 
加利·卡希尔 Gary Cahill 
马克·吕特 Mark Rutte 
威廉·沃特 William Water 
斯特凡纳·姆比亚 Stefana Mbia 
诺福克郡 Norfolk 
鄂温克语 Ewenki 
陈菊 Chen Ju 
赛义杜·敦比亚 Seydou Dumbiya 
多乐省 Dak Lak 
乌亚·摩域斯恩 Uya Morrison 
关淑怡 Guan Shuyi 
大卫·恩戈 David Ngo 
乔治·乌伦贝克 George Uhlenbeck 
林堡语 Limburgish 
斯特凡纳·亨科兹 Stefana Hencoz 
特奥多尔·豪斯 Teodor House 
弗朗索瓦·巴鲁安 Francois Barouin 
苏-27战斗机 Su-27 fighter 
阿纳姆 Arnhem 
菲利佩·路易斯·卡斯米尔斯基 Philippe Luis Kasmirsky 
吉打 Kedah 
罗大佑 Luo Dayou 
埃登·麦克格迪 Eden McGeddie 
史葛·占美逊 Scott Jameson 
劳伦斯·贡齐 Lawrence Gonzi 
苏克鲁·萨拉吉奥卢 Sukru Saragioglu 
范琦 Fan Qi 
武磊 Wu Lei 
果尔达·梅厄 Golda Meir 
格罗拉蓬卡诺体育场 Grola Puncano Stadium 
陈亮镛 Chen Liangyong 
郭可盈 Guo Keying 
布兰登·夫洛尔 Brandon Floor 
缅文 Burmese 
摩西·卡察夫 Moses Katsav 
林焕光 Lin Huanguang 
喃字 Mutter 
鲍比·布朗 Bobby Brown 
朱慧敏 Zhu Huimin 
奥洛夫·帕尔梅 Olof Palme 
端姑赛西拉祖丁 Duan Gu Sai Xi La Zuding 
德赖斯·梅滕斯 Dries Mettens 
丹·科茨 Dan Coates 
尼古拉·米哈伊洛维奇·什维尔尼克 Nikolai Mikhailovich Shvernik 
黄敏惠 Huang Minhui 
爱德华·巴拉迪尔 Edward Balladil 
阿卜杜勒·凯卜 Abdul Keb 
雷蒙·纽尼斯 Raymond Nunes 
拉脱维亚语 Latvian 
杨思琦 Yang Siqi 
克里斯蒂安·本特克 Christian Benteke 
阿隆·莫科纳 Aron Mocona 
丹尼尔·阿卡卡 Daniel Akaka 
始源 Siwon 
高尼路 Gone Road 
费兰度·摩连迪斯 Ferrando Morientes 
王震 Wang Zhen 
米兰·巴罗什 Milan Baros 
斯特凡·埃芬伯格 Stefan Effenberg 
肯·萨拉查 Ken Salazar 
西蒙尼·佩罗塔 Simone Perrotta 
温斯·凯博 Wins Caber 
马克·尤德尔 Mark Udel 
阿方斯·比拉姆·德康多尔 Alphonse Billam de Condor 
西爪哇省 West Java 
丹尼尔·范比滕 Daniel Van Bitten 
哈米德·阿尔滕托普 Hamid Altintop 
社尼·巴莫 Shani Bamo 
卢斯球场 Luz Stadium 
华利·威斯特 Wally West 
科罗拉多河 Colorado River 
纳尔逊·洛克菲勒 Nelson Rockefeller 
杨荣文 Yang Rongwen 
掸族 Shan 
李瑞环 Li Ruihuan 
赫尔曼·施陶丁格 Hermann Staudinger 
谢臣·高维 Xie Chen Gaowei 
约翰内斯·格哈杜斯·斯揣敦 Johannes Gerhardus Strandun 
费德里克·贝索内 Federico Bessone 
丹尼尔·延森 Daniel Jensen 
宿州市 Suzhou City 
谢尔盖·布林 Sergey Brin 
小学馆 Shogakukan 
斯图威·格里芬 Stuway Griffin 
法兰克·穆考斯基 Frank Mukowski 
勒内·普利文 Rene Pleven 
梅苏特·厄齐尔 Mesut Ozil 
杰里米·海伍德 Jeremy Haywood 
斯洛博丹·拉伊科维奇 Slobodan Rajkovic 
威廉·高伯拉瓦 William Gaubrava 
安德烈亚·皮尔洛 Andrea Pirlo 
格拉汉姆·亚历山大 Graham Alexander 
列夫·鲍里索维奇·加米涅夫 Lev Borisovich Kamenev 
阿美利加明尼路 Amerika Minne Road 
清西陵 Qing Xiling 
塞斯克·法比加斯 Cesc Fabigas 
皮耶罗·斯拉法 Piero Sraffa 
科特·兰比斯 Kurt Rambis 
卡尔·比尔特 Carl Bilt 
伊度亚度·达施华 Iduardo Da Silva 
巴特利·庄臣 Bartley Johnson 
哈隆河 Halong 
甘利明 Gan Liming 
阿什坎·德贾加 Ashkan Dejaga 
乌戈·阿尔梅达 Ugo Almeida 
尼古拉·佩特科维奇 Nikola Petkovic 
凯文·德布劳内 Kevin De Bruyne 
马丁·德米凯利斯 Martin Demichelis 
神探夏洛克 Sherlock 
约翰·麦卡锡 John McCarthy 
白俄罗斯族 Belarusian 
南希·里根 Nancy Reagan 
马克·冈萨雷斯 Mark Gonzalez 
东乡平八郎 Togo Heihachiro 
耶利米·保罗·欧斯垂克 Jeremiah Paul Ostrek 
雷·马古斯 Ray Margus 
卢加诺足球会 Lugano Football Club 
黄祐吕 Huang Youlu 
海尔德兰省 Gelderland 
迪克·格雷森 Dick Grayson 
大卫·雷斯 David Reese 
node.js node.js 
史丹利·米勒 Stanley Miller 
吉米·亨德里克斯 Jimi Hendrix 
凯瑟琳·德·美第奇 Catherine de Medici 
亨利·基辛格 Henry Kissinger 
刘嘉玲 Carina Lau 
比尔·理查森 Bill Richardson 
费尔南多·梅拉 Fernando Meira 
谢明·兰斯 Xie Ming Lance 
安得拉邦 Andhra Pradesh 
切斯特·威廉·尼米兹 Chester William Nimitz 
达里奥·西米奇 Dario Simic 
麦斯·晓姆斯 Max Shams 
安德雷亚·多塞纳 Andrea Dosena 
科斯塔斯·卡楚拉尼斯 Costas Katuranis 
瑞恩·麦克格文 Ryan McGowan 
杨·艾里亚森 Yang Eliasson 
南安普敦 Southampton 
罗拔·高伦 Robert Goren 
克里斯蒂安·沃恩斯 Christian Vones 
特奥多尔·亨施 Teodor Hensch 
维利·勃兰特 Willy Brandt 
李建滨 Li Jianbin 
切斯瓦夫·基什恰克 Cheslaw Kiszczak 
高晓松 Gao Xiaosong 
阿伊努人 Ainu 
伊万·斯捷潘诺维奇·西拉耶夫 Ivan Stepanovich Silaev 
瑞恩·巴贝尔 Ryan Babel 
康方言 Kang dialect 
维塔利耶斯·阿斯塔夫耶夫斯 Vitalyes Astavyevs 
保罗·干洛尼 Paul Ganroni 
乔治·斯通曼 George Stoneman 
鲍伯·寇尔克 Bob Kirk 
托马斯·维尔马伦 Thomas Vermaelen 
大卫·马田 David Martin 
万绮雯 Wan Qiwen 
拉尔斯·勒克·拉斯穆森 Lars Luck Rasmussen 
麦斯·格拉度 Max Grado 
休休尼语 Hughuni 
卡什加语 Kashgar 
秋田县 Akita Prefecture 
祖鲁语 Zulu 
萨米·海皮亚 Sammy Hypia 
鲍拉日·久贾克 Paulari Djujak 
瑞奇·山伯拉 Ricky Shanbola 
赤道几内亚 Equatorial Guinea 
汤姆·里奇 Tom Rich 
埃雷亚 Erea 
卢顿 Luton 
王明 Wang Ming 
夏立言 Xia Liyan 
程雷 Cheng Lei 
雷蒙·多梅内克 Raymond Domenek 
保罗·克鲁格曼 Paul Krugman 
欧内斯特·莫尼兹 Ernest Moniz 
史提芬·禾洛克 Steven Wolock 
贝弗利·麦克拉克林 Beverly McLachlin 
鲁迪·沃勒尔 Rudy Waller 
约翰·戈顿 John Gorton 
塞尔吉·伊格纳舍维奇 Serge Ignacevic 
安东尼奥·诺切里诺 Antonio Nocerino 
安杰洛斯·巴西纳斯 Angelos Basinas 
仓洛语 Cangluo 
罗宾奴 Robin 
纳伦德拉·莫迪 Narendra Modi 
韩锋 Han Feng 
埃米尔·康斯坦丁奈斯科 Emile Constantinesco 
吕秀莲 Lu Xiulian 
阿德米尔·迈赫迈迪 Admir Mehmadi 
伊恩·拉什 Ian Rush 
丹尼·古尔沙 Danny Gulsa 
律政新人王 The new king of law 
南通市 Nantong city 
锡伯族 Xibe 
马浚伟 Ma Junwei 
阿塔尔·比哈里·瓦杰帕伊 Atal Bihari Vajpayee 
模罕默德·施丹 Mohamed Shidan 
麦克斯·霍克海默 Max Horkheimer 
刘程强 Liu Chengqiang 
神盾局 SHIELD 
卜弼德 Bu Bide 
纽哈芬市 New Haven 
斯坦尼斯拉夫·弗尔切克 Stanislav Vrcek 
基斯甸·艾历臣 Christine Alison 
格奥尔基·叶夫根耶维奇·李沃夫 Georgy Yevgenyevich Livov 
塞缪尔·阿利托 Samuel Alito 
弗吉尼亚·吴尔夫 Virginia Woolf 
尼卡·吉劳里 Nika Ghirori 
米克尔·阿特塔 Mikel Atta 
维克托·德布罗伊 Victor Debroy 
布莱恩·鲁伊斯 Brian Ruiz 
利莱·费亚 Lilai Feia 
绍兴市 Shaoxing City 
穆罕默德·阿里帕夏 Muhammad Ali Pasha 
埃内斯托·盖泽尔 Ernesto Geisel 
艾利恩·史杜恩洛夫 Elion Stunlov 
奕䜣 Yi Hao 
月之海 Moon sea 
韦力生 Wei Lisheng 
阿伦·施汉 Alan Shihan 
吴拉姆·伊沙克·汗 Ulam Ishak Khan 
埃胡德·奥尔默特 Ehud Olmert 
迈克尔·斯彭斯 Michael Spence 
乌戈·米夫苏德·邦尼奇 Ugo Mifsud Bonnich 
潘基文 Ban Ki-moon 
维尔科·契尔文科夫 Wilko Chervenkov 
僧伽罗文 Sinhala 
珍妮特·耶伦 Janet Yellen 
福井县 Fukui Prefecture 
史提芬·谢拉特 Steven Sheratt 
库斯托迪奥·卡斯特罗 Custodio Castro 
德兰乐团 Delan Orchestra 
卡雷斯卡基斯体育场 Karekakis Stadium 
吴范锡 Wu Fanxi 
阿伦卡·布拉图舍克 Alenka Blatusek 
胡歌 Hu Ge 
根里克·格里戈里耶维奇·雅戈达 Genrik Grigoryevich Jagoda 
米哈伊尔·谢尔盖耶维奇·戈尔巴乔夫 Mikhail Sergeyevich Gorbachev 
町田市 Machida City 
摩里兹·石里克 Moritz Schlick 
薛亚男 Xue Yanan 
扬·波拉克 Jan Pollack 
阿尔贝·勒布伦 Albert Le Brun 
新芬党 Sinn Fein Party 
诺贝特·拉默特 Norbert Lammert 
温流 Wen Liu 
罗伯特·沃波尔 Robert Walpole 
酒井隆 Sakai Takashi 
大卫·沃尔特·福斯特 David Walter Foster 
路尔斯·法比安奴 Luis Fabianu 
景颇语 Jingpo 
琳达·佩里 Linda Perry 
厄尔·沃伦 Earl Warren 
北𣴓省 North Province 
诺尔·盖勒格 Noel Gallagher 
亨利·威尔逊 Henry Wilson 
披耶帕凤·丰派育哈色纳 Phyapaphoon Fonpayuhasna 
拉美利斯 Ramelis 
谢尔盖·弗拉季连诺维奇·基里延科 Sergei Vladylenovich Kiryenko 
巴利·班伦 Barry Banron 
塞利姆一世 Selim I 
乔治·s·鲍特韦尔 George S. Bottwell 
贾森·基德 Jason Kidd 
威廉·平克尼 William Pinckney 
真·云尼古·希斯宁基 Zhen Yunnigu Sisninki 
莱斯特 Leicester 
东尼·卡柏迪 Tony Carberdi 
弗拉基米尔·基里洛维奇 Vladimir Kirilovic 
约瑟夫·波拿巴 Joseph Bonaparte 
朱尼厄斯·理查德·贾亚瓦尔德纳 Junius Richard Jayawardner 
埃丁·哲科 Edin Dzeko 
沙福特城足球会 Shaft City Football Club 
阿姆哈拉语 Amharic 
萨洛蒙·卡卢 Salomon Kalu 
布亚尔·尼沙尼 Buyal Nishani 
丹尼斯·罗梅达尔 Dennis Romedal 
西蒙·史密斯·库兹涅茨 Simon Smith Kuznets 
张琳芃 Zhang Linpeng 
康卡斯特 Comcast 
崔永林 Cui Yonglin 
罗伯特·麦克唐纳 Robert Macdonald 
米歇尔·萨尔加多 Michel Salgado 
强仁 Qiangren 
菲尔·积基尔卡 Phil Jakirka 
亚历克斯·萨尔蒙德 Alex Salmond 
许冠杰 Xu Guanjie 
米夏埃尔·巴拉克 Michael Barak 
伊迪芬斯·利马 Edith Lima 
徐向前 Xu Xiangqian 
罗伯特·欧文·霍华德 Robert Owen Howard 
厄文·高夫曼 Irving Goffman 
曼纽尔·布卢姆 Manuel Bloom 
福冈市 Fukuoka City 
弗朗茨·冯·帕彭 Franz von Papen 
锺景辉 Zhong Jinghui 
马雷克·马捷约夫斯基 Marek Matejovsky 
米歇尔·罗卡尔 Michelle Rocard 
阿克巴尔·哈什米·拉夫桑贾尼 Akbar Hashmi Rafsanjani 
西西里语 Sicilian 
费兰度·托利斯 Ferrando Torres 
韦恩·鲁尼 Wayne Rooney 
昌西·比卢普斯 Chauncey Billups 
斯蒂芬·斯皮尔伯格 Stephen Spielberg 
祖斯·艾迪杜里 Zus Ediduri 
祖拉布·日瓦尼亚 Zurab Zhivania 
山姆小镇 Sam Town 
邱于铭 Qiu Yuming 
贺比·汉考克 Herbie Hancock 
雷蒙·巴尔 Raymond Barr 
奥列格·布洛欣 Oleg Blokhin 
西德尼·科尔曼 Sidney Coleman 
沃伦·克里斯托弗 Warren Christopher 
彼得·格里芬 Peter Griffin 
米尔顿·莱瑟姆 Milton Latham 
雷颂德 Lei Songde 
行医 Practice medicine 
朗西 Lancy 
山形县 Yamagata Prefecture 
瓦尔特·迈斯纳 Walter Meisner 
里亚德·法里德·希贾卜 Riad Farid Hijab 
岩手县 Iwate Prefecture 
马克西米努斯 Maximinus 
大卫·华亚 David Huaya 
费迪南德·冯·林德曼 Ferdinand von Lindemann 
班·卡定 Ban Khading 
阿肯 Aken 
徐太志 Xu Taizhi 
鲁伯特·默多克 Rupert Murdoch 
吉亚哥·若尔热·奥诺里奥 Giago Jorge Honorio 
克里斯·斯莫林 Chris Smalling 
安德烈斯·帕斯特拉纳·阿朗戈 Andres Pastrana Arango 
许政 Xu Zheng 
拉里·奥布赖恩 Larry O'Brien 
金洋洋 Jin Yangyang 
日出处 Sunrise 
伊克尔·卡西利亚斯 Iker Casillas 
麦道dc-10 McDonnell Douglas dc-10 
若昂·穆蒂尼奥 Joao Moutinho 
杜明治·奥杜路 Domingji Audulu 
詹姆斯·巴伯 James Barber 
南洋厅 Nanyang Room 
玛丽·安托瓦内特 Marie Antoinette 
坎普尔 Kanpur 
保赞·祖杰 Baozan Zujie 
杰弗里·帕尔默 Jeffrey Palmer 
安杰洛斯·查理斯特亚斯 Angelos Charistrias 
桑吉·巴亚尔 Sanji Bayar 
德怀特·约克 Dwight York 
班奈狄克·康柏拜区 Benedictine Compaq 
华金·桑切斯 Joaquin Sanchez 
约翰·亚岱尔 John Adair 
罗斯·巴克利 Ross Barkley 
罗曼·帕夫柳琴科 Roman Pavlyuchenko 
艾哈迈德·本·贝拉 Ahmed Ben Bella 
杨千嬅 Miriam Yang 
吉奥吉尼奥·维纳尔杜姆 Georginho Vinaldum 
上野站 Ueno Station 
宽·阿派旺 Kuan Apwan 
沙比·阿朗素 Shabi Alonso 
苏基曼·维尔约桑佐约 Sukiman Viryosanzoyo 
拉希姆·斯特林 Raheem Sterling 
阿道夫·冯·拜尔 Adolf von Bayer 
尹光河 Yin Guanghe 
帕特里克·尤因 Patrick Ewing 
朱塞佩·罗西 Giuseppe Rossi 
雅克·路易·朗东 Jacques Louis Langdon 
毛罗·卡莫拉内西 Mauro Camoranesi 
史蒂芬·霍金 Stephen Hawking 
陈建仁 Chen Jianren 
铃木善幸 Zenko Suzuki 
韦达德·伊比舍维奇 Vedad Ibisevich 
约瑟夫·拉格朗日 Joseph Lagrange 
加藤友三郎 Kato Yuzaburo 
品川区 Shinagawa District 
维埃里尼亚 Vierinha 
保罗·吉尔伯特 Paul Gilbert 
马来西亚伊斯兰党 Malaysian Islamic Party 
布莱恩·夏兹 Brian Shatz 
斯坦尼斯瓦夫·奥古斯特 Stanislaw August 
安德烈·谢尔盖耶维奇·阿尔沙文 Andrei Sergeyevich Arshavin 
玛丽亚·卡洛琳娜 Maria Carolina 
阿莱西奥·切尔奇 Alessio Cerci 
亚历山德罗·内斯塔 Alessandro Nesta 
波特兰开拓者 Portland Trail Blazers 
马克·科克 Mark Kirk 
戴琳 Dai Lin 
维辛迪 Vicindi 
周海媚 Zhou Haimei 
斯皮罗·阿格纽 Spiro Agnew 
尼哈特·埃里姆 Nihat Erim 
维克托·蓬塔 Victor Ponta 
卓耀国 Zhuo Yaoguo 
幼兰 Young orchid 
查尔斯·斯科特·谢灵顿 Charles Scott Sherrington 
马克西米利亚诺·罗德里格斯 Maximiliano Rodriguez 
肯尼·达格利什 Kenny Dalglish 
谢雪心 Xie Xuexin 
谢臣 Xie Chen 
侯赛因·本·阿里 Hussein Bin Ali 
威廉·约瑟夫·伯恩斯 William Joseph Burns 
利马索尔ael Limassol ael 
约瑟夫·莱昂斯 Joseph Lyons 
汤姆·维尔萨克 Tom Vilsack 
厄尔·佩吉 Earl Page 
斯特拉斯堡竞赛会 Strasbourg Competition 
卢卡斯·帕帕季莫斯 Lucas Papadimos 
荣·弗拉尔 Ron Flahr 
艾士菲自治市 Ashfield Borough 
儒勒·凡尔纳 Jules Verne 
许水德 Xu Shuide 
维尔弗里德·马尔滕斯 Wilfried Martens 
田中裕介 Yusuke Tanaka 
萨拉曼卡 Salamanca 
迭戈·马拉多纳 Diego Maradona 
穆拉特·雅金 Murat Yakin 
蒙瑟夫·马佐基 Moncef Mazoki 
康斯坦丁·康斯坦丁诺维奇·罗科索夫斯基 Konstantin Konstantinovich Rokosovsky 
汤姆·达施勒 Tom Daschler 
文森特·m·卡特 Vincent M. Carter 
艺声 Yesung 
法比奥·格罗素 Fabio Grossell 
福田赳夫 Fukuda Takeo 
布拉马普特拉河 Brahmaputra 
love&honey love&honey 
艾伦·图灵 Alan Turing 
安迪亚斯·哥尼利斯 Andreas Cornelis 
聂荣臻 Nie Rongzhen 
瓦莲京娜·马特维延科 Valentina Matvienko 
亨德里克·弗伦施·维沃尔德 Hendrik Frensch Wiewald 
沃伊切赫·什琴斯尼 Wojciech Shchensny 
利哈伊河 Lehigh River 
本·伯南克 Ben Bernanke 
尼古拉·特斯拉 Nikola Tesla 
埃里克·阿比达尔 Eric Abidal 
托马斯·德梅齐埃 Thomas Demezier 
蒂莫西·f·盖特纳 Timothy F. Geithner 
乔治·克列孟梭 George Clemenceau 
朱莉亚·吉拉德 Julia Girard 
杨幂 Yang Mi 
亨利·布里松 Henry Brisson 
杜文辉 Du Wenhui 
金泰耎 Kim Tae-yeon 
鸠山一郎 Ichiro Hatoyama 
毛里西奥·波切蒂诺 Mauricio Pochettino 
埃尔德·波斯蒂加 Elder Postiga 
格雷丝·柯立芝 Grace Coolidge 
克里斯·格里芬 Chris Griffin 
卢克·德容 Luke De Jong 
克莉丝汀·格雷瓜尔 Christine Gregoire 
吉安路易吉·布冯 Gianluigi Buffon 
水本裕贵 Hiroki Mizumoto 
何塞·马利亚·古铁雷斯·埃尔南德斯 Jose Maria Gutierrez Hernandez 
克里斯蒂安·威廉松 Christian Williamson 
伊万·拉基蒂奇 Ivan Rakitic 
詹姆斯·高斯林 James Gosling 
保罗·布雷默 Paul Bremer 
密尔沃基 Milwaukee 
史密斯·汤普森 Smith Thompson 
亨利·h·福勒 Henry H. Fowler 
廖力生 Liao Lisheng 
雨果·洛里斯 Hugo Loris 
德米特里·斯捷潘诺维奇·波利扬斯基 Dmitry Stepanovich Polyanski 
塞纳德·卢利奇 Senard Lulic 
尤斯图斯·冯·李比希 Justus von Liebig 
爱德华·肖特 Edward Short 
达斡尔语 Daur 
扬·彼得·巴尔克嫩德 Jan Peter Balkenende 
妮琪·米娜 Nicki Mina 
邓健泓 Deng Jianhong 
马克·米利甘 Mark Milligan 
高平省 Cao Binh 
葛拉罕·卡克森 Graham Carkson 
马泰奥·伦齐 Matteo Renzi 
弗拉迪米尔·斯米切尔 Vladimir Smicer 
乔治·麦卡特尼 George McCartney 
塞琉古帝国 Seleucid Empire 
阿尔扬·罗本 Arjan Robben 
三星galaxy_s5 Samsung galaxy_s5 
洛朗·西曼 Laurent Seaman 
康斯坦丁·卡拉曼利斯 Constantine Karamanlis 
埃布罗河 Ebro 
莱昂德罗·内托 Leondro Netto 
以诺·舒胡美 Enoch Shuhumei 
玛丽·路易莎 Mary Luisa 
根纳季·伊万诺维奇·沃罗诺夫 Gennady Ivanovich Voronov 
茵宝 Umbro 
厉旭 Rye Wook 
费古伦斯足球会 Figurance Football Club 
郑俊英 Zheng Junying 
乔纳斯·萨利 Jonas Sally 
彼德拉河 Piedra 
安特里姆郡 Antrim County 
兹德涅克·格里格拉 Zdenek Grigra 
米卡埃尔·朗德罗 Mikhail Landro 
威廉·帕特森 William Patterson 
马克·比斯安奴 Mark Bisianu 
基姆·谢尔斯特伦 Kim Shelstrom 
亚历山大·费奥多罗维奇·克伦斯基 Alexander Feodorovich Kerensky 
伊野波雅彦 Masahiko Inoha 
路易斯·麦克莱恩 Louis McLean 
汤姆·艾利洛 Tom ellilo 
刘诗诗 Liu Shishi 
熊本市 Kumamoto City 
埃迪·芬内克·阿达米 Eddie Finneck Adami 
迈克尔·舒马赫 Michael Schumacher 
潘得顿·沃德 Pendleton Ward 
瑞萨·古全内贾德 Reza Guquanjad 
鄂温克族 Ewenki 
吴亦凡 Wu Yifan 
桦山资纪 Huashan Ziji 
杰夫德特·苏奈 Jeff Det Sunai 
琼·杰特 Joan Jett 
胡安·阿朗戈 Juan Arango 
林依晨 Lin Yichen 
奥塞梯语 Ossetian 
托马斯·格拉维森 Thomas Gravesen 
阿希尔·埃马纳 Ahir Emana 
阿尔堡足球会 Aalborg Football Club 
"c'mon"] "c'mon"] 
史蒂芬·莫法特 Stephen Moffat 
弗洛拉·芬奇 Flora Finch 
查理·迪皮伊 Charlie Dupuy 
宋双 Song Shuang 
温德尔·h·福特 Wendell H. Ford 
吉奥瓦尼·埃尔伯 Giovanni Elber 
洛·侯斯 Lou Hoss 
谢苗·康斯坦丁诺维奇·铁木辛哥 Semyon Konstantinovich Timoshenko 
足立区 Adachi Ward 
斯蒂芬·马布里 Stephen Marbury 
郑少秋 Zheng Shaoqiu 
米歇尔·奥巴马 Michelle Obama 
李察·尼莱 Richard Nilai 
南次郎 Minami Jiro 
马田·卡沙利斯 Martin Kasalis 
朱马利·赛雅贡 Jumari Saigon 
佐勒菲卡尔·阿里·布托 Zolfikar Ali Bhutto 
弗洛里亚诺·佩绍托 Floriano Pesotto 
罗姆语 Romani 
董学升 Dong Xuesheng 
克里斯·康奈尔 Chris Cornell 
罗马尼亚共产党 Communist Party of Romania 
安德烈·沃罗宁 Andre Voronin 
塔利班 Taliban 
纳拉辛哈·拉奥 Narasimha Rao 
奥斯曼土耳其语 Ottoman Turkish 
格拉·佐尔坦 Gera Zoltan 
穆罕默德·哈达 Mohamed Hada 
约翰·爱德华兹 John Edwards 
华视主频 China TV main frequency 
亚历山大·科科林 Alexander Koklin 
朱璇 Zhu Xuan 
达利尔·扬马特 Dalil Janmat 
马克西米安 Maximian 
亚美尼亚人 Armenian 
潘文凯 Pan Wenkai 
韦利·马哈茂德帕夏 Willy Mahmoud Pasha 
大山岩 Dashanyan 
弗雷德·汤普森 Fred Thompson 
马哈茂德·吉卜里勒 Mahmoud Jibril 
诺曼·拉姆齐 Norman Ramsey 
克里斯托弗·杜加里 Christopher Dugari 
揭阳市 Jieyang City 
马蒂亚·德斯特罗 Mattia Destro 
达夫·麦卡根 Duff McCagan 
黄伦硕 Huang Lunshuo 
广岛市 Hiroshima City 
米特·罗姆尼 Mitt Romney 
查克·哈格尔 Chuck Hagel 
哈里斯堡 Harrisburg 
古斯塔夫·海涅曼 Gustav Heinemann 
罗杰·梅尔森 Roger Melson 
卡瑟姆若马尔特·托卡耶夫 Kasemjomart Tokayev 
朱塞佩·佩拉 Giuseppe Pera 
考绍伊·维克托 Kashay Victor 
任天堂dsi Nintendo dsi 
奉化市 Fenghua 
谅山省 Lang Son Province 
萨瓦托·博凯蒂 Salvatore Bocetti 
广岛县 Hiroshima Prefecture 
蒙特内哥罗语 Montenegro 
弗兰纳里·奥康纳 Flannery O'Connor 
满语 Manchu 
米萨埃尔·帕斯特拉纳·博雷罗 Misael Pastrana Borrero 
约华尼·阿雷切亚 Iohuani Arechea 
若昂·古拉特 Joao Goulart 
西蒙·米尼奥莱特 Simon Minolet 
阿伦·马田 Alan Martin 
鲁尔·巴禾 Ruhr Bahe 
栗战书 Li Zhanshu 
约翰·杰伊 John Jay 
弗兰克·w·蒙迪尔 Frank W. Mondil 
亚罗米尔·布拉热克 Aromir Blazek 
北弗里西亚语 North Frisian 
肯尼思·卡翁达 Kenneth Kaunda 
弗朗兹·布伦塔诺 Franz Brentano 
博莱斯瓦夫·贝鲁特 Boleslaw Beirut 
托马斯·卡伦博格 Thomas Cullenberg 
莱德利·金 Ledley King 
粉红佳人 pink man 
托尔斯滕·弗林斯 Thorsten Flins 
莱赫·瓦文萨 Lech Walesa 
梁光烈 Liang Guanglie 
弥敦 Nathan 
马雷克·扬库洛夫斯基 Marek Jankulowski 
顾林凯议会 Gu Linkai Council 
史努比狗狗 Snoop Dogg 
扬·穆哈 Jan Muha 
若热·里贝罗 Jorge Ribeiro 
拉斯帕尔马斯 Las palmas 
特伦特·雷泽诺 Trent Rezzeno 
格哈特·施罗德 Gerhard Schroeder 
穆罕穆德·迪亚拉 Muhammad Diarra 
安德雷亚斯·伊万席茨 Andreas Ivansitz 
慕尤丁 Muhyiddin 
普拉蒂巴·帕蒂尔 Pratiba Patil 
阿戴尔·亚诺什 Adair Janos 
爱德华多·卡瓦略 Eduardo Carvalho 
祖拉度 Zuradu 
克莱德·托尔森 Clyde Tolson 
亚森·佩特罗夫 Yassen Petrov 
琼乔·谢尔威 Joan Joe Sherway 
大卫·霍威尔·彼得雷乌斯 David Howell Petraeus 
詹姆斯·格思里 James Guthrie 
os/2 os / 2 
若泽·克莱伯森 Jose Klebson 
凯拉·狄奥果笛 Keira Diogudi 
里卡多·卡瓦略 Ricardo Carvalho 
丹尼斯·劳 Dennis Law 
兰尼 Lanny 
凯末尔·奎里达欧鲁 Kemal Queridaoulu 
杰夫·贝克 Jeff Baker 
富山县 Toyama County 
斯柯达明锐 Skoda Octavia 
安诺斯·福格·拉斯穆森 Annos Fogg Rasmussen 
范俊业 Fan Junye 
马克·米莱 Mark Millai 
永井雄一郎 Yuichiro Nagai 
胡安·古铁雷斯·莫雷诺 Juan Gutierrez Moreno 
特奥菲洛·古铁雷斯 Teofilo Gutierrez 
萨缪尔·贝克特 Samuel Beckett 
梅格·格里芬 Meg Griffin 
艾殊利·威廉斯 Ashley Williams 
沃索·杜乌拉 Vosso Duula 
博多语 Bodo 
vh1 Who 1 
嵯峨浩 Saga Hiroshi 
阿尔捷姆·久巴 Artem Juba 
帛琉 Palau 
乔·哈特 Joe Hart 
布匿语 Punic 
克里斯·沃森 Chris Watson 
基里尔·弗拉基米洛维奇 Kirill Vladimirovich 
肖战波 Xiao Zhanbo 
蒙哥 Mongo 
modula-3 module-3 
詹姆斯·兰克福德 James Lankford 
卢克雷齐亚·波吉亚 Lucrezia Borgia 
阿鲁纳恰尔邦 Arunachal Pradesh 
村山富市 Tomiichi Murayama 
奥比纳 Obina 
查尔斯·詹姆士·福克斯 Charles James Fox 
杰奎琳·肯尼迪 Jacqueline Kennedy 
靴里奴·高美斯 Bootlino Gomes 
哈马迪·杰巴里 Hamadi Jebari 
本·萨斯 Ben Sass 
约翰·布赖森 John Bryson 
克里斯·墨菲 Chris Murphy 
文彼得 Vin Peter 
胡安·吉列尔莫·夸德拉多 Juan Guillermo Cuadrado 
约翰·博兹曼 John Bozeman 
郭靖 Guo Jing 
马文·闵斯基 Marvin Minsky 
米斯郡 County Meath 
耶耶·托尼 Yeye Tony 
奥雅纳 Arup 
卡尔·列文 Karl Levin 
瑞蒙·卡佛 Raymond Carver 
托比亚斯·希森 Tobias Hesson 
奥尔汗·帕穆克 Orhan Pamuk 
亚历山大·斯图布 Alexander Stub 
伊斯兰军 Islamic Army 
威廉·埃夫里尔·哈里曼 William Averill Harriman 
历卡斯·赞臣 Likas Zanchen 
曼尼普尔邦 Manipur 
欧文·哈格里夫斯 Irving Hargreaves 
克里斯·马汀 Chris Martin 
特瓦族 Twa 
宣光省 Xuan Kuang Province 
米尔扎·纳斯鲁拉汗 Mirza Nasrullah Khan 
维多利亚·纽兰 Victoria Newland 
汉斯·路德 Hans Luther 
梁思成 Liang Sicheng 
约瑟夫·毕苏斯基 Joseph Piłsudski 
洛伊丝·格里芬 Lois Griffin 
詹姆斯·皮克 James Pick 
皮埃尔·莫佩尔蒂 Pierre Maupertti 
玛利·弗朗索瓦·萨迪·卡诺 Marie Francois Sadie Cano 
米尔恰·杰瓦讷 Mircea Jewana 
皮埃尔·孟戴斯-弗朗斯 Pierre Mendes-France 
gnu核心工具组 gnu core tool set 
米歇尔·德·蒙田 Michel de Montaigne 
丹尼尔·阿兰苏比亚 Daniel Alansubia 
斯塔福德郡 Staffordshire 
托马斯·a·亨德里克斯 Thomas A. Hendrix 
汤姆·沃尔夫 Tom Wolf 
基斯坦奴·朗拿度 Cristiano Ronaldo 
若瑟·苏格拉底 Joseph Socrates 
波尔布特 Pol Pot 
罗莎琳·卡特 Rosalyn Carter 
穆萨·德姆贝勒 Moussa Dembele 
罗杰·泰勒 Roger Taylor 
马丁·哈尼克 Martin Harnick 
乔治·莱格 George Leger 
芜湖市 Wuhu 
安德烈·马根加 Andre Maganga 
菲利普·金 Philip King 
王嘉尔 Wang Jiaer 
戈登·坎贝尔 Gordon Campbell 
格斯·霍尔 Gus Hall 
罗伯特·鲁宾 Robert Rubin 
理查·谢尔比 Richard Shelby 
科克郡 County Cork 
塞奥法尼斯·耶卡斯 Theofanis Yekas 
滁州市 Chuzhou City 
安东尼奥·孔蒂 Antonio Conte 
埃娃·科帕奇 Eva Kopac 
阿卜杜尔·哈里斯·纳苏蒂安 Abdul Harris Nasution 
谢尔盖·维特 Sergey Witt 
波音747-8 Boeing 747-8 
黛咪·洛瓦特 Demi Lovat 
胡兆军 Hu Zhaojun 
山泽族 Shanze 
杰罗姆·大卫·塞林格 Jerome David Salinger 
尼古拉·伊万诺维奇·叶若夫 Nikolai Ivanovich Yezhov 
桑·马达 San Madara 
埃姆雷·贝洛措格卢 Emre Belozoglu 
沃尔特·福沃德 Walter Foward 
尼古拉·斯特金 Nicola Sturgeon 
山口县 Yamaguchi 
苏卡迪斯·柏柏斯达夫普路斯 Sukardis Bobosdavpulus 
安达·韦斯登 Anda Westden 
阿美语 Ami 
李柱铭 Martin Lee 
克里斯蒂安·涅梅特 Christian Nemet 
孙祥 Sun Xiang 
阿明·范·比伦 Armin Van Buren 
爱德华·斯塔福德 Edward Stafford 
胡安·弗朗西斯科·托雷斯 Juan Francisco Torres 
赵洪祝 Zhao Hongzhu 
吉尔伯托·席尔瓦 Gilberto Silva 
华令加议会 Warringah Council 
贾迈勒·阿卜杜-纳赛尔 Jamal Abdul-Nasser 
萧敬腾 Xiao Jingteng 
拉姆·伊曼纽尔 Ram Emanuel 
埃地族 Edi 
布尔诺 Brno 
维吾尔族 Uighur 
吉米·佩奇 Jimmy Page 
马克图姆·本·拉希德·阿勒马克图姆 Maktoum Bin Rashid Al Maktoum 
艾殊利·杨格 Ashley Young 
莱曼·史匹哲 Lyman Spitzer 
詹姆斯·沃尔芬森 James Wolfensohn 
路易·圣洛朗 Louis Saint Laurent 
保罗·瓦哈格 Paul Wahag 
雅尼斯·瓦鲁法克斯 Janis Varufax 
马渊澄夫 Ma Yuanchengfu 
奥托·迪尔斯 Otto Diels 
谢尔盖·瓦季莫维奇·斯捷帕申 Sergei Vadimovich Stepashin 
马迪亚斯·佐真逊 Matthias Zozenson 
克里语 Cree 
马姆努恩·侯赛因 Mamnoon Hussein 
格里戈尔·姆加洛布利什维利 Grigor Mgaloblishvili 
金成勇 Jin Chengyong 
爱德华·威滕 Edward Witten 
萨达姆·侯赛因 Saddam Hussein 
森·禾基斯 Sen Hekis 
施巴斯坦·拿臣 Schbastan Nachen 
刘恺威 Hawick Lau 
娜语录 Na Quotations 
兰迪·谢克曼 Randy Sheckman 
坎波斯·萨莱斯 Campos Salez 
玛丽·蕾捷斯卡 Marie Lejeska 
瓦茨拉夫·哈维尔 Vaclav Havel 
韦布林 Weblin 
阿纳斯塔西娅·尼古拉耶芙娜·罗曼诺娃 Anastasia Nikolaevna Romanova 
鲁卡斯·哈迪基 Lucas Hadiki 
德辅 Desuke 
拜伦·斯科特 Byron Scott 
莱士雅丁 Les Jardins 
巴耶济德帕夏 Bayezid Pasha 
何塞·安东尼奥·雷耶斯 Jose Antonio Reyes 
泰亚高·尼维斯 Tyago Nevis 
塞巴斯蒂安·阿布鲁 Sebastian Abru 
托马斯·杜威 Thomas Dewey 
古隆语 Gurung 
吴百纳 Wu Baina 
罗伯特·特鲁希略 Robert Trujillo 
亨利·阿加德·华莱士 Henry Agard Wallace 
贾瓦德·内科南 Javad Nekonan 
安德列·舒贺尔尼 Andre Shuherny 
丹·奎尔 Dan Quill 
曼岛 Isle of Man 
詹姆斯·海特菲尔德 James Hetfield 
格迪米纳斯·基尔基拉斯 Gediminas Kilkilas 
安赫尔·迪马里亚 Angel Di Maria 
彭丽媛 Peng Liyuan 
俄斯特拉发 Ostrava 
小约翰·阿姆斯特朗 John Armstrong Jr 
亚伯拉罕·亚伯·方特斯 Abraham Abel Fontes 
德克·库伊特 Dirk Kuyt 
科菲·安南 Kofi Annan 
道尔顿·麦坚迪 Dalton McGuinty 
奎松市 Quezon City 
亨利·迪尔伯恩 Henry Dearborn 
保罗·朗之万 Paul Langevin 
张春贤 Zhang Chunxian 
肖恩·多诺万 Sean Donovan 
马度·拿尼积克 Madhu Nanijak 
康乃狄克河 Connecticut River 
帕劳语 Palauan 
艾伦·斯蒂芬森·博伊德 Alan Stephenson Boyd 
尤里科·加斯帕尔·杜特拉 Yurico Gaspar Dutra 
莫斯塔尔 Mostar 
孟菲斯·迪比 Memphis Dibby 
鲁思·巴德·金斯伯格 Ruth Bud Ginsberg 
丹尼·阿尔维斯 Danny Alves 
威尔森·帕拉西奥斯 Wilson Palacios 
山由族 Shanyou 
安德烈亚斯·魏曼 Andreas Weiman 
梅尔·马丁内斯 Mel Martinez 
史蒂文·皮纳尔 Steven Pinar 
捷特·伊云斯 Jet Ewans 
格雷戈里·库佩 Gregory Cooper 
多摩区 Tama Ward 
石俊 Shi Jun 
科索沃 Kosovo 
菲律宾语 Filipino 
特诺·龙卡利奥 Teno Roncalio 
沃尔特·萨穆埃尔 Walter Samuel 
维亚切斯拉夫·缅任斯基 Vyacheslav Menzhinsky 
史提芬·艾利兰 Steven Allyland 
颜骏凌 Yan Junling 
胡蓓蔚 Hu Beiwei 
温州市 Wenzhou city 
赛扬 Celeron 
阿丽亚·埃·侯赛因 Alia E Hussein 
安德雷斯·瓜尔达多 Andres Guardado 
谢霆锋 Nicholas Tse 
杨慕琦 Yang Muqi 
杨丞琳 Rainie Yang 
华特·萧特基 Walter Schottky 
罗曼·赫尔佐克 Roman Herzog 
玛丽·德·美第奇 Marie de Medici 
鲍里斯·涅姆佐夫 Boris Nemtsov 
西里西亚语 Silesian 
德米特里·托尔宾斯基 Dmitry Tolbinski 
顾超 Gu Chao 
穆罕默德·拉菲克·塔拉尔 Mohamed Rafik Talal 
诺罗敦·西哈莫尼 Norodom Sihamoni 
葵区 Kwai District 
惠特妮·休斯顿 Whitney Houston 
美属萨摩亚 American Samoa 
简蕙芝 Jian Huizhi 
米高·辛 Michael Sheen 
彼得·洛文克兰斯 Peter Lowenkrans 
马塞洛·萨拉斯 Marcelo Salas 
鼓击乐团 Drumming Orchestra 
埃德温·m·斯坦顿 Edwin M. Stanton 
比什凯克 Bishkek 
余姚市 Yuyao 
费尔哈特·阿巴斯 Ferhart Abbas 
洪永城 Hong Yongcheng 
里卡多·佩雷拉 Ricardo Pereira 
阿尔内·弗雷德里希 Arne Friedrich 
索马里语 Somali 
宋茜 Song Qian 
佩德罗·帕索斯·科埃略 Pedro Passos Coelho 
明古鲁省 Bengkulu 
史卓菲自治市 Strathfield Borough 
卡拉巴松 Calabarzon 
法罗语 Faroese 
波音767 Boeing 767 
宾约哥足球会 Binyogo Football Club 
阿穆尔·穆萨 Amur Moussa 
爱媛县 Ehime Prefecture 
萨拉坦·隆比真历 Saratan Lumbi True Calendar 
安罗科萨斯法马古斯塔足球会 Anro Kosas Famagusta Football Club 
郁可唯 Yu Kewei 
拉涅里·马兹利 Ranieri Mazli 
李政道 Li Zhengdao 
曼尼普尔语 Manipur 
定远县 Dingyuan County 
尼古拉·莱罗塔列 Nicolas Lerotare 
模罕默德·迪捷迪 Mohamed Dijdi 
苟芸慧 Tokugei Kei 
尤金·维格纳 Eugene Wigner 
梁子骏 Liang Zijun 
保罗·基廷 Paul Keating 
卡鲁日 Carouge 
米哈伊·勒兹万·温古雷亚努 Mihai Rizwan Ungureanu 
铃木贯太郎 Kantaro Suzuki 
亨利·诺克斯 Henry Knox 
小威廉·布伦南 William Brennan Jr 
斯库尔基尔河 Schuylkill River 
埃内斯托·桑佩尔·皮萨诺 Ernesto Samper Pisano 
狮子王 The lion king 
尚·布希亚 Jean Busia 
杜比·艾达韦列特 Dolby Idaveret 
安德烈斯·格兰奎斯特 Andres Granquist 
乔尔乔斯·查维拉斯 Giorgios Chavilas 
伊德耶·艾德·布朗 Ideye Ed Brown 
张志军 Zhang Zhijun 
卡尔·卡斯滕斯 Carl Carstens 
郑凯木 Zheng Kaimu 
沙恩·希捷士 Shane Seagate 
加里·梅德尔 Gary Medel 
瓦尔迪斯·东布罗夫斯基斯 Valdis Donbrowskis 
瓦尔达斯·阿达姆库斯 Vardas Adamkus 
纽波特 Newport 
加利·麦舒菲尔 Gary Meshower 
波音720 Boeing 720 
费德里科·马凯蒂 Federico Marchetti 
拉夫连季·帕夫洛维奇·贝利亚 Lavrenti Pavlovich Beria 
奥内 One 
帕纳约蒂斯·皮克拉梅诺斯 Panayotis Picramenos 
韩正 Han Zheng 
约翰·德·罗贝克 John De Robek 
舒克里·库瓦特利 Shukri Kuvatli 
大平正芳 Masayoshi Ohira 
罗杰·潘洛斯 Roger Penrose 
陈涛 Chen Tao 
马修·德比希 Matthew Derby 
傻朋克 Silly Punk 
神户市 Kobe City 
胡先翁 Hu Xianweng 
圣女天团 Saint Maiden 
内华达州 Nevada 
萨瓦省 Savoie 
安德鲁·卡罗尔 Andrew Carroll 
朱棣文 Zhu Diwen 
马伦·迪克森 Marlen Dixon 
弗里德里希·奥古斯特·凯库勒·冯·斯特拉多尼茨 Friedrich August Kekule von Stradonitz 
希洪 Gijon 
科勒·卡戴珊 Kohler Kardashian 
安七炫 An Qixuan 
博伊科·鲍里索夫 Boyko Borisov 
江户川区 Edogawa District 
科里·加德纳 Corey Gardner 
波塞冬 Poseidon 
马苏特·苏查尔 Masut Suchar 
穆罕默德·阿里·真纳 Muhammad Ali Jinnah 
塞莱斯汀·巴巴亚罗 Celestine Baba Yaro 
扎耶德·本·苏尔坦·阿勒纳哈扬 Zayed Bin Sultan Al Nahyan 
穆罕默德·纳席尔 Mohamed Nasir 
萨拉戈萨 Zaragoza 
阿里·卡菲 Ali Kafe 
马鲁夫·巴希特 Maruf Basit 
约瑟夫·哈伯沙姆 Joseph Habersham 
扬·费尔通亨 Jan Vertonghen 
河源市 Heyuan City 
奇罗·因莫比莱 Chiro Immobile 
史蒂夫·克利福德 Steve Clifford 
刚果共和国 the republic of Congo 
巴伦德·比舒维尔 Barend Bischwell 
陈家强 Chen Jiaqiang 
约翰·博纳 John Bonner 
武志公 Vo Chi Cong 
巴勃罗·阿尔梅罗 Pablo Almero 
瓦西里·伊万诺维奇·崔可夫 Vasily Ivanovich Trikov 
欧内斯特·劳伦斯 Ernest Lawrence 
杰里米·边沁 Jeremy Bentham 
桑德兰 Sunderland 
安德烈·维拉斯-波亚斯 Andre Vilas-Boyas 
威廉·马克思 William Marx 
湖州市 Huzhou 
阿历士·桑治 Alex Sangji 
泰恩-威尔郡 Tyne and Wear 
苏加沙达萨体育场 Sugasadasa Stadium 
南达科他州 South Dakota 
雷丁 Redding 
佛罗·里达 Florida 
克里斯蒂娜·拉加德 Christina Lagarde 
卡洛斯·耶拉斯·雷斯特雷波 Carlos Jelas Restrepo 
佩特·德容 Pete De Jong 
森麻实郡 Morimashi-gun 
梦工厂 DreamWorks 
蒂姆·斯科特 Tim Scott 
亚历西斯·托克维尔 Alexis Tocqueville 
布拉尼斯拉夫·伊云奴域 Branislav Evanovich 
埃德文·范德萨 Edwin Van der Sar 
雅各布·福尔哈德 Jacob Folhard 
关口训充 Pass training charge 
南特 Nantes 
留比萨·图巴科维奇 Leubisa Tubakovic 
麦孔·道格拉斯·西塞南多 Maicon Douglas Cisenando 
纽特·金里奇 Newt Gingrich 
迈克·哈维纳尔 Mike Havenal 
奥斯卡·卡尔·威廉 Oscar Carl William 
哈伊姆·赫尔佐克 Haim Herzog 
罗马路·卢卡古 Romano Lukaku 
法鲁克·莱加里 Farouk Legari 
埃德加·赖斯·巴勒斯 Edgar Rice Burroughs 
加勒特·霍巴特 Garrett Hobart 
妮诺·布尔贾纳泽 Nino Burjanadze 
杨培安 Yang Peian 
亨利·利文斯顿 Henry Livingston 
亨利·诺利斯·罗素 Henry Norris Russell 
扎扎其语 Zazaqi 
阿历山大·柏图 Alexandra Botto 
詹姆斯·麦克亨利 James McHenry 
卢多维奇·马格宁 Ludovich Magnin 
阮文灵 Nguyen Van Ling 
埃拉诺 Elano 
埃纳尔斯·雷普舍 Einals Repsch 
约翰·凯尔 John Kyle 
鲍比·金达尔 Bobby Jindal 
麦克·洛逊 Mike Robson 
戈特洛布·弗雷格 Gottlob Frege 
幸区 Fortunately 
比尔·卡西迪 Bill Cassidy 
班加罗尔 Bangalore 
艾迪尔·达·奥利华拉·艾莫林 Idil da Oliveira Emory 
王沪宁 Wang Huning 
博古 Bogu 
纳瓦拉 Navarre 
沙治奥·艾斯古迪路 Sagio Escudi Road 
德布雷辛尼vsc Debresini vsc 
谭海 Tan Hai 
策伦奥齐尔·丹巴道尔吉 Celen Ozil Dambadorj 
崔龙海 Cui Longhai 
鄂罗克人 Orok 
鲁尔·艾比奥尔 Ruhr Abiol 
巫启贤 Wu Qixian 
尼夫赫人 Nifuh 
德川家茂 Tokugawa Kamo 
精英队 Elite team 
恩斯特·卡西尔 Ernst Cassirer 
丹尼尔·d·汤普金斯 Daniel D. Tompkins 
关菊英 Guan Juying 
路易斯·菲戈 Luis Figo 
达尼洛·图尔克 Danilo Turk 
罗伯特·泰弗士 Robert Tyvers 
尤勒斯·沃格尔 Jules Vogel 
斯特凡·安德森 Stefan Anderson 
马里奥·格策 Mario Gotze 
西奥多·威廉·理查兹 Theodore William Richards 
儒利奥·塞萨尔 Julio Cesar 
德韦恩·凯西 Dwayne Casey 
泰德·克鲁兹 Ted Cruz 
轩历基·布斯 Xuan Liji Booth 
迪迪亚尔·比尔亚莱特迪诺夫 Didier Biryaletdinov 
安杰利诺·阿尔法诺 Angelino Alfano 
佩尔·埃温德·斯温胡武德 Pell Evind Swinhuwood 
东久留米市 Higashikurume City 
迭戈·贝纳利奥 Diego Benalio 
马马杜·沙高 Mamadou Shagao 
金基熙 Kim Ki Hee 
宗磊 Zong Lei 
半边天 half of the sky 
滨松市 Hamamatsu City 
马丁·凯利 Martin Kelly 
契丹语 Khitan 
甘迪亚 Gandia 
高津区 Gaojin District 
何塞·德·拉马尔 Jose de Lamar 
郭庚茂 Guo Gengmao 
增田誓志 Masuda Oathshi 
李小龙 Bruce Lee 
汤加语 Tongan 
瓦尔季斯·扎特莱尔斯 Valdis Zatlers 
曹禺 Cao Yu 
大津市 Otsu City 
蒂珀雷里郡 Tipperary County 
威廉·基斯特 William Kist 
矶谷廉介 Isotani Rensuke 
诺基亚lumia_520 Nokia lumia_520 
asec米莫萨 asec mimoza 
约西普·德尔米奇 Josip Delmic 
鄂尔多斯市 Ordos City 
弗雷迪·瓜林 Freddie Guarin 
基尔代尔郡 Kildare County 
伯纳德·曼德维尔 Bernard Mandeville 
康斯坦丁·德斯克列斯库 Konstantin Deskerescu 
富士市 Fuji city 
约翰·加尔布雷斯 John Galbraith 
西班牙人 Spanish 
佤邦 Wa State 
沈殿霞 Shen Dianxia 
保罗·马丁 Paul Martin 
卓卓 Zhuo Zhuo 
印第安纳步行者 Indiana Pacers 
詹姆斯·杜威·沃森 James Dewey Watson 
柯克·哈米特 Kirk Hammett 
康斯坦丁·冯·纽赖特 Constantine von Neuwright 
鲁道夫·菲尔绍 Rudolf Filsau 
诺基亚lumia_830 Nokia lumia_830 
米格尔·蒙泰罗 Miguel Monteiro 
伊万·斯捷潘诺维奇·科涅夫 Ivan Stepanovich Konev 
纽约州参议院 New York State Senate 
菲利普·安德森 Philip Anderson 
皮埃尔·洛朗 Pierre Laurent 
亚当·卡里顿 Adam Carrington 
佩德罗·阿雷克索 Pedro Alexo 
加告兹语 Gagauz 
拖雷 Tow mine 
何塞·玛丽亚·阿斯纳尔 Jose Maria Aznar 
查理·佩斯 Charlie Pace 
马德钟 Ma Dezhong 
哥伦比亚河 Columbia River 
祥妃 Xiang Fei 
孙春兰 Sun Chunlan 
佐兰·托西奇 Zoran Tosic 
穆罕默德·卡迪尔 Mohamed Kadir 
胡安·卡洛斯·贝莱隆 Juan Carlos Belleron 
马特·麦凯 Matt McKay 
马高·柏达连奴 Margo Pedalino 
马田·甘贝洛夫 Martin Gamberov 
飞轮海 Fahrenheit 
艾碧该·亚当斯 Abigail Adams 
杰弗里·丘 Jeffrey Yau 
威廉·皮克 William Pick 
叙利亚语 Syriac 
沃尔夫冈·朔伊布勒 Wolfgang Schaeuble 
乔·唐纳利 Joe Donnelly 
安格斯·杨 Angus Young 
加夫列尔·加西亚·马尔克斯 Gabriel Garcia Marquez 
卡洛斯·阿德里亚诺·索萨·克鲁斯 Carlos Adriano Sosa Cruz 
埃利奥·迪吕波 Elio Di Lubo 
焦尔达诺·布鲁诺 Giordano Bruno 
珍妮·沙欣 Jenny Shahin 
凯莱布·顾盛 Caleb Gusheng 
约瑟·尤保 Joseph Ubau 
莫里西 Morrissey 
布鲁诺·阿尔维斯 Bruno Alves 
罗德里戈·帕拉西奥 Rodrigo Palacio 
彭真 Peng Zhen 
米哈伊尔·谢尔盖耶维奇·索洛缅采夫 Mikhail Sergeyevich Solomiantsev 
吉列尔莫·莱昂·巴伦西亚 Guillermo Leon Valencia 
吉尔吉奥斯·卡拉古尼斯 Kyrgios Karagounis 
西泽·a·罗德尼 Cize A. Rodney 
安达斯·史云逊 Andas Swanson 
阿卜杜勒侯赛因·哈兹尔 Abdul Hussein Hazr 
罗渣·比拿度 Roger Binard 
朱德·特鲁姆普 Judd Trump 
穆斯塔法·阿卜杜勒·贾利勒 Mustafa Abdul Jalil 
奇诚庸 Qi Chengyong 
科贾·达武德帕夏 Koja Davudpasha 
华达·比沙 Huada Bisha 
马修·斯皮拉诺维奇 Matthew Spiranovic 
僧伽罗语 Sinhala 
鲁霍拉·穆萨维·霍梅尼 Ruhola Mousavi Khomeini 
汤唯 Tang Wei 
大田区 Ota-ku 
马丁·路德·金 Martin Luther King 
乔治·戴维·伯克霍夫 George David Burkhoff 
沙华·汤马士 Shawar Thomas 
东斯拉夫语支 East Slavic 
下索布语 Lower Sorbian 
弗耶科斯拉夫·贝万达 Fjekoslav Bewanda 
法赫德·贾西姆·弗拉杰 Fahad Jasim Fraj 
莱昂足球会 Leon Football Club 
劳埃德·本特森 Lloyd Bentson 
男亲女爱 Male-female love 
维塔利·沃罗特尼科夫 Vitali Vorotnikov 
碧昂丝·诺利斯 Beyonce Knowles 
伊戈尔·塞姆绍夫 Igor Semsov 
米克·甸恩 Mick Deen 
文京区 Bunkyo 
戴维·朗伊 David Longy 
灰喜鹊 Grey Magpie 
保罗·史高斯 Paul Scors 
胡拉勒自治市 Hural Municipality 
猎人山自治市 Hunter Mountain Municipality 
莱昂·安德森 Leon Anderson 
白兰高·伊历 Brando Ili 
弗朗索瓦·阿希尔·巴赞 Francois Asher Bazin 
斯泰利亚诺斯·詹纳科普洛斯 Stelianos Giannakopoulos 
瓦尔特·乌布利希 Walter Ubrich 
温和党 Moderate party 
安东尼·泰莱 Anthony Taylor 
哈里·霍克里 Harry Hockley 
丹尼尔·阿林 Daniel Allin 
诺基亚lumia_735 Nokia lumia_735 
基斯甸·洛迪古斯 Christine Rodriguez 
吉姆·尼科尔森 Jim Nicholson 
奥托·冯·哈布斯堡 Otto von Habsburg 
吉尔伯特·路易斯 Gilbert Lewis 
梅涅 Meigne 
周小川 Zhou Xiaochuan 
孙德胜 Sun Desheng 
劳拉·威尔士·布什 Laura Welsh Bush 
泽西 Jersey 
陈倩扬 Chen Qianyang 
乌卡什·法比安斯基 Ukash Fabianski 
菲尔·斯佩克特 Phil Spector 
马丁·布赖恩·马尔罗尼 Martin Bryan Mulroney 
乔许·欧内斯特 Josh Ernest 
基里尔·纳巴布金 Kirill Nababkin 
苏永康 Su Yongkang 
调布市 Chofu City 
亚历山大·克瓦希涅夫斯基 Alexander Kwasniewski 
林中森 Lin Zhongsen 
莫言 Mo Yan 
华希·路亚 Huaxi Luya 
安德森·路易斯·迪·阿布努·奥利维拉 Anderson Luis Di Abnu Oliveira 
约翰·伏许安 John Fuchham 
乔治·冯·赫特林 George von Hertling 
约瑟夫·穆斯卡特 Joseph Muscat 
贝娅塔·席多 Beata Shido 
林丰正 Lin Fengzheng 
迪亚高·卢比斯·洛迪古斯 Diago Luis Rodriguez 
德瓦尔·帕特里克 Deval Patrick 
李昭皇 Li Zhaohuang 
乔治·卡尔 George Carr 
千叶市 Chiba City 
埃尔纳内斯 Ernanes 
卡拉卡尔帕克语 Karakalpak 
迈克尔·乔丹 Michael Jordan 
梁家辉 Liang Jiahui 
吴乃仁 Wu Nairen 
北江省 Bac Giang 
阿莫斯·肯德尔 Amos Kendall 
贝吉·凯德·埃塞卜西 Beiji Kaide Esebsi 
埃尔克森 Elkson 
维兹·卡利法 Wiz Khalifa 
威尔森·罗德里格斯·丰塞卡 Wilson Rodriguez Fonseca 
瓦西里·科拉罗夫 Vasily Kolarov 
安德雷·巴尔扎利 Andre Barzali 
欧嘉·尼古拉耶芙娜 Olga Nikolaevna 
马克·沃纳 Mark Warner 
亨特·斯托克顿·汤普森 Hunter Stockton Thompson 
莱特·森 Wright Sen 
慈溪市 Cixi City 
阿方索·洛佩斯·米切尔森 Alfonso Lopez Mitchellson 
易卜拉欣·哈基米 Ibrahim Hakimi 
博比·摩尔 Bobby Moore 
俄勒冈州行政区划 Administrative divisions of Oregon 
娜式糖 Nascent 
约翰·迪肯 John Deakin 
潘耀焯 Pan Yaozhuo 
佩尔·默特萨克 Per Mertesacker 
小野洋子 Yoko Ono 
冈山县 Okayama Prefecture 
东爪哇省 East Java 
约翰·基 John Key 
米尔顿凯恩斯 Milton Keynes 
大和市 Yamato City 
特里·布兰斯塔德 Terry Branstad 
阿尔吉尔达斯·布特凯维丘斯 Algirdas Butkevichus 
里卡多·阿尔瓦雷斯 Ricardo Alvarez 
埃米勒·卢贝 Emile Lube 
加斯顿·拉美利斯 Gaston Ramelis 
欧内斯特·卢瑟福 Ernest Rutherford 
康维尔 Convair 
于海 Yu Hai 
依纳爵·罗耀拉 Ignatius Loyola 
柯尔克孜族 Kirgiz 
权恒 Quan Heng 
菲利普·德根 Philip Degen 
麻生区 Asao Ward 
铃木liana Suzuki liana 
希澈 Heechul 
艾哈迈德·沙菲克 Ahmed Shafik 
六安市 Lu'an City 
柏市 Kashiwa 
菲利浦·赫尔 Philip Hull 
乔吉奥·基耶利尼 Giorgio Chiellini 
卡尔梅克卫拉特语 Kalmykia 
阿尔萨斯语 Alsatian 
孟语 Mon 
弗兰克·德波尔 Frank De Boer 
史蒂芬·欧斯戴 Stephen Osday 
宫泽佐江 Miyazawa Sae 
拉里·佩奇 Larry Page 
怒族 Nu 
卡尔·威曼 Carl Wiman 
爱德华·泰勒 Edward Taylor 
尼基塔·卢卡维奇亚 Nikita Lukavicia 
费特列·苏连逊 Fetre Sullenson 
金俊秀 Kim Junsu 
热那亚共和国 Republic of Genoa 
玉珠铉 Ok Joo Hyun 
黄奇帆 Huang Qifan 
闫峰 Yan Feng 
泰安市 Tai'an City 
广野庆子 Hirono Keiko 
舟山市 Zhoushan City 
华家堡足球会 Huajiapu Football Club 
戈兰·潘德夫 Goran Pandev 
利利安·图拉姆 Lilian Tulam 
宾努 Binnu 
安东尼·范登博雷 Anthony Van den Bore 
罗比·威廉斯 Robbie Williams 
ze:a ze: a 
曹髦 Caomao 
多梅尼科·克里西托 Domenico Crisito 
阿萨姆语 Assamese 
马田·巴斯维特 Martin Basvet 
乔纳森·斯佩克特 Jonathan Spector 
克里斯·康斯 Chris Cons 
君特·格拉斯 Gunter Glass 
厚木市 Atsugi City 
李玟 Coco Lee 
金奈 Kinna 
罗伯特·吉布斯 Robert Gibbs 
基多 Quito 
约翰·布兰奇 John Branch 
冈崎市 Okazaki City 
大卫·吉尔摩 David Gilmore 
索布语 Sorbian 
贾乃亮 Jia Nailiang 
潍坊市 Weifang 
毕丹星 Bi Danxing 
诺基亚lumia_510 Nokia lumia_510 
谢罗德·布朗 Sherrod Brown 
凯莉·克莱森 Kelly Clarkson 
施卓琪 Shi Zhuoqi 
凯利·阿约特 Kelly Ayote 
亚历山大·汉密尔顿 Alexander Hamilton 
柔若语 Rouruo 
阿克拉 Accra 
埃蒂尼·卡波埃 Etienne Capoe 
安东尼·本内特 Anthony Bennett 
白崇禧 Bai Chongxi 
约翰·艾文 John Irwin 
乔丁·斯帕克斯 Jordin Sparks 
帕德梅·艾米达拉 Padmé Amidala 
镂斐迪 Lou Fendi 
杰里·莫兰 Jerry Moran 
泰尼·坦普 Tenny Temple 
阿里·沙斯特罗阿米佐约 Ali Shastro Amizoyo 
阿卜杜拉布·曼苏尔·哈迪 Abdullab Mansour Hadi 
雪莉·桑德伯格 Shirley Sandberg 
莱纳·玛利亚·里尔克 Lena Maria Rilke 
汤姆·尤德尔 Tom Udell 
摩顿·尼古拉斯·拉梅臣 Morton Nicholas Ramesh 
塔拉戈纳 Tarragona 
亚历山德罗·德尔·皮耶罗 Alessandro Del Piero 
穆罕默德·伊克巴勒 Mohamed Iqbal 
刘禅 Liu Chan 
阿瑟·格里菲斯 Arthur Griffith 
洪金宝 Sammo Hung 
查尔斯·j·福尔杰 Charles J. Folger 
亚历山德罗·甘贝里尼 Alessandro Gamberini 
玛丽亚·莱蒂西亚·拉莫利诺 Maria Leticia La Molino 
索麦拉·库里巴利 Sommera Kulibaly 
刘彬彬 Liu Binbin 
古高地德语 Old High German 
迪诺·久比奇 Dino Giubic 
安庆市 Anqing 
尤尼斯·穆罕默德 Younis Muhammad 
阿图罗·比达尔 Arturo Vidal 
卡尔·斐迪南·科里 Carl Ferdinand Corey 
奉辛比克党 Funcinbek Party 
王洪亮 Wang Hongliang 
米尔科·武齐尼奇 Mirko Vuzinic 
罗伯特·弗洛伊德 Robert Freud 
毛罗·博塞利 Mauro Boselli 
大肖恩 Big Sean 
若奥·米兰达·德索萨·菲略 Joao Miranda De Souza Filho 
特鲁瓦内 Troynet 
淮安市 Huaian city 
罗伯特·莱万多夫斯基 Robert Lewandowski 
古迦太基 Ancient Carthage 
米高伊斯·干斯坦天奴 Michaelis Ganstantinu 
儒塞利诺·库比契克 Juscelino Kubitschek 
尼基·辛宁 Nicky Sinning 
石天 Shi Tian 
2014年亚足联主席杯 2014 AFC Presidents Cup 
约翰·y·布朗 John Y. Brown 
诺基亚lumia_530 Nokia lumia_530 
韦菲特·邦尼 Wiffett Bonnie 
埃兹奎尔·加雷 Ezquel Gare 
史考特·斯凯尔斯 Scott Skiles 
亚当·兰伯特 Adam Lambert 
克劳斯·奥根塔勒 Klaus Ogenthal 
辛炯珉 Xin Jiongmin 
哈希姆·阿塔西 Hashim Atassi 
莱顿 Leiden 
科切里尔·拉曼·纳拉亚南 Kocheril Raman Narayanan 
福岛市 Fukushima City 
吴官正 Wu Guanzheng 
昌迪加尔 Chandigarh 
詹纳罗·加图索 Gennaro Gattuso 
卢炳俊 Lu Bingjun 
罗斯康芒郡 Roscommon County 
伯尼·桑德斯 Bernie Sanders 
吉尔·拜登 Jill Biden 
米高·格隆达利 Michael Grondali 
保罗·布莱特纳 Paul Breitner 
金伊娜 Jin Ina 
李康廉 Li Kanglian 
莲舫 Lotus Boat 
圣赫勒拿岛 St. Helena 
海因里希·吕布克 Heinrich Luebeck 
克里斯蒂安·卢保亚 Christian Lubaoya 
加齐·伊本·费萨尔 Gazi Ibn Faisal 
托尼·克罗斯 Tony Cross 
亨利·科尼利厄斯·伯内特 Henry Cornelius Burnett 
李长春 Li Changchun 
普惠jt9d Pratt & Whitney jt9d 
鲁克·梳尔 Luke Sull 
伊贺市 Iga City 
放浪兄弟 Vagrant Brothers 
彼得·阿尔卡季耶维奇·斯托雷平 Peter Arkadyevich Stolypin 
斯蒂芬·利希施泰纳 Stephen Lichsteiner 
c-47运输机 c-47 transport aircraft 
兹比格涅夫·梅斯内尔 Zbigniew Messner 
金泳三 Kim Young Sam 
汪涵 Wang Han 
丹尼·胡高域 Danny Hugofield 
荣·保罗 Ron Paul 
奥迪 Audi 
路易斯·博塔 Luis Botha 
平福省 Binh Phuoc 
弗拉基米尔·安东诺维奇·伊瓦什科 Vladimir Antonovich Ivasko 
阿斯塔纳 Astana 
坎代·西潘敦 Kandy Sipanton 
特奥多尔·杜米特鲁·斯托洛然 Teodor Dumitru Stolojan 
乔伊斯·卡罗尔·欧茨 Joyce Carol Oates 
临沂市 Linyi City 
米歇尔·普拉蒂尼 Michel Platini 
文晸赫 Wen Dong Hyuk 
克里斯多夫·杜德 Christopher Dudd 
马特奥·科瓦西奇 Matteo Kovacic 
阿姆斯特尔芬 Amstelveen 
艾哈迈德·达武特奥卢 Ahmed Davutoglu 
2013年亚足联主席杯 2013 AFC Presidents Cup 
彼得·雅罗谢维奇 Peter Jarosevich 
李垠 Li Yin 
苏阿特·于尔居普吕 Suat Urgupru 
凯里郡 County Kerry 
乔·强纳斯 Joe Jonas 
三鹰市 Mitaka City 
埃尔维斯·皮礼士利 Elvis Presley 
江作汉 Jiang Zuohan 
葛饰区 Katsushika 
卡卡 Kaka 
乔治·格伦维尔 George Glenville 
埃玛·戈尔德曼 Emma Goldman 
麦加帝斯 Megatis 
维多利亚州 Victoria 
恩斯赫德 Enschede 
鹿心社 Luxinshe 
陶虹 Tao Hong 
萨马德汗·蒙塔兹·萨尔坦纳 Samad Khan Montaz Saltana 
杰伊·英斯利 Jay Insley 
威廉·伯格斯·达·席尔瓦 William Bergs da Silva 
"jumpin'"] "jumpin'"] 
礼智省 Lichi Province 
宋任穷 Song Renqiong 
范玮琪 Christine Fan 
约瑟夫·m·凯里 Joseph M. Carey 
赫拉 Hera 
马修·莱基 Matthew Lecky 
本·阿弗莱克 Ben Affleck 
翁山苏姬 Aung San Suu Kyi 
克里斯蒂安·萨帕塔 Christian Zapata 
坎达儿·珍娜 Kandal Jenna 
亚内兹·德尔诺夫舍克 Yanez Drnovsek 
奥罗莫语 Oromo 
裘斯·赞臣 Jus Zanchen 
容祖儿 Joey Yung 
盖尔·哈德格里姆松 Gail Hardgrimson 
麦浩德 Mehhot 
吉姆·德敏特 Jim Demint 
披耶·玛奴巴功 Phaya Manu Bakong 
藤井裕久 Hirohisa Fujii 
萨莉·朱厄尔 Sally Jewell 
拉萨市 Lhasa 
恩维尔·霍查 Enver Hoxha 
安达曼海 Andaman Sea 
战地风云1942 Battlefield 1942 
罗森文 Rosenven 
亨利·保尔森 Henry Paulson 
射雕英雄传 The Legend of the Condor Heroes 
苏丹共和国 The Republic of Sudan 
埃韦顿·里贝罗 Everton Ribeiro 
粤北土话 Cantonese 
迈赫迪·拉岑 Mehdi Ratzen 
杰布·布希 Jeb Bush 
pec施禾利 pec Shiheli 
吴章银 Wu Zhangyin 
皮耶路易吉·科利纳 Pierluigi Colina 
台湾人 Taiwanese 
罗杰·沃特斯 Roger Waters 
内雷乌·拉莫斯 Nereu Ramos 
喀山 Kazan 
史蒂夫·乔布斯 Steve Jobs 
盐谷司 Shiotani 
路易斯安那州行政区划 Administrative divisions of Louisiana 
圣诞岛 Christmas island 
夏奇拉 Shakira 
纳比勒·兹哈尔 Nabil Zihar 
阿里·阿斯加尔汗 Ali Asgar Khan 
马汀·盖瑞克斯 Martin Garex 
威尔乌 Wilu 
哲柳·哲列夫 Tetsuyanagi and Tetsuo 
约翰·威廉·史诺 John William Snow 
吉奥瓦尼·多斯桑托斯 Giovanni dos Santos 
林肯郡 Lincolnshire 
玛丽·都铎 Mary Tudor 
佩特科·卡拉维洛夫 Petko Karavilov 
卢卡斯·罗德里格斯·莫拉·达席尔瓦 Lucas Rodriguez Mora da Silva 
奥拉维尔·约翰内松 Olafur Johannesson 
艾迪·弗朗西斯 Eddie Francis 
爱新觉罗·慧生 Aixinjueluo Huisheng 
埃曼努埃尔·弗里庞 Emmanuel Fripin 
吕丽萍 Lu Liping 
添·侯活 Tim Howard 
乌孜别克族 Uzbek 
巴卡雷·萨尼亚 Bakare Sagna 
阿尔巴尼亚族 Albanian 
黄家驹 Huang Jiaju 
菲利普·弗朗西斯·托马斯 Philip Francis Thomas 
纳瓦霍人 Navajo 
西属尼德兰 Spanish Netherlands 
杨程 Yang Cheng 
华斯利斯·托路斯迪斯 Waslis Torusdis 
奥托·海因里希·瓦尔堡 Otto Heinrich Warburg 
索尔斯泰因·帕尔松 Solstein Palsson 
乔治·米德 George Mead 
卡莱尔 Carlisle 
安德拉尼克·泰穆里安 Andranic Temurian 
瓦迪斯瓦夫·西科尔斯基 Władysław Sikorski 
塞缪尔·d·英厄姆 Samuel D. Ingham 
保罗·奥尼尔 Paul O'Neill 
威尔·查恩 Will Charn 
奇里夫·李察 Chiriff Richard 
里克·卡莱尔 Rick Carlisle 
马斯特里赫特 Maastricht 
金钢狼 Wingswolf 
马克斯·舍勒 Max Scheler 
罗纳德·费雪 Ronald Fisher 
米哈伊尔·伊万诺维奇·加里宁 Mikhail Ivanovich Kalinin 
巴达 Bada 
张禧嫔 Zhang Xibing 
德川氏 Tokugawa 
李锡尼 Li Xini 
法兰斯高·查维亚·洛迪古斯 Franco Chavia Rodriguez 
马哈兹尔卡立 Mahazil Khali 
沼津市 Numazu City 
吉姆·里施 Jim Risch 
侯赛因·希勒米帕夏 Hussein Hillemi Pasha 
莱舍克·米莱尔 Lesek Miller 
保罗·埃伦费斯特 Paul Ellenfest 
罗兰达斯·帕克萨斯 Rolandas Paxas 
艾德·马基 Ed Markey 
自卫队 Self-Defense Force 
幽巡者 Secluded 
马里奥·加夫拉诺维奇 Mario Gavranovic 
芭芭拉·库班 Barbara Cuban 
讪耶·探玛塞 Sanye Tamase 
蒂姆·克鲁尔 Tim Cruel 
罗志恩 Luo Zhien 
杜家毫 Du Jiahao 
伊万·洛吉诺维奇·戈列梅金 Ivan Loginovich Goremekin 
阿尔弗雷德·莫伊休 Alfred Mohihu 
菲利普·罗斯勒 Philip Rosler 
穆娜·侯赛因 Muna Hussein 
拉姆·巴兰·亚达夫 Ram Baran Yadav 
蔡其昌 Cai Qichang 
巴布亚新几内亚 Papua New Guinea 
帕特·亨格尔 Pat Hengel 
伍德罗·威尔逊 Woodrow Wilson 
迈克尔·穆凯西 Michael Mukesi 
曼尼托巴 Manitoba 
凯莉·珍娜 Kelly Jenna 
费尔南多·恩里克·卡多佐 Fernando Enrique Cardoso 
格洛斯特郡 Gloucestershire 
涪陵区 Fuling District 
马库斯·贝里 Marcus Berry 
凯文·杜兰特 Kevin Durant 
卡福 Cafu 
俾路支语 Baluchi 
林恩·博伊德 Lynn Boyd 
穆斯塔法·凯末尔·阿塔图尔克 Mustafa Kemal Ataturk 
马可·杰生 Marco Jason 
杰伊·卡尼 Jay Carney 
苗易彬 Miao Yibin 
达里奥·孔卡 Dario Conca 
罗克·儒尼奥尔 Roque Junior 
卢卡·莫德里奇 Luka Modric 
马里奥·巴洛特利 Mario Balotelli 
帕维尔·内德维德 Pavel Nedved 
奥古斯托·拉德马克 Augusto Radmark 
比利亚霍约萨 Villajoyosa 
刘念溢 Liu Nianyi 
卡路士·沙斯度 Carlos Sasdu 
司徒拔 Stubbs 
特兰基洛·巴内塔 Tranquilo Barnetta 
阿里·穆罕默德·穆贾瓦尔 Ali Muhammad Mujawar 
谢尔盖·谢苗诺维奇·苏比雅宁 Sergei Semenovich Subyanin 
厦门市 Xiamen City 
塔米·鲍德温 Tammy Baldwin 
康斯坦丁·沙里恩洛夫 Konstantin Sharienlov 
罗斯汀·格里菲斯 Rostin Griffith 
约翰·m·贝里恩 John M. Berion 
库尔特·勒温 Kurt Lewin 
奥托·格罗提渥 Otto Grotivo 
大分县 Oita Prefecture 
克里斯蒂安·马乔 Christian Maggio 
彼得·威廉·波塔 Peter William Porta 
米利沃耶·诺瓦科维奇 Milivoje Novakovic 
埃兹奎尔·拉维齐 Ezquel Lavezi 
普利茅斯 Plymouth 
金亨镒 Kim Hyung Yee 
鲁本·巴拉哈 Ruben Baraja 
佐迪·艾巴 Zodi Alba 
莱因哈德·海德里希 Reinhard Heydrich 
王长庆 Wang Changqing 
布鲁斯特·卡利 Brewster Carley 
博登湖 Lake Constance 
烧津市 Yaizu City 
銮披汶·颂堪 Luang Phibun Songkham 
杰克逊·马丁内斯 Jackson Martinez 
佐治奥斯·森马拉斯 Georges Sammaras 
利昂内尔·梅西 Lionel Messi 
古斯塔夫·基尔霍夫 Gustav Kirchhoff 
吴钊燮 Wu Zhaoxie 
马鞍山市 Maanshan City 
罗塞尼亚语 Rossenian 
阿列克谢·尼古拉耶维奇·罗曼诺夫 Alexei Nikolayevich Romanov 
苏西洛·班邦·尤多约诺 Susilo Bambang Yudhoyono 
汪强 Wang Qiang 
强尼·邦蓝 Johnny Bonlan 
赖斯·麦保希 Rice McBoochy 
林祖嘉 Lin Zujia 
阿卜杜拉·居尔 Abdullah Gul 
岛田市 Shimada City 
诺丁汉郡 Nottinghamshire 
中世纪拉丁语 Medieval Latin 
科洛·图雷 Chloe Touré 
level3 level3 
杉并区 Suginami District 
奕𫟡 Yi 𫟡 
哈里斯·舍费洛维奇 Harris Shefelovic 
查尔斯·利伯 Charles Lieber 
切尔滕纳姆 Cheltenham 
塞巴斯蒂安·科茨 Sebastian Coates 
乌戈·坎帕尼亚罗 Hugo Campanaro 
约翰·b·韦勒 John B. Weller 
路易·b·纳恩 Louis B Nunn 
张五常 Zhang Wuchang 
天奴·哥斯达 Tino Costa 
瑟罗克 Throk 
秦海璐 Qin Hailu 
堂·德里罗 Don Delillo 
吉恩·马库恩 Gene Makuen 
哈德姆·阿里帕夏 Hadham Ali Pasha 
萨姆·布朗巴克 Sam Brownback 
努尔·白克力 Noor Bekley 
查利·贝克 Charlie Baker 
金甫炅 Jin Fu Jiong 
胡斯托·比利亚尔 Justo Villar 
格奥尔基·季米特洛夫 Georgi Dimitrov 
麦克·柯瑞柏 Mike Kriber 
珍妮·希普利 Jenny Shipley 
佩特尔·姆拉德诺夫 Petel Mladenov 
米格-21战斗机 MiG-21 fighter 
艾哈迈德·奥亚希亚 Ahmed Oyahya 
霍克斯伯里市 Hawkesbury 
单立文 Shan Liwen 
弗拉基米尔·亚历山德罗维奇 Vladimir Alexandrovich 
安杰洛·奥邦纳 Angelo Obona 
魔数41 Sum 41 
安大略自由党 Ontario Liberal Party 
查尔斯·e·温特 Charles E. Winter 
夏烧雅 Xia Shaoya 
理查一世 Richard I 
罗伯托·塞韦罗 Roberto Severo 
姆拉登·克尔斯塔伊奇 Mladen Krstajic 
乔丹·阿尤 Jordan Ayou 
皮耶·布迪厄 Pierre Bourdieu 
费利佩·纳斯尔 Felipe Nasr 
李逸洋 Li Yiyang 
穆罕默德·布迪亚夫 Mohamed Budiaf 
玉泽演 Yu Zeyan 
庹震 Tuo Zhen 
东口顺昭 Dongkou Shunzhao 
安提阿 Antioch 
伊西多·拉比 Isido Rabbi 
梁从诫 Liang Congjie 
特库摩 Tecumo 
列夫·达维多维奇·托洛茨基 Lev Davidovich Trotsky 
林嘉欣 Lin Jiaxin 
阿尔吉尔达斯·布拉藻斯卡斯 Algierdas Brazaskas 
江若琳 Jiang Ruolin 
安沛省 Yen Bai 
大卫·阿拉巴 David Alaba 
弗朗切斯科·托尔多 Francesco Toldo 
翁贝托·德·阿伦卡尔·卡斯特略·布朗库 Umberto de Alencar Castello Branco 
艾达顿·荷西·杜斯·山度士·菲略 Adaton Jose Dos Santos Filho 
modula-2 module-2 
司马懿 Sima Yi 
奇连·丹普西 Chill Dempsey 
菲德尔·卡斯特罗 Fidel Castro 
罗勃·席勒 Rob Schiller 
艾特米拿华卡默德林足球会 Atmina Waka Modlin Football Club 
苏-30战斗机 Su-30 fighter 
李毓芬 Li Yufen 
无锡话 Wuxi dialect 
盖迪克·艾哈迈德帕夏 Gedik Ahmed Pasha 
路易斯·冯·安 Louis von An 
杰夫·默克利 Jeff Merkley 
林尚义 Lin Shangyi 
尼古拉·尼古拉耶维奇·克列斯京斯基 Nikolai Nikolaevich Krestinsky 
大卫·特雷泽盖 David Trezeguet 
埃尔温·薛定谔 Erwin Schrödinger 
日喀则市 Shigatse 
阿瑟·科恩伯格 Arthur Kornberg 
熊本县 Kumamoto Prefecture 
鲁炜 Lu Wei 
宋尧讃 Song Yaopan 
腓特烈·威廉一世 Frederick William I 
苏荣 Su Rong 
迈克尔·马龙 Michael Malone 
阿方索·佩纳 Alfonso Pena 
布尔汉丁·哈拉哈普 Burhandin Harahap 
斯劳 Slough 
阿恩·邓肯 Arne Duncan 
迈克尔·穆尔 Michael Moore 
肯尼思·霍尔 Kenneth Hall 
理查德·道金斯 Richard Dawkins 
杰克·绍斯塔克 Jack Shostak 
让·卡西米尔-佩里埃 Jean Casimir-Perrier 
史堤芬·贝格晓斯 Stephen Bergschuss 
史蒂夫·麦克马纳曼 Steve McManaman 
郑耀棠 Zheng Yaotang 
洪喆 Hong Zhe 
皮普兰日 Piplange 
纳比勒·阿拉比 Nabil Arabi 
瓦茨拉夫·克劳斯 Vaclav Klaus 
李立三 Li Lisan 
塞尼雅德·伊布里希奇 Seniyad Ibrich 
何塞·德·圣马丁 Jose de San Martin 
郑秀文 Zheng Xiuwen 
炳·廷素拉暖 Bing Tinsuranon 
阿伊努语 Ainu 
河狸 beaver 
赫拉克洛纳斯 Herakronas 
冲绳语 Okinawan 
亚历山大·萨米多夫 Alexander Samidov 
托马什·罗西基 Tomas Rosicky 
迈克尔·阿蒂亚 Michael Attia 
西格玛尔·加布里尔 Sigmar Gabriel 
宾夕法尼亚德语 Pennsylvania German 
托马斯·哈代 Thomas Hardy 
菏泽市 Heze City 
埃德温·麦克米伦 Edwin Macmillan 
法比奥·干查奥 Fabio Ganchao 
圣奥尔本斯市 St Albans 
洛特·m·莫里尔 Lot M. Morrill 
利亚米纳·泽鲁阿勒 Liamina Zerouale 
莱顿·拜恩斯 Leighton Bynes 
雅各布·波尔森 Jacob Poulsen 
李惠宗 Li Huizong 
约翰·布雷肯里奇 John Breckenridge 
崔维·麦考伊 Trevi McCoy 
川崎区 Kawasaki Ward 
阿里·费特希·奥克亚尔 Ali Fethi Okyar 
保罗·瓦安那斯·古利法 Paul Vaanas Gulifa 
金朝 Jin Dynasty 
盎格鲁-诺曼语 Anglo-Norman 
玻丹·帕琴斯基 Bodan Paczynski 
法赫里·科鲁蒂尔克 Fahri Kruturk 
扬·安东内斯库 Jan Antonescu 
濑户市 Seto City 
廖柏嘉 Liao Baijia 
肥东县 Feidong County 
弗兰克·a·巴雷特 Frank A. Barrett 
邬达克 Wudak 
马库斯·格赖纳 Marcus Greiner 
甄妮 Zhen Ni 
托马斯·亨利·赫胥黎 Thomas Henry Huxley 
布拉德·帕斯利 Brad Pasley 
宫城县 Miyagi Prefecture 
查尔斯·w·费尔班克斯 Charles W. Fairbanks 
姜西 Jiang Xi 
迪亚高·哥斯达 Diago Costa 
布鲁斯·戈尔丁 Bruce Golding 
杰曼·杰克森 Germaine Jackson 
阿尔斯特省 Ulster 
盖德·穆勒 Ged Muller 
肇庆市 Zhaoqing 
互联网档案馆 Internet Archive 
雅克·罗格 Jacques Rogge 
斯坦格里姆·赫尔曼松 Stangrim Hermansson 
佛蒙特州 Vermont 
普罗泰戈拉 Protagora 
哈得斯 Hades 
索拉勒 Solal 
米格尔·维罗索 Miguel Veloso 
罗纳德·李维斯特 Ronald Levister 
淮北市 Huaibei City 
哈勒姆 Hallam 
阿斯米尔·贝戈维奇 Asmir Begovic 
巴尔萨泽·约翰内斯·沃斯特 Balthazar Johannes Worst 
爱德华·巴比乌赫 Edward Babiuch 
丹尼尔·阿格 Daniel Agger 
黄敬 Huang Jing 
普雷桑日 Presange 
安德鲁·费希尔 Andrew Fisher 
高萩洋次郎 Yojiro Takahagi 
赫斯提亚 Hestia 
锡伯语 Sibe 
奥米利奥·梅迪西 Omilio Medici 
壮语 Zhuang 
高桥南 Takahashi Minami 
约瑟琳·贝尔·伯奈尔 Josephine Bell Bernell 
丹瑞 Than Shwe 
马哈茂德·贾姆 Mahmoud Jam 
约翰·莱昂内尔·科特拉瓦拉 John Lionel Cotravala 
吴健雄 Wu Jianxiong 
娜塔莉·本内特 Natalie Bennett 
詹姆仕·布朗特 James Blunt 
约翰·s·沃尔德 John S. Wald 
玫瑰碗 Rose bowl 
红木城 Redwood City 
李克勤 Li Keqin 
李正信 Li Zhengxin 
雷杰普·塔伊普·埃尔多安 Recep Tayyip Erdogan 
纳塞尔·查德利 Nasser Chadley 
卡斯帕·博格伦德 Caspar Berglund 
德米特里·季莫费耶维奇·亚佐夫 Dmitry Timofeyevich Yazov 
法比安·巴特兹 Fabian Batz 
东姑阿都拉曼 Tunku Abdul Rahman 
叶戈尔·盖达尔 Yegor Gaidar 
马克·奥维马斯 Mark Ovimas 
林铣十郎 Senjuro Hayashi 
伊捷尔缅族 Itermen 
奥法利郡 Offaly 
亨利·佩勒姆 Henry Pelham 
费伏·森明顿 Pfeiffer Sumington 
no3b croak 
保罗·亨廷顿 Paul Huntington 
霍斯特·克勒 Horst Keller 
丹尼尔·克莱普纳 Daniel Klepner 
尚达曼 Shandaman 
弗拉迪斯拉夫·洛克文茨 Vladislav Rockwenz 
耶日·杜德克 Jerzy Dudek 
阿瑟·米恩 Arthur Mein 
吕良伟 Lu Liangwei 
乌尔苏拉·冯德莱恩 Ursula Vonderlein 
劳米·拉佩斯 Noomi Lapace 
马泰伊·维德拉 Mattei Vidra 
奥格宁·武科耶维奇 Ognin Vukojevic 
astro欢喜台 astro joy station 
凯特·贝琴萨 Kate Beckinsale 
李升烈 Li Shenglie 
挪威杯 Norway Cup 
亚里·利特马宁 Yari Litmanen 
汶莱 Brunei 
杨文明 Yang Wenming 
生驹市 Ikoma City 
威廉·塞缪尔·约翰逊 William Samuel Johnson 
马克·贝吉奇 Mark Begic 
历卡斯·柏达臣 Likas Paterson 
西加里曼丹省 West Kalimantan 
尼古拉·米哈伊洛夫 Nikolai Mikhailov 
神韵合唱团 Shen Yun Chorus 
卡拉巴克足球会 Karabac Football Club 
奥利弗·吉鲁 Oliver Giroud 
谢尔盖·米哈伊洛维奇·米罗诺夫 Sergei Mikhailovich Mironov 
劳伦斯·斯特恩 Lawrence Stern 
新潟市 Niigata City 
湛江市 Zhanjiang 
多摩市 Tama City 
莱昂·甘必大 Leon Gambetta 
郑秀妍 Jessica Jung 
本杰明·威廉斯·克劳宁希尔德 Benjamin Williams Croninhild 
莱昂哈德·欧拉 Leonhard Euler 
细川护熙 Hosokawa 
黑镇市 Black town 
葡属帝汶 Portuguese Timor 
米尔-侯赛因·穆萨维 Mir-Hussein Mousavi 
勒内·维维亚尼 Rene Viviani 
北濑佳范 Kitase Kafan 
雅各布·祖玛 Jacob Zuma 
林赛·格雷姆 Lindsay Graham 
大卫·迪基亚 David De Gea 
丹尼尔·法拉第 Daniel Faraday 
雅尼奥·奎德罗斯 Yanio Quedros 
马里奥·德拉吉 Mario Draghi 
杰森·戴维森 Jason Davidson 
马利克·曼苏尔·米尔扎·邵·萨尔坦纳 Malik Mansour Mirza Shao Saltana 
霍恩·久洛 Horn Gyula 
卡尔·弗里德里希·高斯 Karl Friedrich Gauss 
斯蒂文·德弗尔 Steven Dever 
伯纳斯特·塔尔顿 Bernard Talton 
阿里·哈比卜·马哈茂德 Ali Habib Mahmoud 
坎伯兰语 Cumberland 
拉法埃尔·马克斯 Rafael Max 
凯特琳·詹纳 Caitlin Jenner 
汕尾市 Shanwei City 
德奥多罗·达·丰塞卡 Deodoro da Fonseca 
伊格尔·图多尔 Eagle Tudor 
杜米·祖历 Dumy Zuli 
麦克·欧菲尔德 Mike Oldfield 
储波 Chubo 
席梦娜·西蒙斯 Simmona Simmons 
康斯坦丁·米佐塔基斯 Konstantin Mizotakis 
施拉乌里奥·苏亚雷斯·山齐士 Shiraulio Suarez Sanzis 
库尔特·冯内古特 Kurt Vonnegut 
江门市 Jiangmen 
拉巴赫·比塔特 Rabah Bitat 
卡莱斯·普约尔 Carles Puyol 
何塞·路易斯·罗德里格斯·萨帕特罗 Jose Luis Rodriguez Zapatero 
葡萄牙杯 Portuguese Cup 
波图足球会b队 Portugal Football Club B Team 
波音787 Boeing 787 
迪恩·怀特黑德 Dean Whitehead 
婉容 Wan Rong 
河滨县 Riverside County 
谭咏麟 Alan Tam 
黛比·菲希尔 Debbie Fisher 
汤姆·提力斯 Tom Tillis 
冰岛语 Icelandic 
南梦宫 Namco 
彭雪玲 Peng Xueling 
艾哈迈德·沙·巴哈杜尔 Ahmed Sha Bahadur 
布雷克·罗斯 Blake Rose 
萨拉高·迪迪 Sarago Didi 
沃特·吉尔伯特 Walter Gilbert 
阿龙·伯尔 Aaron Burr 
鲁道夫·赫斯 Rudolf Hess 
郭金龙 Guo Jinlong 
齐切瓦语 Chichewa 
霍斯希亚尔普尔 Hoshiarpur 
乔尔·罗伯茨·波因塞特 Joel Roberts Poinsett 
若昂·卡费·菲略 Joao Cafe Filho 
布列塔尼语 Breton 
伊斯兰国 Islamic State 
塞缪尔·奥斯古德 Samuel Osgood 
格兰岱尔 Glendale 
特雷·库尔 Trey Coul 
卡比耶语 Kabiye 
白鹡鸰 White Wagtail 
道格·里弗斯 Doug Rivers 
圣文德 Saint Bonaventure 
英属维尔京群岛 The British Virgin Islands 
图瓦语 Tuva 
罗伦·哥斯尼 Lauren Gosny 
曼西语 Mansi 
彭欣力 Peng Xinli 
ss501 ss501 
马高斯·卢祖 Marcos Luzu 
茱莉亚·克莉斯蒂娃 Julia Kristeva 
伊斯法罕省 Isfahan Province 
爱·天使·音乐·宝贝 Love·Angel·Music·Baby 
塞萨尔·阿斯皮利奎塔 Cesar Aspilicueta 
理查德·斯托曼 Richard Stallman 
费迪南德·马科斯 Ferdinand Marcos 
邓家佳 Deng Jiajia 
大卫·珀杜 David Perdue 
玛利亚·弗拉基米洛夫娜 Maria Vladimirovna 
格蕾丝·凯利 Grace Kelly 
卡莉·费奥丽娜 Carly Fiorina 
鼓打贝斯 Drum bass 
尼夫赫语 Nifkh 
捷德·雷蒙德 Jade Raymond 
贾朗达尔 Jalandhar 
胡启立 Hu Qili 
沃顿商学院 Wharton School of Business 
宿雾语 Cebuano 
曹奂 Cao Huan 
三星galaxy_s4 Samsung galaxy_s4 
皮埃尔·维尔纳 Pierre Werner 
谢苗·米哈伊洛维奇·布琼尼 Semyon Mikhailovich Budjoni 
安妮特·奥尔森 Annette Olsen 
宫前区 Gongqian District 
安迪·高域 Andy Highland 
毛岸青 Mao Anqing 
维尼·琼斯 Pooh Jones 
保罗·亚历山德罗维奇 Paul Alexandrovich 
鄞州区 Yinzhou District 
阿克塞尔·维特塞尔 Axel Witsel 
拉米兹·阿利雅 Ramiz Aliyah 
任容萱 Ren Rongxuan 
内志苏丹国 Sultanate 
弗兰克·o·霍顿 Frank O. Horton 
安华 Anwar 
英格丽·褒曼 Ingrid Bergman 
泰瑞斯·吉布森 Tyrese Gibson 
让·迪贝利 Jean Dubeli 
奥文尼-隆-阿尔卑斯 Ovenny-Rhone-Alpes 
金寿焕 Jin Shouhuan 
安德尔·埃雷拉 Ander Herrera 
杰克·雷恩 Jack Lane 
玉置成实 Tamaki Nami 
箱根町 Hakone Town 
凯文·费吉 Kevin Feggy 
惠普 HP 
埃里克·帕尔塔鲁 Eric Paltaru 
黄美英 Huang Meiying 
布鲁诺·马尔斯 Bruno Mars 
凯莉·罗兰 Kelly Rowland 
黎德英 Li Deying 
所泽市 Tokorozawa 
小泽雄希 Yuki Ozawa 
卡洛斯·维拉 Carlos Villa 
宗喀语 Tsongkha 
日野市 Hino City 
尼敦·般斯 Nedon Bass 
约翰·卡文迪许勋爵 Lord John Cavendish 
威廉·奥康奈尔·布拉德利 William O'Connell Bradley 
普拉特河 Platte River 
古教会斯拉夫语 Old Church Slavic 
平冢市 Hiratsuka City 
伊儿汗国 Iraqi Khanate 
鲍勃·麦克唐纳 Bob McDonald 
木雅语 Muya 
阿迪格语 Adygea 
明光宗 Ming Guangzong 
第谷·布拉赫 Tycho Brahe 
隋文帝 Emperor Wen of the Sui Dynasty 
金星焕 Jin Xinghuan 
彼得·内恰斯 Peter Nechas 
杨澜 Yang Lan 
约翰·阿伯特 John Abbott 
言承旭 Jerry Yan 
阿利坎特省 Alicante 
乌尔奇人 Urchi 
卡拉泰乌德 Karateud 
范文茶 Fan Wencha 
兹比格涅夫·布热津斯基 Zbigniew Brzezinski 
毛福梅 Mao Fumei 
约瑟夫·平科夫斯基 Joseph Pinkowski 
卡洛郡 Carlow County 
白语 Baiyu 
黄晓明 Huang Xiaoming 
马西莫·安布罗西尼 Massimo Ambrosini 
石川县 Ishikawa Prefecture 
蒙哥马利·布莱尔 Montgomery Blair 
富安省 Phu An Province 
达德利·森纳那亚克 Dudley Senanayake 
普米语 Pumi 
吉格曼塔斯·巴尔齐季斯 Gigmantas Balzidis 
勃兰登堡 Brandenburg 
格恩迪·塔塔科夫斯基 Gendi Tatakovsky 
尼古拉·卢津 Nicolas Luzin 
艾美利安奴·恩素亚 Emiliano Ensuya 
歼-7 J-7 
萨克森自由州 Free State of Saxony 
塞亚德·萨利霍维奇 Said Salihovic 
法比奥·奥雷利奥 Fabio Aurelio 
里克·桑托勒姆 Rick Santorum 
基哥利·云达伟 Kigori Wunderwei 
金昭訚 Jin Zhaoxu 
捷西斯·拿华斯 Jesse Navas 
意大利裔加拿大人 Italian Canadian 
米高·施巴布亚 Michael Shibabuya 
乔杜里·舒贾特·侯赛因 Chowdhury Shujat Hussein 
理查德·蒙塔古 Richard Montagu 
卢卡斯·拉迪比 Lucas Radbie 
铃木cultus Suzuki cultus 
绍治帝 Emperor Shao 
帕特·图米 Pat Toumi 
罗穆阿尔多·帕切科 Romualdo Pacheco 
阿尔泰语 Altaic 
梅迪纳塞利 Medinaceli 
东海县 Donghai County 
黎可漂 Li Ke Piao 
阿列克谢·别列祖茨基 Alexei Berezutski 
北罗德西亚 North Rhodesia 
圣达菲独立队 Santa Fe Independence 
阿里·阿卜杜拉·艾尤卜 Ali Abdullah Ayyub 
费迪南·福煦 Ferdinand Foch 
李光川 Li Guangchuan 
萨福克郡 Suffolk 
威廉·惠灵顿·科利特 William Wellington Collett 
迈克尔·柯林斯 Michael Collins 
周浩鼎 Zhou Haoding 
约翰·霍普克洛夫特 John Hopcroft 
伊斯拉埃尔·盖尔范德 Islael Gelfand 
约翰·迪芬贝克 John Diefenbaker 
米哈伊尔·亚历山德罗维奇·巴枯宁 Mikhail Alexandrovich Bakunin 
佐藤勇人 Yuto Sato 
李香琴 Li Xiangqin 
马尔科·多纳代尔 Marco Donaldell 
夏琳·维德士托 Charlene Vidtor 
佟丽娅 Tong Liya 
梧州市 Wuzhou 
Traceback (most recent call last):
  File "/root/mo/translate/exp01.py", line 26, in <module>
    zh2en_dict = get_zh2en("./data/zh2en")
  File "/root/mo/translate/exp01.py", line 19, in get_zh2en
    word_en_text =  translator.translate(word_zh_text, lang_tgt='en')
  File "/root/anaconda3/lib/python3.8/site-packages/google_trans_new/google_trans_new.py", line 188, in translate
    raise e
  File "/root/anaconda3/lib/python3.8/site-packages/google_trans_new/google_trans_new.py", line 152, in translate
    response = json.loads(response)
  File "/root/anaconda3/lib/python3.8/json/__init__.py", line 357, in loads
    return _default_decoder.decode(s)
  File "/root/anaconda3/lib/python3.8/json/decoder.py", line 337, in decode
    obj, end = self.raw_decode(s, idx=_w(s, 0).end())
  File "/root/anaconda3/lib/python3.8/json/decoder.py", line 353, in raw_decode
    obj, end = self.scan_once(s, idx)
json.decoder.JSONDecodeError: Expecting ',' delimiter: line 1 column 41 (char 40)
